16:59:07 **** Clean-only build of project ca9_0_bsp ****
16:59:07 **** Clean-only build of configuration Default for project tExc08 ****
make -k clean 
make clean 
make: Nothing to be done for 'clean'.
16:59:10 **** Build of project ca9_0_bsp ****
make -k all 
'Finished building libraries'
16:59:50 **** Build of configuration Default for project tExc08 ****
make all 
make[1]: Entering directory 'D:/fmp3_zybo_z7_gcc+tecs/target/zybo_z7_gcc/xilinx_sdk/tExc08'
make[1]: 'kernel_cfg.h' is up to date.
make[1]: 'offset.h' is up to date.
ruby ../../../../cfg/cfg.rb --pass 3 --kernel fmp -O -I. -I../../../../include  -I../../../../target/zybo_z7_gcc -I../../../../arch/arm_gcc/zynq7000 -I../../../../arch/arm_gcc/common -I../../../../arch/gcc -I../../../.. -I../../../../sample -I./gen -I../../../../tecs_kernel -I../../../../tecsgen/tecs -I../../../../tecsgen/tecs/rpc -T ../../../../target/zybo_z7_gcc/target_check.trb \
			--rom-symbol fmp.syms --rom-image fmp.srec
make[1]: Leaving directory 'D:/fmp3_zybo_z7_gcc+tecs/target/zybo_z7_gcc/xilinx_sdk/tExc08'
process_begin: CreateProcess(NULL, ruby ../../../../cfg/cfg.rb --pass 3 --kernel fmp -O -I. -I../../../../include -I../../../../target/zybo_z7_gcc -I../../../../arch/arm_gcc/zynq7000 -I../../../../arch/arm_gcc/common -I../../../../arch/gcc -I../../../.. -I../../../../sample -I./gen -I../../../../tecs_kernel -I../../../../tecsgen/tecs -I../../../../tecsgen/tecs/rpc -T ../../../../target/zybo_z7_gcc/target_check.trb --rom-symbol fmp.syms --rom-image fmp.srec, ...) failed.
make (e=2): 指定されたファイルが見つかりません。

make[1]: *** [Makefile:471: check.timestamp] Error 2
make: *** [Makefile:238: all] Error 2
16:59:52 **** Incremental Build of configuration Default for project sample1 ****
make all 
make: Nothing to be done for 'all'.
16:59:52 **** Incremental Build of configuration Default for project ca9_1 ****
make all 
cmd.exe /C copy ..\sample1\fmp.elf .
        1 個のファイルをコピーしました。
17:00:54 **** Incremental Build of configuration Default for project tExc08 ****
make all 
make[1]: Entering directory 'D:/fmp3_zybo_z7_gcc+tecs/target/zybo_z7_gcc/xilinx_sdk/tExc08'
make[1]: 'kernel_cfg.h' is up to date.
make[1]: 'offset.h' is up to date.
ruby ../../../../cfg/cfg.rb --pass 3 --kernel fmp -O -I. -I../../../../include  -I../../../../target/zybo_z7_gcc -I../../../../arch/arm_gcc/zynq7000 -I../../../../arch/arm_gcc/common -I../../../../arch/gcc -I../../../.. -I../../../../sample -I./gen -I../../../../tecs_kernel -I../../../../tecsgen/tecs -I../../../../tecsgen/tecs/rpc -T ../../../../target/zybo_z7_gcc/target_check.trb \
			--rom-symbol fmp.syms --rom-image fmp.srec
process_begin: CreateProcess(NULL, ruby ../../../../cfg/cfg.rb --pass 3 --kernel fmp -O -I. -I../../../../include -I../../../../target/zybo_z7_gcc -I../../../../arch/arm_gcc/zynq7000 -I../../../../arch/arm_gcc/common -I../../../../arch/gcc -I../../../.. -I../../../../sample -I./gen -I../../../../tecs_kernel -I../../../../tecsgen/tecs -I../../../../tecsgen/tecs/rpc -T ../../../../target/zybo_z7_gcc/target_check.trb --rom-symbol fmp.syms --rom-image fmp.srec, ...) failed.
make (e=2): 指定されたファイルが見つかりません。
make[1]: Leaving directory 'D:/fmp3_zybo_z7_gcc+tecs/target/zybo_z7_gcc/xilinx_sdk/tExc08'

make[1]: *** [Makefile:471: check.timestamp] Error 2
make: *** [Makefile:238: all] Error 2
17:00:56 **** Incremental Build of configuration Default for project sample1 ****
make all 
make: Nothing to be done for 'all'.
17:00:56 **** Incremental Build of configuration Default for project ca9_1 ****
make all 
cmd.exe /C copy ..\sample1\fmp.elf .
        1 個のファイルをコピーしました。
18:13:08 **** Incremental Build of configuration Default for project sample1 ****
make all 
make: Nothing to be done for 'all'.
18:13:09 **** Incremental Build of configuration Default for project ca9_1 ****
make all 
cmd.exe /C copy ..\sample1\fmp.elf .
        1 個のファイルをコピーしました。
18:13:09 **** Incremental Build of configuration Default for project exc08 ****
make all 
make: Nothing to be done for 'all'.
18:16:36 **** Incremental Build of configuration Default for project tExc08 ****
make all 
make[1]: Entering directory 'D:/fmp3_zybo_z7_gcc+tecs/target/zybo_z7_gcc/xilinx_sdk/tExc08'
make[1]: 'kernel_cfg.h' is up to date.
make[1]: 'offset.h' is up to date.
ruby ../../../../cfg/cfg.rb --pass 3 --kernel fmp -O -I. -I../../../../include  -I../../../../target/zybo_z7_gcc -I../../../../arch/arm_gcc/zynq7000 -I../../../../arch/arm_gcc/common -I../../../../arch/gcc -I../../../.. -I../../../../sample -I./gen -I../../../../tecs_kernel -I../../../../tecsgen/tecs -I../../../../tecsgen/tecs/rpc -T ../../../../target/zybo_z7_gcc/target_check.trb \
			--rom-symbol fmp.syms --rom-image fmp.srec
make[1]: Leaving directory 'D:/fmp3_zybo_z7_gcc+tecs/target/zybo_z7_gcc/xilinx_sdk/tExc08'
process_begin: CreateProcess(NULL, ruby ../../../../cfg/cfg.rb --pass 3 --kernel fmp -O -I. -I../../../../include -I../../../../target/zybo_z7_gcc -I../../../../arch/arm_gcc/zynq7000 -I../../../../arch/arm_gcc/common -I../../../../arch/gcc -I../../../.. -I../../../../sample -I./gen -I../../../../tecs_kernel -I../../../../tecsgen/tecs -I../../../../tecsgen/tecs/rpc -T ../../../../target/zybo_z7_gcc/target_check.trb --rom-symbol fmp.syms --rom-image fmp.srec, ...) failed.
make (e=2): 指定されたファイルが見つかりません。

make[1]: *** [Makefile:471: check.timestamp] Error 2
make: *** [Makefile:238: all] Error 2
18:16:38 **** Incremental Build of configuration Default for project sample1 ****
make all 
make: Nothing to be done for 'all'.
18:16:38 **** Incremental Build of configuration Default for project ca9_1 ****
make all 
cmd.exe /C copy ..\sample1\fmp.elf .
        1 個のファイルをコピーしました。
18:18:32 **** Incremental Build of configuration Default for project tExc08 ****
make all 
make[1]: Entering directory 'D:/fmp3_zybo_z7_gcc+tecs/target/zybo_z7_gcc/xilinx_sdk/tExc08'
make[1]: 'kernel_cfg.h' is up to date.
make[1]: 'offset.h' is up to date.
ruby ../../../../cfg/cfg.rb --pass 3 --kernel fmp -O -I. -I../../../../include  -I../../../../target/zybo_z7_gcc -I../../../../arch/arm_gcc/zynq7000 -I../../../../arch/arm_gcc/common -I../../../../arch/gcc -I../../../.. -I../../../../sample -I./gen -I../../../../tecs_kernel -I../../../../tecsgen/tecs -I../../../../tecsgen/tecs/rpc -T ../../../../target/zybo_z7_gcc/target_check.trb \
			--rom-symbol fmp.syms --rom-image fmp.srec
make[1]: Leaving directory 'D:/fmp3_zybo_z7_gcc+tecs/target/zybo_z7_gcc/xilinx_sdk/tExc08'
process_begin: CreateProcess(NULL, ruby ../../../../cfg/cfg.rb --pass 3 --kernel fmp -O -I. -I../../../../include -I../../../../target/zybo_z7_gcc -I../../../../arch/arm_gcc/zynq7000 -I../../../../arch/arm_gcc/common -I../../../../arch/gcc -I../../../.. -I../../../../sample -I./gen -I../../../../tecs_kernel -I../../../../tecsgen/tecs -I../../../../tecsgen/tecs/rpc -T ../../../../target/zybo_z7_gcc/target_check.trb --rom-symbol fmp.syms --rom-image fmp.srec, ...) failed.
make (e=2): 指定されたファイルが見つかりません。

make[1]: *** [Makefile:471: check.timestamp] Error 2
make: *** [Makefile:238: all] Error 2
18:18:34 **** Incremental Build of configuration Default for project sample1 ****
make all 
make: Nothing to be done for 'all'.
18:18:34 **** Incremental Build of configuration Default for project ca9_1 ****
make all 
cmd.exe /C copy ..\sample1\fmp.elf .
        1 個のファイルをコピーしました。
18:20:52 **** Incremental Build of configuration Default for project sample1 ****
make all 
make: Nothing to be done for 'all'.
18:20:52 **** Incremental Build of configuration Default for project ca9_1 ****
make all 
cmd.exe /C copy ..\sample1\fmp.elf .
        1 個のファイルをコピーしました。
18:20:53 **** Incremental Build of configuration Default for project exc08 ****
make all 
make: Nothing to be done for 'all'.
18:20:57 **** Incremental Build of configuration Default for project sample1 ****
make all 
make: Nothing to be done for 'all'.
18:20:57 **** Incremental Build of configuration Default for project ca9_1 ****
make all 
cmd.exe /C copy ..\sample1\fmp.elf .
        1 個のファイルをコピーしました。
18:20:57 **** Incremental Build of configuration Default for project exc08 ****
make all 
make: Nothing to be done for 'all'.
18:21:15 **** Incremental Build of configuration Default for project tExc08 ****
make all 
make[1]: Entering directory 'D:/fmp3_zybo_z7_gcc+tecs/target/zybo_z7_gcc/xilinx_sdk/tExc08'
make[1]: 'kernel_cfg.h' is up to date.
make[1]: 'offset.h' is up to date.
ruby ../../../../cfg/cfg.rb --pass 3 --kernel fmp -O -I. -I../../../../include  -I../../../../target/zybo_z7_gcc -I../../../../arch/arm_gcc/zynq7000 -I../../../../arch/arm_gcc/common -I../../../../arch/gcc -I../../../.. -I../../../../sample -I./gen -I../../../../tecs_kernel -I../../../../tecsgen/tecs -I../../../../tecsgen/tecs/rpc -T ../../../../target/zybo_z7_gcc/target_check.trb \
			--rom-symbol fmp.syms --rom-image fmp.srec
make[1]: Leaving directory 'D:/fmp3_zybo_z7_gcc+tecs/target/zybo_z7_gcc/xilinx_sdk/tExc08'
process_begin: CreateProcess(NULL, ruby ../../../../cfg/cfg.rb --pass 3 --kernel fmp -O -I. -I../../../../include -I../../../../target/zybo_z7_gcc -I../../../../arch/arm_gcc/zynq7000 -I../../../../arch/arm_gcc/common -I../../../../arch/gcc -I../../../.. -I../../../../sample -I./gen -I../../../../tecs_kernel -I../../../../tecsgen/tecs -I../../../../tecsgen/tecs/rpc -T ../../../../target/zybo_z7_gcc/target_check.trb --rom-symbol fmp.syms --rom-image fmp.srec, ...) failed.
make (e=2): 指定されたファイルが見つかりません。

make[1]: *** [Makefile:471: check.timestamp] Error 2
make: *** [Makefile:238: all] Error 2
18:21:17 **** Incremental Build of configuration Default for project sample1 ****
make all 
make: Nothing to be done for 'all'.
18:21:17 **** Incremental Build of configuration Default for project ca9_1 ****
make all 
cmd.exe /C copy ..\sample1\fmp.elf .
        1 個のファイルをコピーしました。
18:23:55 **** Incremental Build of configuration Default for project tExc08 ****
make all 
make[1]: Entering directory 'D:/fmp3_zybo_z7_gcc+tecs/target/zybo_z7_gcc/xilinx_sdk/tExc08'
make[1]: 'kernel_cfg.h' is up to date.
make[1]: 'offset.h' is up to date.
ruby ../../../../cfg/cfg.rb --pass 3 --kernel fmp -O -I. -I../../../../include  -I../../../../target/zybo_z7_gcc -I../../../../arch/arm_gcc/zynq7000 -I../../../../arch/arm_gcc/common -I../../../../arch/gcc -I../../../.. -I../../../../sample -I./gen -I../../../../tecs_kernel -I../../../../tecsgen/tecs -I../../../../tecsgen/tecs/rpc -T ../../../../target/zybo_z7_gcc/target_check.trb \
			--rom-symbol fmp.syms --rom-image fmp.srec
process_begin: CreateProcess(NULL, ruby ../../../../cfg/cfg.rb --pass 3 --kernel fmp -O -I. -I../../../../include -I../../../../target/zybo_z7_gcc -I../../../../arch/arm_gcc/zynq7000 -I../../../../arch/arm_gcc/common -I../../../../arch/gcc -I../../../.. -I../../../../sample -I./gen -I../../../../tecs_kernel -I../../../../tecsgen/tecs -I../../../../tecsgen/tecs/rpc -T ../../../../target/zybo_z7_gcc/target_check.trb --rom-symbol fmp.syms --rom-image fmp.srec, ...) failed.
make[1]: Leaving directory 'D:/fmp3_zybo_z7_gcc+tecs/target/zybo_z7_gcc/xilinx_sdk/tExc08'
make (e=2): 指定されたファイルが見つかりません。

make[1]: *** [Makefile:471: check.timestamp] Error 2
make: *** [Makefile:238: all] Error 2
18:23:57 **** Incremental Build of configuration Default for project sample1 ****
make all 
make: Nothing to be done for 'all'.
18:23:57 **** Incremental Build of configuration Default for project ca9_1 ****
make all 
cmd.exe /C copy ..\sample1\fmp.elf .
        1 個のファイルをコピーしました。
18:25:25 **** Incremental Build of configuration Default for project sample1 ****
make all 
make: Nothing to be done for 'all'.
18:25:25 **** Incremental Build of configuration Default for project ca9_1 ****
make all 
cmd.exe /C copy ..\sample1\fmp.elf .
        1 個のファイルをコピーしました。
18:25:25 **** Incremental Build of configuration Default for project exc08 ****
make all 
make: Nothing to be done for 'all'.
18:26:23 **** Incremental Build of configuration Default for project sample1 ****
make all 
make: Nothing to be done for 'all'.
18:26:23 **** Incremental Build of configuration Default for project ca9_1 ****
make all 
cmd.exe /C copy ..\sample1\fmp.elf .
        1 個のファイルをコピーしました。
18:26:24 **** Incremental Build of configuration Default for project exc08 ****
make all 
make: Nothing to be done for 'all'.
18:27:41 **** Incremental Build of configuration Default for project sample1 ****
make all 
make: Nothing to be done for 'all'.
18:27:41 **** Incremental Build of configuration Default for project ca9_1 ****
make all 
cmd.exe /C copy ..\sample1\fmp.elf .
        1 個のファイルをコピーしました。
18:27:42 **** Incremental Build of configuration Default for project exc08 ****
make all 
make: Nothing to be done for 'all'.
18:29:09 **** Incremental Build of configuration Default for project sample1 ****
make all 
make: Nothing to be done for 'all'.
18:29:09 **** Incremental Build of configuration Default for project ca9_1 ****
make all 
cmd.exe /C copy ..\sample1\fmp.elf .
        1 個のファイルをコピーしました。
18:29:10 **** Incremental Build of configuration Default for project exc08 ****
make all 
make: Nothing to be done for 'all'.
18:30:28 **** Incremental Build of configuration Default for project sample1 ****
make all 
make: Nothing to be done for 'all'.
18:30:29 **** Incremental Build of configuration Default for project ca9_1 ****
make all 
cmd.exe /C copy ..\sample1\fmp.elf .
        1 個のファイルをコピーしました。
18:30:29 **** Incremental Build of configuration Default for project exc08 ****
make all 
make: Nothing to be done for 'all'.
18:31:50 **** Incremental Build of configuration Default for project sample1 ****
make all 
make: Nothing to be done for 'all'.
18:31:50 **** Incremental Build of configuration Default for project ca9_1 ****
make all 
cmd.exe /C copy ..\sample1\fmp.elf .
        1 個のファイルをコピーしました。
18:31:54 **** Incremental Build of configuration Default for project exc08 ****
make all 
make: Nothing to be done for 'all'.
18:57:38 **** Incremental Build of configuration Default for project sample1 ****
make all 
make: Nothing to be done for 'all'.
18:57:38 **** Incremental Build of configuration Default for project ca9_1 ****
make all 
cmd.exe /C copy ..\sample1\fmp.elf .
        1 個のファイルをコピーしました。
18:57:42 **** Incremental Build of configuration Default for project exc08 ****
make all 
make: Nothing to be done for 'all'.
20:50:39 **** Incremental Build of configuration Default for project sample1 ****
make all 
make: Nothing to be done for 'all'.
20:50:40 **** Incremental Build of configuration Default for project ca9_1 ****
make all 
cmd.exe /C copy ..\sample1\fmp.elf .
        1 個のファイルをコピーしました。
20:50:40 **** Incremental Build of configuration Default for project exc08 ****
make all 
make: Nothing to be done for 'all'.
20:52:18 **** Incremental Build of configuration Default for project sample1 ****
make all 
make: Nothing to be done for 'all'.
20:52:18 **** Incremental Build of configuration Default for project ca9_1 ****
make all 
cmd.exe /C copy ..\sample1\fmp.elf .
        1 個のファイルをコピーしました。
20:52:21 **** Incremental Build of configuration Default for project exc08 ****
make all 
make: Nothing to be done for 'all'.
20:53:56 **** Incremental Build of configuration Default for project sample1 ****
make all 
make: Nothing to be done for 'all'.
20:53:56 **** Incremental Build of configuration Default for project ca9_1 ****
make all 
cmd.exe /C copy ..\sample1\fmp.elf .
        1 個のファイルをコピーしました。
20:53:59 **** Incremental Build of configuration Default for project exc08 ****
make all 
make: Nothing to be done for 'all'.
20:55:40 **** Incremental Build of configuration Default for project sample1 ****
make all 
make: Nothing to be done for 'all'.
20:55:40 **** Incremental Build of configuration Default for project ca9_1 ****
make all 
cmd.exe /C copy ..\sample1\fmp.elf .
        1 個のファイルをコピーしました。
20:55:40 **** Incremental Build of configuration Default for project exc08 ****
make all 
make: Nothing to be done for 'all'.
20:56:35 **** Incremental Build of configuration Default for project tExc08 ****
make all 
make[1]: Entering directory 'D:/fmp3_zybo_z7_gcc+tecs/target/zybo_z7_gcc/xilinx_sdk/tExc08'
make[1]: 'kernel_cfg.h' is up to date.
make[1]: 'offset.h' is up to date.
ruby ../../../../cfg/cfg.rb --pass 3 --kernel fmp -O -I. -I../../../../include  -I../../../../target/zybo_z7_gcc -I../../../../arch/arm_gcc/zynq7000 -I../../../../arch/arm_gcc/common -I../../../../arch/gcc -I../../../.. -I../../../../sample -I./gen -I../../../../tecs_kernel -I../../../../tecsgen/tecs -I../../../../tecsgen/tecs/rpc -T ../../../../target/zybo_z7_gcc/target_check.trb \
			--rom-symbol fmp.syms --rom-image fmp.srec
make[1]: Leaving directory 'D:/fmp3_zybo_z7_gcc+tecs/target/zybo_z7_gcc/xilinx_sdk/tExc08'
process_begin: CreateProcess(NULL, ruby ../../../../cfg/cfg.rb --pass 3 --kernel fmp -O -I. -I../../../../include -I../../../../target/zybo_z7_gcc -I../../../../arch/arm_gcc/zynq7000 -I../../../../arch/arm_gcc/common -I../../../../arch/gcc -I../../../.. -I../../../../sample -I./gen -I../../../../tecs_kernel -I../../../../tecsgen/tecs -I../../../../tecsgen/tecs/rpc -T ../../../../target/zybo_z7_gcc/target_check.trb --rom-symbol fmp.syms --rom-image fmp.srec, ...) failed.
make (e=2): 指定されたファイルが見つかりません。

make[1]: *** [Makefile:471: check.timestamp] Error 2
make: *** [Makefile:238: all] Error 2
20:56:37 **** Incremental Build of configuration Default for project sample1 ****
make all 
make: Nothing to be done for 'all'.
20:56:37 **** Incremental Build of configuration Default for project ca9_1 ****
make all 
cmd.exe /C copy ..\sample1\fmp.elf .
        1 個のファイルをコピーしました。
20:57:14 **** Incremental Build of configuration Default for project tExc08 ****
make all 
make[1]: Entering directory 'D:/fmp3_zybo_z7_gcc+tecs/target/zybo_z7_gcc/xilinx_sdk/tExc08'
make[1]: 'kernel_cfg.h' is up to date.
make[1]: 'offset.h' is up to date.
ruby ../../../../cfg/cfg.rb --pass 3 --kernel fmp -O -I. -I../../../../include  -I../../../../target/zybo_z7_gcc -I../../../../arch/arm_gcc/zynq7000 -I../../../../arch/arm_gcc/common -I../../../../arch/gcc -I../../../.. -I../../../../sample -I./gen -I../../../../tecs_kernel -I../../../../tecsgen/tecs -I../../../../tecsgen/tecs/rpc -T ../../../../target/zybo_z7_gcc/target_check.trb \
			--rom-symbol fmp.syms --rom-image fmp.srec
process_begin: CreateProcess(NULL, ruby ../../../../cfg/cfg.rb --pass 3 --kernel fmp -O -I. -I../../../../include -I../../../../target/zybo_z7_gcc -I../../../../arch/arm_gcc/zynq7000 -I../../../../arch/arm_gcc/common -I../../../../arch/gcc -I../../../.. -I../../../../sample -I./gen -I../../../../tecs_kernel -I../../../../tecsgen/tecs -I../../../../tecsgen/tecs/rpc -T ../../../../target/zybo_z7_gcc/target_check.trb --rom-symbol fmp.syms --rom-image fmp.srec, ...) failed.
make[1]: Leaving directory 'D:/fmp3_zybo_z7_gcc+tecs/target/zybo_z7_gcc/xilinx_sdk/tExc08'
make (e=2): 指定されたファイルが見つかりません。

make[1]: *** [Makefile:471: check.timestamp] Error 2
make: *** [Makefile:238: all] Error 2
20:57:15 **** Incremental Build of configuration Default for project sample1 ****
make all 
make: Nothing to be done for 'all'.
20:57:16 **** Incremental Build of configuration Default for project ca9_1 ****
make all 
cmd.exe /C copy ..\sample1\fmp.elf .
        1 個のファイルをコピーしました。
20:59:01 **** Incremental Build of configuration Default for project tExc08 ****
make all 
make[1]: Entering directory 'D:/fmp3_zybo_z7_gcc+tecs/target/zybo_z7_gcc/xilinx_sdk/tExc08'
make[1]: 'kernel_cfg.h' is up to date.
make[1]: 'offset.h' is up to date.
ruby ../../../../cfg/cfg.rb --pass 3 --kernel fmp -O -I. -I../../../../include  -I../../../../target/zybo_z7_gcc -I../../../../arch/arm_gcc/zynq7000 -I../../../../arch/arm_gcc/common -I../../../../arch/gcc -I../../../.. -I../../../../sample -I./gen -I../../../../tecs_kernel -I../../../../tecsgen/tecs -I../../../../tecsgen/tecs/rpc -T ../../../../target/zybo_z7_gcc/target_check.trb \
			--rom-symbol fmp.syms --rom-image fmp.srec
make[1]: Leaving directory 'D:/fmp3_zybo_z7_gcc+tecs/target/zybo_z7_gcc/xilinx_sdk/tExc08'
process_begin: CreateProcess(NULL, ruby ../../../../cfg/cfg.rb --pass 3 --kernel fmp -O -I. -I../../../../include -I../../../../target/zybo_z7_gcc -I../../../../arch/arm_gcc/zynq7000 -I../../../../arch/arm_gcc/common -I../../../../arch/gcc -I../../../.. -I../../../../sample -I./gen -I../../../../tecs_kernel -I../../../../tecsgen/tecs -I../../../../tecsgen/tecs/rpc -T ../../../../target/zybo_z7_gcc/target_check.trb --rom-symbol fmp.syms --rom-image fmp.srec, ...) failed.
make (e=2): 指定されたファイルが見つかりません。

make[1]: *** [Makefile:471: check.timestamp] Error 2
make: *** [Makefile:238: all] Error 2
20:59:02 **** Incremental Build of configuration Default for project sample1 ****
make all 
make: Nothing to be done for 'all'.
20:59:03 **** Incremental Build of configuration Default for project ca9_1 ****
make all 
cmd.exe /C copy ..\sample1\fmp.elf .
        1 個のファイルをコピーしました。
21:00:55 **** Incremental Build of configuration Default for project tExc08 ****
make all 
make[1]: Entering directory 'D:/fmp3_zybo_z7_gcc+tecs/target/zybo_z7_gcc/xilinx_sdk/tExc08'
make[1]: 'kernel_cfg.h' is up to date.
make[1]: 'offset.h' is up to date.
ruby ../../../../cfg/cfg.rb --pass 3 --kernel fmp -O -I. -I../../../../include  -I../../../../target/zybo_z7_gcc -I../../../../arch/arm_gcc/zynq7000 -I../../../../arch/arm_gcc/common -I../../../../arch/gcc -I../../../.. -I../../../../sample -I./gen -I../../../../tecs_kernel -I../../../../tecsgen/tecs -I../../../../tecsgen/tecs/rpc -T ../../../../target/zybo_z7_gcc/target_check.trb \
			--rom-symbol fmp.syms --rom-image fmp.srec
process_begin: CreateProcess(NULL, ruby ../../../../cfg/cfg.rb --pass 3 --kernel fmp -O -I. -I../../../../include -I../../../../target/zybo_z7_gcc -I../../../../arch/arm_gcc/zynq7000 -I../../../../arch/arm_gcc/common -I../../../../arch/gcc -I../../../.. -I../../../../sample -I./gen -I../../../../tecs_kernel -I../../../../tecsgen/tecs -I../../../../tecsgen/tecs/rpc -T ../../../../target/zybo_z7_gcc/target_check.trb --rom-symbol fmp.syms --rom-image fmp.srec, ...) failed.
make[1]: Leaving directory 'D:/fmp3_zybo_z7_gcc+tecs/target/zybo_z7_gcc/xilinx_sdk/tExc08'
make (e=2): 指定されたファイルが見つかりません。

make[1]: *** [Makefile:471: check.timestamp] Error 2
make: *** [Makefile:238: all] Error 2
21:00:56 **** Incremental Build of configuration Default for project sample1 ****
make all 
make: Nothing to be done for 'all'.
21:00:57 **** Incremental Build of configuration Default for project ca9_1 ****
make all 
cmd.exe /C copy ..\sample1\fmp.elf .
        1 個のファイルをコピーしました。
21:02:50 **** Incremental Build of configuration Default for project tExc08 ****
make all 
make[1]: Entering directory 'D:/fmp3_zybo_z7_gcc+tecs/target/zybo_z7_gcc/xilinx_sdk/tExc08'
make[1]: 'kernel_cfg.h' is up to date.
make[1]: 'offset.h' is up to date.
ruby ../../../../cfg/cfg.rb --pass 3 --kernel fmp -O -I. -I../../../../include  -I../../../../target/zybo_z7_gcc -I../../../../arch/arm_gcc/zynq7000 -I../../../../arch/arm_gcc/common -I../../../../arch/gcc -I../../../.. -I../../../../sample -I./gen -I../../../../tecs_kernel -I../../../../tecsgen/tecs -I../../../../tecsgen/tecs/rpc -T ../../../../target/zybo_z7_gcc/target_check.trb \
			--rom-symbol fmp.syms --rom-image fmp.srec
process_begin: CreateProcess(NULL, ruby ../../../../cfg/cfg.rb --pass 3 --kernel fmp -O -I. -I../../../../include -I../../../../target/zybo_z7_gcc -I../../../../arch/arm_gcc/zynq7000 -I../../../../arch/arm_gcc/common -I../../../../arch/gcc -I../../../.. -I../../../../sample -I./gen -I../../../../tecs_kernel -I../../../../tecsgen/tecs -I../../../../tecsgen/tecs/rpc -T ../../../../target/zybo_z7_gcc/target_check.trb --rom-symbol fmp.syms --rom-image fmp.srec, ...) failed.
make (e=2): 指定されたファイルが見つかりません。
make[1]: Leaving directory 'D:/fmp3_zybo_z7_gcc+tecs/target/zybo_z7_gcc/xilinx_sdk/tExc08'

make[1]: *** [Makefile:471: check.timestamp] Error 2
make: *** [Makefile:238: all] Error 2
21:02:52 **** Incremental Build of configuration Default for project sample1 ****
make all 
make: Nothing to be done for 'all'.
21:02:52 **** Incremental Build of configuration Default for project ca9_1 ****
make all 
cmd.exe /C copy ..\sample1\fmp.elf .
        1 個のファイルをコピーしました。
22:35:46 **** Incremental Build of configuration Default for project sample1 ****
make all 
make: Nothing to be done for 'all'.
22:35:46 **** Incremental Build of configuration Default for project ca9_1 ****
make all 
cmd.exe /C copy ..\sample1\fmp.elf .
        1 個のファイルをコピーしました。
22:35:47 **** Incremental Build of configuration Default for project exc08 ****
make all 
make: Nothing to be done for 'all'.
22:40:01 **** Incremental Build of configuration Default for project sample1 ****
make all 
make: Nothing to be done for 'all'.
22:40:01 **** Incremental Build of configuration Default for project ca9_1 ****
make all 
cmd.exe /C copy ..\sample1\fmp.elf .
        1 個のファイルをコピーしました。
22:40:02 **** Incremental Build of configuration Default for project exc08 ****
make all 
make: Nothing to be done for 'all'.
22:41:37 **** Incremental Build of configuration Default for project tExc08 ****
make all 
make[1]: Entering directory 'D:/fmp3_zybo_z7_gcc+tecs/target/zybo_z7_gcc/xilinx_sdk/tExc08'
make[1]: 'kernel_cfg.h' is up to date.
make[1]: 'offset.h' is up to date.
ruby ../../../../cfg/cfg.rb --pass 3 --kernel fmp -O -I. -I../../../../include  -I../../../../target/zybo_z7_gcc -I../../../../arch/arm_gcc/zynq7000 -I../../../../arch/arm_gcc/common -I../../../../arch/gcc -I../../../.. -I../../../../sample -I./gen -I../../../../tecs_kernel -I../../../../tecsgen/tecs -I../../../../tecsgen/tecs/rpc -T ../../../../target/zybo_z7_gcc/target_check.trb \
			--rom-symbol fmp.syms --rom-image fmp.srec
process_begin: CreateProcess(NULL, ruby ../../../../cfg/cfg.rb --pass 3 --kernel fmp -O -I. -I../../../../include -I../../../../target/zybo_z7_gcc -I../../../../arch/arm_gcc/zynq7000 -I../../../../arch/arm_gcc/common -I../../../../arch/gcc -I../../../.. -I../../../../sample -I./gen -I../../../../tecs_kernel -I../../../../tecsgen/tecs -I../../../../tecsgen/tecs/rpc -T ../../../../target/zybo_z7_gcc/target_check.trb --rom-symbol fmp.syms --rom-image fmp.srec, ...) failed.
make[1]: Leaving directory 'D:/fmp3_zybo_z7_gcc+tecs/target/zybo_z7_gcc/xilinx_sdk/tExc08'
make (e=2): 指定されたファイルが見つかりません。

make[1]: *** [Makefile:471: check.timestamp] Error 2
make: *** [Makefile:238: all] Error 2
22:41:39 **** Incremental Build of configuration Default for project sample1 ****
make all 
make: Nothing to be done for 'all'.
22:41:40 **** Incremental Build of configuration Default for project ca9_1 ****
make all 
cmd.exe /C copy ..\sample1\fmp.elf .
        1 個のファイルをコピーしました。
22:42:54 **** Incremental Build of configuration Default for project sample1 ****
make all 
make: Nothing to be done for 'all'.
22:42:54 **** Incremental Build of configuration Default for project ca9_1 ****
make all 
cmd.exe /C copy ..\sample1\fmp.elf .
        1 個のファイルをコピーしました。
22:42:55 **** Incremental Build of configuration Default for project exc08 ****
make all 
make: Nothing to be done for 'all'.
22:46:11 **** Incremental Build of configuration Default for project tExc08 ****
make all 
make[1]: Entering directory 'D:/fmp3_zybo_z7_gcc+tecs/target/zybo_z7_gcc/xilinx_sdk/tExc08'
make[1]: 'kernel_cfg.h' is up to date.
make[1]: 'offset.h' is up to date.
ruby ../../../../cfg/cfg.rb --pass 3 --kernel fmp -O -I. -I../../../../include  -I../../../../target/zybo_z7_gcc -I../../../../arch/arm_gcc/zynq7000 -I../../../../arch/arm_gcc/common -I../../../../arch/gcc -I../../../.. -I../../../../sample -I./gen -I../../../../tecs_kernel -I../../../../tecsgen/tecs -I../../../../tecsgen/tecs/rpc -T ../../../../target/zybo_z7_gcc/target_check.trb \
			--rom-symbol fmp.syms --rom-image fmp.srec
make[1]: Leaving directory 'D:/fmp3_zybo_z7_gcc+tecs/target/zybo_z7_gcc/xilinx_sdk/tExc08'
process_begin: CreateProcess(NULL, ruby ../../../../cfg/cfg.rb --pass 3 --kernel fmp -O -I. -I../../../../include -I../../../../target/zybo_z7_gcc -I../../../../arch/arm_gcc/zynq7000 -I../../../../arch/arm_gcc/common -I../../../../arch/gcc -I../../../.. -I../../../../sample -I./gen -I../../../../tecs_kernel -I../../../../tecsgen/tecs -I../../../../tecsgen/tecs/rpc -T ../../../../target/zybo_z7_gcc/target_check.trb --rom-symbol fmp.syms --rom-image fmp.srec, ...) failed.
make (e=2): 指定されたファイルが見つかりません。

make[1]: *** [Makefile:471: check.timestamp] Error 2
make: *** [Makefile:238: all] Error 2
22:46:13 **** Incremental Build of configuration Default for project sample1 ****
make all 
make: Nothing to be done for 'all'.
22:46:14 **** Incremental Build of configuration Default for project ca9_1 ****
make all 
cmd.exe /C copy ..\sample1\fmp.elf .
        1 個のファイルをコピーしました。
22:48:22 **** Incremental Build of configuration Default for project tExc08 ****
make all 
make[1]: Entering directory 'D:/fmp3_zybo_z7_gcc+tecs/target/zybo_z7_gcc/xilinx_sdk/tExc08'
make[1]: 'kernel_cfg.h' is up to date.
make[1]: 'offset.h' is up to date.
ruby ../../../../cfg/cfg.rb --pass 3 --kernel fmp -O -I. -I../../../../include  -I../../../../target/zybo_z7_gcc -I../../../../arch/arm_gcc/zynq7000 -I../../../../arch/arm_gcc/common -I../../../../arch/gcc -I../../../.. -I../../../../sample -I./gen -I../../../../tecs_kernel -I../../../../tecsgen/tecs -I../../../../tecsgen/tecs/rpc -T ../../../../target/zybo_z7_gcc/target_check.trb \
			--rom-symbol fmp.syms --rom-image fmp.srec
make[1]: Leaving directory 'D:/fmp3_zybo_z7_gcc+tecs/target/zybo_z7_gcc/xilinx_sdk/tExc08'
process_begin: CreateProcess(NULL, ruby ../../../../cfg/cfg.rb --pass 3 --kernel fmp -O -I. -I../../../../include -I../../../../target/zybo_z7_gcc -I../../../../arch/arm_gcc/zynq7000 -I../../../../arch/arm_gcc/common -I../../../../arch/gcc -I../../../.. -I../../../../sample -I./gen -I../../../../tecs_kernel -I../../../../tecsgen/tecs -I../../../../tecsgen/tecs/rpc -T ../../../../target/zybo_z7_gcc/target_check.trb --rom-symbol fmp.syms --rom-image fmp.srec, ...) failed.
make (e=2): 指定されたファイルが見つかりません。

make[1]: *** [Makefile:471: check.timestamp] Error 2
make: *** [Makefile:238: all] Error 2
22:48:24 **** Incremental Build of configuration Default for project sample1 ****
make all 
make: Nothing to be done for 'all'.
22:48:24 **** Incremental Build of configuration Default for project ca9_1 ****
make all 
cmd.exe /C copy ..\sample1\fmp.elf .
        1 個のファイルをコピーしました。
22:51:03 **** Incremental Build of configuration Default for project tExc08 ****
make all 
make[1]: Entering directory 'D:/fmp3_zybo_z7_gcc+tecs/target/zybo_z7_gcc/xilinx_sdk/tExc08'
make[1]: 'kernel_cfg.h' is up to date.
make[1]: 'offset.h' is up to date.
ruby ../../../../cfg/cfg.rb --pass 3 --kernel fmp -O -I. -I../../../../include  -I../../../../target/zybo_z7_gcc -I../../../../arch/arm_gcc/zynq7000 -I../../../../arch/arm_gcc/common -I../../../../arch/gcc -I../../../.. -I../../../../sample -I./gen -I../../../../tecs_kernel -I../../../../tecsgen/tecs -I../../../../tecsgen/tecs/rpc -T ../../../../target/zybo_z7_gcc/target_check.trb \
			--rom-symbol fmp.syms --rom-image fmp.srec
make[1]: Leaving directory 'D:/fmp3_zybo_z7_gcc+tecs/target/zybo_z7_gcc/xilinx_sdk/tExc08'
process_begin: CreateProcess(NULL, ruby ../../../../cfg/cfg.rb --pass 3 --kernel fmp -O -I. -I../../../../include -I../../../../target/zybo_z7_gcc -I../../../../arch/arm_gcc/zynq7000 -I../../../../arch/arm_gcc/common -I../../../../arch/gcc -I../../../.. -I../../../../sample -I./gen -I../../../../tecs_kernel -I../../../../tecsgen/tecs -I../../../../tecsgen/tecs/rpc -T ../../../../target/zybo_z7_gcc/target_check.trb --rom-symbol fmp.syms --rom-image fmp.srec, ...) failed.
make (e=2): 指定されたファイルが見つかりません。

make[1]: *** [Makefile:471: check.timestamp] Error 2
make: *** [Makefile:238: all] Error 2
22:51:04 **** Incremental Build of configuration Default for project sample1 ****
make all 
make: Nothing to be done for 'all'.
22:51:05 **** Incremental Build of configuration Default for project ca9_1 ****
make all 
cmd.exe /C copy ..\sample1\fmp.elf .
        1 個のファイルをコピーしました。
22:52:11 **** Incremental Build of configuration Default for project tExc08 ****
make all 
make[1]: Entering directory 'D:/fmp3_zybo_z7_gcc+tecs/target/zybo_z7_gcc/xilinx_sdk/tExc08'
make[1]: 'kernel_cfg.h' is up to date.
make[1]: 'offset.h' is up to date.
ruby ../../../../cfg/cfg.rb --pass 3 --kernel fmp -O -I. -I../../../../include  -I../../../../target/zybo_z7_gcc -I../../../../arch/arm_gcc/zynq7000 -I../../../../arch/arm_gcc/common -I../../../../arch/gcc -I../../../.. -I../../../../sample -I./gen -I../../../../tecs_kernel -I../../../../tecsgen/tecs -I../../../../tecsgen/tecs/rpc -T ../../../../target/zybo_z7_gcc/target_check.trb \
			--rom-symbol fmp.syms --rom-image fmp.srec
process_begin: CreateProcess(NULL, ruby ../../../../cfg/cfg.rb --pass 3 --kernel fmp -O -I. -I../../../../include -I../../../../target/zybo_z7_gcc -I../../../../arch/arm_gcc/zynq7000 -I../../../../arch/arm_gcc/common -I../../../../arch/gcc -I../../../.. -I../../../../sample -I./gen -I../../../../tecs_kernel -I../../../../tecsgen/tecs -I../../../../tecsgen/tecs/rpc -T ../../../../target/zybo_z7_gcc/target_check.trb --rom-symbol fmp.syms --rom-image fmp.srec, ...) failed.
make (e=2): 指定されたファイルが見つかりません。
make[1]: Leaving directory 'D:/fmp3_zybo_z7_gcc+tecs/target/zybo_z7_gcc/xilinx_sdk/tExc08'

make[1]: *** [Makefile:471: check.timestamp] Error 2
make: *** [Makefile:238: all] Error 2
22:52:13 **** Incremental Build of configuration Default for project sample1 ****
make all 
make: Nothing to be done for 'all'.
22:52:13 **** Incremental Build of configuration Default for project ca9_1 ****
make all 
cmd.exe /C copy ..\sample1\fmp.elf .
        1 個のファイルをコピーしました。
22:53:33 **** Incremental Build of configuration Default for project tExc08 ****
make all 
make[1]: Entering directory 'D:/fmp3_zybo_z7_gcc+tecs/target/zybo_z7_gcc/xilinx_sdk/tExc08'
make[1]: 'kernel_cfg.h' is up to date.
make[1]: 'offset.h' is up to date.
ruby ../../../../cfg/cfg.rb --pass 3 --kernel fmp -O -I. -I../../../../include  -I../../../../target/zybo_z7_gcc -I../../../../arch/arm_gcc/zynq7000 -I../../../../arch/arm_gcc/common -I../../../../arch/gcc -I../../../.. -I../../../../sample -I./gen -I../../../../tecs_kernel -I../../../../tecsgen/tecs -I../../../../tecsgen/tecs/rpc -T ../../../../target/zybo_z7_gcc/target_check.trb \
			--rom-symbol fmp.syms --rom-image fmp.srec
make[1]: Leaving directory 'D:/fmp3_zybo_z7_gcc+tecs/target/zybo_z7_gcc/xilinx_sdk/tExc08'
process_begin: CreateProcess(NULL, ruby ../../../../cfg/cfg.rb --pass 3 --kernel fmp -O -I. -I../../../../include -I../../../../target/zybo_z7_gcc -I../../../../arch/arm_gcc/zynq7000 -I../../../../arch/arm_gcc/common -I../../../../arch/gcc -I../../../.. -I../../../../sample -I./gen -I../../../../tecs_kernel -I../../../../tecsgen/tecs -I../../../../tecsgen/tecs/rpc -T ../../../../target/zybo_z7_gcc/target_check.trb --rom-symbol fmp.syms --rom-image fmp.srec, ...) failed.
make (e=2): 指定されたファイルが見つかりません。

make[1]: *** [Makefile:471: check.timestamp] Error 2
make: *** [Makefile:238: all] Error 2
22:53:35 **** Incremental Build of configuration Default for project sample1 ****
make all 
make: Nothing to be done for 'all'.
22:53:35 **** Incremental Build of configuration Default for project ca9_1 ****
make all 
cmd.exe /C copy ..\sample1\fmp.elf .
        1 個のファイルをコピーしました。
22:55:18 **** Incremental Build of configuration Default for project tExc08 ****
make all 
make[1]: Entering directory 'D:/fmp3_zybo_z7_gcc+tecs/target/zybo_z7_gcc/xilinx_sdk/tExc08'
make[1]: 'kernel_cfg.h' is up to date.
make[1]: 'offset.h' is up to date.
ruby ../../../../cfg/cfg.rb --pass 3 --kernel fmp -O -I. -I../../../../include  -I../../../../target/zybo_z7_gcc -I../../../../arch/arm_gcc/zynq7000 -I../../../../arch/arm_gcc/common -I../../../../arch/gcc -I../../../.. -I../../../../sample -I./gen -I../../../../tecs_kernel -I../../../../tecsgen/tecs -I../../../../tecsgen/tecs/rpc -T ../../../../target/zybo_z7_gcc/target_check.trb \
			--rom-symbol fmp.syms --rom-image fmp.srec
process_begin: CreateProcess(NULL, ruby ../../../../cfg/cfg.rb --pass 3 --kernel fmp -O -I. -I../../../../include -I../../../../target/zybo_z7_gcc -I../../../../arch/arm_gcc/zynq7000 -I../../../../arch/arm_gcc/common -I../../../../arch/gcc -I../../../.. -I../../../../sample -I./gen -I../../../../tecs_kernel -I../../../../tecsgen/tecs -I../../../../tecsgen/tecs/rpc -T ../../../../target/zybo_z7_gcc/target_check.trb --rom-symbol fmp.syms --rom-image fmp.srec, ...) failed.
make (e=2): 指定されたファイルが見つかりません。

make[1]: Leaving directory 'D:/fmp3_zybo_z7_gcc+tecs/target/zybo_z7_gcc/xilinx_sdk/tExc08'
make[1]: *** [Makefile:471: check.timestamp] Error 2
make: *** [Makefile:238: all] Error 2
22:55:20 **** Incremental Build of configuration Default for project sample1 ****
make all 
make: Nothing to be done for 'all'.
22:55:20 **** Incremental Build of configuration Default for project ca9_1 ****
make all 
cmd.exe /C copy ..\sample1\fmp.elf .
        1 個のファイルをコピーしました。
22:56:57 **** Incremental Build of configuration Default for project tExc08 ****
make all 
make[1]: Entering directory 'D:/fmp3_zybo_z7_gcc+tecs/target/zybo_z7_gcc/xilinx_sdk/tExc08'
make[1]: 'kernel_cfg.h' is up to date.
make[1]: 'offset.h' is up to date.
ruby ../../../../cfg/cfg.rb --pass 3 --kernel fmp -O -I. -I../../../../include  -I../../../../target/zybo_z7_gcc -I../../../../arch/arm_gcc/zynq7000 -I../../../../arch/arm_gcc/common -I../../../../arch/gcc -I../../../.. -I../../../../sample -I./gen -I../../../../tecs_kernel -I../../../../tecsgen/tecs -I../../../../tecsgen/tecs/rpc -T ../../../../target/zybo_z7_gcc/target_check.trb \
			--rom-symbol fmp.syms --rom-image fmp.srec
make[1]: Leaving directory 'D:/fmp3_zybo_z7_gcc+tecs/target/zybo_z7_gcc/xilinx_sdk/tExc08'
process_begin: CreateProcess(NULL, ruby ../../../../cfg/cfg.rb --pass 3 --kernel fmp -O -I. -I../../../../include -I../../../../target/zybo_z7_gcc -I../../../../arch/arm_gcc/zynq7000 -I../../../../arch/arm_gcc/common -I../../../../arch/gcc -I../../../.. -I../../../../sample -I./gen -I../../../../tecs_kernel -I../../../../tecsgen/tecs -I../../../../tecsgen/tecs/rpc -T ../../../../target/zybo_z7_gcc/target_check.trb --rom-symbol fmp.syms --rom-image fmp.srec, ...) failed.
make (e=2): 指定されたファイルが見つかりません。

make[1]: *** [Makefile:471: check.timestamp] Error 2
make: *** [Makefile:238: all] Error 2
22:56:59 **** Incremental Build of configuration Default for project sample1 ****
make all 
make: Nothing to be done for 'all'.
22:56:59 **** Incremental Build of configuration Default for project ca9_1 ****
make all 
cmd.exe /C copy ..\sample1\fmp.elf .
        1 個のファイルをコピーしました。
22:58:01 **** Incremental Build of configuration Default for project tExc08 ****
make all 
make[1]: Entering directory 'D:/fmp3_zybo_z7_gcc+tecs/target/zybo_z7_gcc/xilinx_sdk/tExc08'
make[1]: 'kernel_cfg.h' is up to date.
make[1]: 'offset.h' is up to date.
ruby ../../../../cfg/cfg.rb --pass 3 --kernel fmp -O -I. -I../../../../include  -I../../../../target/zybo_z7_gcc -I../../../../arch/arm_gcc/zynq7000 -I../../../../arch/arm_gcc/common -I../../../../arch/gcc -I../../../.. -I../../../../sample -I./gen -I../../../../tecs_kernel -I../../../../tecsgen/tecs -I../../../../tecsgen/tecs/rpc -T ../../../../target/zybo_z7_gcc/target_check.trb \
			--rom-symbol fmp.syms --rom-image fmp.srec
process_begin: CreateProcess(NULL, ruby ../../../../cfg/cfg.rb --pass 3 --kernel fmp -O -I. -I../../../../include -I../../../../target/zybo_z7_gcc -I../../../../arch/arm_gcc/zynq7000 -I../../../../arch/arm_gcc/common -I../../../../arch/gcc -I../../../.. -I../../../../sample -I./gen -I../../../../tecs_kernel -I../../../../tecsgen/tecs -I../../../../tecsgen/tecs/rpc -T ../../../../target/zybo_z7_gcc/target_check.trb --rom-symbol fmp.syms --rom-image fmp.srec, ...) failed.
make[1]: Leaving directory 'D:/fmp3_zybo_z7_gcc+tecs/target/zybo_z7_gcc/xilinx_sdk/tExc08'
make (e=2): 指定されたファイルが見つかりません。

make[1]: *** [Makefile:471: check.timestamp] Error 2
make: *** [Makefile:238: all] Error 2
22:58:03 **** Incremental Build of configuration Default for project sample1 ****
make all 
make: Nothing to be done for 'all'.
22:58:03 **** Incremental Build of configuration Default for project ca9_1 ****
make all 
cmd.exe /C copy ..\sample1\fmp.elf .
        1 個のファイルをコピーしました。
22:58:58 **** Incremental Build of configuration Default for project tExc08 ****
make all 
make[1]: Entering directory 'D:/fmp3_zybo_z7_gcc+tecs/target/zybo_z7_gcc/xilinx_sdk/tExc08'
make[1]: 'kernel_cfg.h' is up to date.
make[1]: 'offset.h' is up to date.
ruby ../../../../cfg/cfg.rb --pass 3 --kernel fmp -O -I. -I../../../../include  -I../../../../target/zybo_z7_gcc -I../../../../arch/arm_gcc/zynq7000 -I../../../../arch/arm_gcc/common -I../../../../arch/gcc -I../../../.. -I../../../../sample -I./gen -I../../../../tecs_kernel -I../../../../tecsgen/tecs -I../../../../tecsgen/tecs/rpc -T ../../../../target/zybo_z7_gcc/target_check.trb \
			--rom-symbol fmp.syms --rom-image fmp.srec
process_begin: CreateProcess(NULL, ruby ../../../../cfg/cfg.rb --pass 3 --kernel fmp -O -I. -I../../../../include -I../../../../target/zybo_z7_gcc -I../../../../arch/arm_gcc/zynq7000 -I../../../../arch/arm_gcc/common -I../../../../arch/gcc -I../../../.. -I../../../../sample -I./gen -I../../../../tecs_kernel -I../../../../tecsgen/tecs -I../../../../tecsgen/tecs/rpc -T ../../../../target/zybo_z7_gcc/target_check.trb --rom-symbol fmp.syms --rom-image fmp.srec, ...) failed.
make[1]: Leaving directory 'D:/fmp3_zybo_z7_gcc+tecs/target/zybo_z7_gcc/xilinx_sdk/tExc08'
make (e=2): 指定されたファイルが見つかりません。

make[1]: *** [Makefile:471: check.timestamp] Error 2
make: *** [Makefile:238: all] Error 2
22:58:59 **** Incremental Build of configuration Default for project sample1 ****
make all 
make: Nothing to be done for 'all'.
22:59:00 **** Incremental Build of configuration Default for project ca9_1 ****
make all 
cmd.exe /C copy ..\sample1\fmp.elf .
        1 個のファイルをコピーしました。
23:00:22 **** Incremental Build of configuration Default for project tExc08 ****
make all 
make[1]: Entering directory 'D:/fmp3_zybo_z7_gcc+tecs/target/zybo_z7_gcc/xilinx_sdk/tExc08'
make[1]: 'kernel_cfg.h' is up to date.
make[1]: 'offset.h' is up to date.
ruby ../../../../cfg/cfg.rb --pass 3 --kernel fmp -O -I. -I../../../../include  -I../../../../target/zybo_z7_gcc -I../../../../arch/arm_gcc/zynq7000 -I../../../../arch/arm_gcc/common -I../../../../arch/gcc -I../../../.. -I../../../../sample -I./gen -I../../../../tecs_kernel -I../../../../tecsgen/tecs -I../../../../tecsgen/tecs/rpc -T ../../../../target/zybo_z7_gcc/target_check.trb \
			--rom-symbol fmp.syms --rom-image fmp.srec
make[1]: Leaving directory 'D:/fmp3_zybo_z7_gcc+tecs/target/zybo_z7_gcc/xilinx_sdk/tExc08'
process_begin: CreateProcess(NULL, ruby ../../../../cfg/cfg.rb --pass 3 --kernel fmp -O -I. -I../../../../include -I../../../../target/zybo_z7_gcc -I../../../../arch/arm_gcc/zynq7000 -I../../../../arch/arm_gcc/common -I../../../../arch/gcc -I../../../.. -I../../../../sample -I./gen -I../../../../tecs_kernel -I../../../../tecsgen/tecs -I../../../../tecsgen/tecs/rpc -T ../../../../target/zybo_z7_gcc/target_check.trb --rom-symbol fmp.syms --rom-image fmp.srec, ...) failed.
make (e=2): 指定されたファイルが見つかりません。

make[1]: *** [Makefile:471: check.timestamp] Error 2
make: *** [Makefile:238: all] Error 2
23:00:23 **** Incremental Build of configuration Default for project sample1 ****
make all 
make: Nothing to be done for 'all'.
23:00:24 **** Incremental Build of configuration Default for project ca9_1 ****
make all 
cmd.exe /C copy ..\sample1\fmp.elf .
        1 個のファイルをコピーしました。
23:01:26 **** Incremental Build of configuration Default for project tExc08 ****
make all 
make[1]: Entering directory 'D:/fmp3_zybo_z7_gcc+tecs/target/zybo_z7_gcc/xilinx_sdk/tExc08'
make[1]: 'kernel_cfg.h' is up to date.
make[1]: 'offset.h' is up to date.
ruby ../../../../cfg/cfg.rb --pass 3 --kernel fmp -O -I. -I../../../../include  -I../../../../target/zybo_z7_gcc -I../../../../arch/arm_gcc/zynq7000 -I../../../../arch/arm_gcc/common -I../../../../arch/gcc -I../../../.. -I../../../../sample -I./gen -I../../../../tecs_kernel -I../../../../tecsgen/tecs -I../../../../tecsgen/tecs/rpc -T ../../../../target/zybo_z7_gcc/target_check.trb \
			--rom-symbol fmp.syms --rom-image fmp.srec
make[1]: Leaving directory 'D:/fmp3_zybo_z7_gcc+tecs/target/zybo_z7_gcc/xilinx_sdk/tExc08'
process_begin: CreateProcess(NULL, ruby ../../../../cfg/cfg.rb --pass 3 --kernel fmp -O -I. -I../../../../include -I../../../../target/zybo_z7_gcc -I../../../../arch/arm_gcc/zynq7000 -I../../../../arch/arm_gcc/common -I../../../../arch/gcc -I../../../.. -I../../../../sample -I./gen -I../../../../tecs_kernel -I../../../../tecsgen/tecs -I../../../../tecsgen/tecs/rpc -T ../../../../target/zybo_z7_gcc/target_check.trb --rom-symbol fmp.syms --rom-image fmp.srec, ...) failed.
make (e=2): 指定されたファイルが見つかりません。

make[1]: *** [Makefile:471: check.timestamp] Error 2
make: *** [Makefile:238: all] Error 2
23:01:28 **** Incremental Build of configuration Default for project sample1 ****
make all 
make: Nothing to be done for 'all'.
23:01:28 **** Incremental Build of configuration Default for project ca9_1 ****
make all 
cmd.exe /C copy ..\sample1\fmp.elf .
        1 個のファイルをコピーしました。
23:05:02 **** Incremental Build of configuration Default for project tExc08 ****
make all 
make[1]: Entering directory 'D:/fmp3_zybo_z7_gcc+tecs/target/zybo_z7_gcc/xilinx_sdk/tExc08'
make[1]: 'kernel_cfg.h' is up to date.
make[1]: 'offset.h' is up to date.
ruby ../../../../cfg/cfg.rb --pass 3 --kernel fmp -O -I. -I../../../../include  -I../../../../target/zybo_z7_gcc -I../../../../arch/arm_gcc/zynq7000 -I../../../../arch/arm_gcc/common -I../../../../arch/gcc -I../../../.. -I../../../../sample -I./gen -I../../../../tecs_kernel -I../../../../tecsgen/tecs -I../../../../tecsgen/tecs/rpc -T ../../../../target/zybo_z7_gcc/target_check.trb \
			--rom-symbol fmp.syms --rom-image fmp.srec
make[1]: Leaving directory 'D:/fmp3_zybo_z7_gcc+tecs/target/zybo_z7_gcc/xilinx_sdk/tExc08'
process_begin: CreateProcess(NULL, ruby ../../../../cfg/cfg.rb --pass 3 --kernel fmp -O -I. -I../../../../include -I../../../../target/zybo_z7_gcc -I../../../../arch/arm_gcc/zynq7000 -I../../../../arch/arm_gcc/common -I../../../../arch/gcc -I../../../.. -I../../../../sample -I./gen -I../../../../tecs_kernel -I../../../../tecsgen/tecs -I../../../../tecsgen/tecs/rpc -T ../../../../target/zybo_z7_gcc/target_check.trb --rom-symbol fmp.syms --rom-image fmp.srec, ...) failed.
make (e=2): 指定されたファイルが見つかりません。

make[1]: *** [Makefile:471: check.timestamp] Error 2
make: *** [Makefile:238: all] Error 2
23:05:04 **** Incremental Build of configuration Default for project sample1 ****
make all 
make: Nothing to be done for 'all'.
23:05:04 **** Incremental Build of configuration Default for project ca9_1 ****
make all 
cmd.exe /C copy ..\sample1\fmp.elf .
        1 個のファイルをコピーしました。
23:06:52 **** Incremental Build of configuration Default for project tExc08 ****
make all 
make[1]: Entering directory 'D:/fmp3_zybo_z7_gcc+tecs/target/zybo_z7_gcc/xilinx_sdk/tExc08'
make[1]: 'kernel_cfg.h' is up to date.
make[1]: 'offset.h' is up to date.
ruby ../../../../cfg/cfg.rb --pass 3 --kernel fmp -O -I. -I../../../../include  -I../../../../target/zybo_z7_gcc -I../../../../arch/arm_gcc/zynq7000 -I../../../../arch/arm_gcc/common -I../../../../arch/gcc -I../../../.. -I../../../../sample -I./gen -I../../../../tecs_kernel -I../../../../tecsgen/tecs -I../../../../tecsgen/tecs/rpc -T ../../../../target/zybo_z7_gcc/target_check.trb \
			--rom-symbol fmp.syms --rom-image fmp.srec
make[1]: Leaving directory 'D:/fmp3_zybo_z7_gcc+tecs/target/zybo_z7_gcc/xilinx_sdk/tExc08'
process_begin: CreateProcess(NULL, ruby ../../../../cfg/cfg.rb --pass 3 --kernel fmp -O -I. -I../../../../include -I../../../../target/zybo_z7_gcc -I../../../../arch/arm_gcc/zynq7000 -I../../../../arch/arm_gcc/common -I../../../../arch/gcc -I../../../.. -I../../../../sample -I./gen -I../../../../tecs_kernel -I../../../../tecsgen/tecs -I../../../../tecsgen/tecs/rpc -T ../../../../target/zybo_z7_gcc/target_check.trb --rom-symbol fmp.syms --rom-image fmp.srec, ...) failed.
make (e=2): 指定されたファイルが見つかりません。

make[1]: *** [Makefile:471: check.timestamp] Error 2
make: *** [Makefile:238: all] Error 2
23:06:54 **** Incremental Build of configuration Default for project sample1 ****
make all 
make: Nothing to be done for 'all'.
23:06:54 **** Incremental Build of configuration Default for project ca9_1 ****
make all 
cmd.exe /C copy ..\sample1\fmp.elf .
        1 個のファイルをコピーしました。
23:08:42 **** Incremental Build of configuration Default for project tExc08 ****
make all 
make[1]: Entering directory 'D:/fmp3_zybo_z7_gcc+tecs/target/zybo_z7_gcc/xilinx_sdk/tExc08'
make[1]: 'kernel_cfg.h' is up to date.
make[1]: 'offset.h' is up to date.
ruby ../../../../cfg/cfg.rb --pass 3 --kernel fmp -O -I. -I../../../../include  -I../../../../target/zybo_z7_gcc -I../../../../arch/arm_gcc/zynq7000 -I../../../../arch/arm_gcc/common -I../../../../arch/gcc -I../../../.. -I../../../../sample -I./gen -I../../../../tecs_kernel -I../../../../tecsgen/tecs -I../../../../tecsgen/tecs/rpc -T ../../../../target/zybo_z7_gcc/target_check.trb \
			--rom-symbol fmp.syms --rom-image fmp.srec
process_begin: CreateProcess(NULL, ruby ../../../../cfg/cfg.rb --pass 3 --kernel fmp -O -I. -I../../../../include -I../../../../target/zybo_z7_gcc -I../../../../arch/arm_gcc/zynq7000 -I../../../../arch/arm_gcc/common -I../../../../arch/gcc -I../../../.. -I../../../../sample -I./gen -I../../../../tecs_kernel -I../../../../tecsgen/tecs -I../../../../tecsgen/tecs/rpc -T ../../../../target/zybo_z7_gcc/target_check.trb --rom-symbol fmp.syms --rom-image fmp.srec, ...) failed.
make (e=2): 指定されたファイルが見つかりません。

make[1]: Leaving directory 'D:/fmp3_zybo_z7_gcc+tecs/target/zybo_z7_gcc/xilinx_sdk/tExc08'
make[1]: *** [Makefile:471: check.timestamp] Error 2
make: *** [Makefile:238: all] Error 2
23:08:43 **** Incremental Build of configuration Default for project sample1 ****
make all 
make: Nothing to be done for 'all'.
23:08:44 **** Incremental Build of configuration Default for project ca9_1 ****
make all 
cmd.exe /C copy ..\sample1\fmp.elf .
        1 個のファイルをコピーしました。
23:10:23 **** Incremental Build of configuration Default for project tExc08 ****
make all 
make[1]: Entering directory 'D:/fmp3_zybo_z7_gcc+tecs/target/zybo_z7_gcc/xilinx_sdk/tExc08'
make[1]: 'kernel_cfg.h' is up to date.
make[1]: 'offset.h' is up to date.
ruby ../../../../cfg/cfg.rb --pass 3 --kernel fmp -O -I. -I../../../../include  -I../../../../target/zybo_z7_gcc -I../../../../arch/arm_gcc/zynq7000 -I../../../../arch/arm_gcc/common -I../../../../arch/gcc -I../../../.. -I../../../../sample -I./gen -I../../../../tecs_kernel -I../../../../tecsgen/tecs -I../../../../tecsgen/tecs/rpc -T ../../../../target/zybo_z7_gcc/target_check.trb \
			--rom-symbol fmp.syms --rom-image fmp.srec
process_begin: CreateProcess(NULL, ruby ../../../../cfg/cfg.rb --pass 3 --kernel fmp -O -I. -I../../../../include -I../../../../target/zybo_z7_gcc -I../../../../arch/arm_gcc/zynq7000 -I../../../../arch/arm_gcc/common -I../../../../arch/gcc -I../../../.. -I../../../../sample -I./gen -I../../../../tecs_kernel -I../../../../tecsgen/tecs -I../../../../tecsgen/tecs/rpc -T ../../../../target/zybo_z7_gcc/target_check.trb --rom-symbol fmp.syms --rom-image fmp.srec, ...) failed.
make (e=2): 指定されたファイルが見つかりません。
make[1]: Leaving directory 'D:/fmp3_zybo_z7_gcc+tecs/target/zybo_z7_gcc/xilinx_sdk/tExc08'

make[1]: *** [Makefile:471: check.timestamp] Error 2
make: *** [Makefile:238: all] Error 2
23:10:25 **** Incremental Build of configuration Default for project sample1 ****
make all 
make: Nothing to be done for 'all'.
23:10:25 **** Incremental Build of configuration Default for project ca9_1 ****
make all 
cmd.exe /C copy ..\sample1\fmp.elf .
        1 個のファイルをコピーしました。
14:39:09 **** Incremental Build of configuration Default for project sample1 ****
make all 
make: Nothing to be done for 'all'.
14:39:13 **** Incremental Build of configuration Default for project ca9_1 ****
make all 
cmd.exe /C copy ..\sample1\fmp.elf .
        1 個のファイルをコピーしました。
14:39:13 **** Incremental Build of configuration Default for project exc08 ****
make all 
make: Nothing to be done for 'all'.
14:42:16 **** Incremental Build of configuration Default for project sample1 ****
make all 
make: Nothing to be done for 'all'.
14:42:16 **** Incremental Build of configuration Default for project ca9_1 ****
make all 
cmd.exe /C copy ..\sample1\fmp.elf .
        1 個のファイルをコピーしました。
14:42:18 **** Incremental Build of configuration Default for project exc08 ****
make all 
make: Nothing to be done for 'all'.
14:55:37 **** Incremental Build of configuration Default for project sample1 ****
make all 
make: Nothing to be done for 'all'.
14:55:38 **** Incremental Build of configuration Default for project ca9_1 ****
make all 
cmd.exe /C copy ..\sample1\fmp.elf .
        1 個のファイルをコピーしました。
14:55:38 **** Incremental Build of configuration Default for project exc08 ****
make all 
make: Nothing to be done for 'all'.
14:58:20 **** Incremental Build of configuration Default for project sample1 ****
make all 
make: Nothing to be done for 'all'.
14:58:21 **** Incremental Build of configuration Default for project ca9_1 ****
make all 
cmd.exe /C copy ..\sample1\fmp.elf .
        1 個のファイルをコピーしました。
14:58:21 **** Incremental Build of configuration Default for project exc08 ****
make all 
arm-none-eabi-gcc -c -o objs/exc08.o -MD -MP -MF objs/exc08.d -O2 -Wall -g   -mlittle-endian -mcpu=cortex-a9 -DTOPPERS_OMIT_TECS  -DUSE_BYPASS_IPI_DISPATCH_HANDER -D__TARGET_ARCH_ARM=7  -I. -I../../../../include  -I../../../../target/zybo_z7_gcc -I../../../../arch/arm_gcc/zynq7000 -I../../../../arch/arm_gcc/common -I../../../../arch/gcc -I../../../.. -I../../../../sample -I./gen -I../../../../tecs_kernel -I../../../../tecsgen/tecs -I../../../../tecsgen/tecs/rpc  -mfpu=vfpv3-d16 ../../../../sample/exc08.c
arm-none-eabi-gcc -O2 -Wall -g   -mlittle-endian -mcpu=cortex-a9 -DTOPPERS_OMIT_TECS  -DUSE_BYPASS_IPI_DISPATCH_HANDER -D__TARGET_ARCH_ARM=7  -I. -I../../../../include  -I../../../../target/zybo_z7_gcc -I../../../../arch/arm_gcc/zynq7000 -I../../../../arch/arm_gcc/common -I../../../../arch/gcc -I../../../.. -I../../../../sample -I./gen -I../../../../tecs_kernel -I../../../../tecsgen/tecs -I../../../../tecsgen/tecs/rpc -L objs -nostdlib  -mlittle-endian -mcpu=cortex-a9 -mfpu=vfpv3-d16   -Wl,-T,../../../../target/zybo_z7_gcc/zybo_z7.ld  -L. -o fmp.elf \
		objs/start.o  objs/exc08.o objs/log_output.o objs/vasyslog.o objs/t_perror.o objs/strerror.o   objs/syslog.o objs/banner.o objs/serial.o objs/chip_serial.o objs/logtask.o objs/xuartps.o  objs/kernel_cfg.o \
		-lkernel -lc -lgcc  
c:/program files (x86)/gnu tools arm embedded/5.4 2016q3/bin/../lib/gcc/arm-none-eabi/5.4.1/../../../../arm-none-eabi/bin/ld.exe: warning: section `.bss' type changed to PROGBITS
arm-none-eabi-nm -n fmp.elf > fmp.syms
arm-none-eabi-objcopy -O srec -S fmp.elf fmp.srec
ruby ../../../../cfg/cfg.rb --pass 3 --kernel fmp -O -I. -I../../../../include  -I../../../../target/zybo_z7_gcc -I../../../../arch/arm_gcc/zynq7000 -I../../../../arch/arm_gcc/common -I../../../../arch/gcc -I../../../.. -I../../../../sample -I./gen -I../../../../tecs_kernel -I../../../../tecsgen/tecs -I../../../../tecsgen/tecs/rpc -T ../../../../target/zybo_z7_gcc/target_check.trb \
			--rom-symbol fmp.syms --rom-image fmp.srec
process_begin: CreateProcess(NULL, ruby ../../../../cfg/cfg.rb --pass 3 --kernel fmp -O -I. -I../../../../include -I../../../../target/zybo_z7_gcc -I../../../../arch/arm_gcc/zynq7000 -I../../../../arch/arm_gcc/common -I../../../../arch/gcc -I../../../.. -I../../../../sample -I./gen -I../../../../tecs_kernel -I../../../../tecsgen/tecs -I../../../../tecsgen/tecs/rpc -T ../../../../target/zybo_z7_gcc/target_check.trb --rom-symbol fmp.syms --rom-image fmp.srec, ...) failed.
make (e=2): 指定されたファイルが見つかりません。

make: *** [Makefile:471: check.timestamp] Error 2
15:09:13 **** Incremental Build of configuration Default for project sample1 ****
make all 
make: Nothing to be done for 'all'.
15:09:14 **** Incremental Build of configuration Default for project ca9_1 ****
make all 
cmd.exe /C copy ..\sample1\fmp.elf .
        1 個のファイルをコピーしました。
15:09:17 **** Incremental Build of configuration Default for project exc08 ****
make all 
make: Nothing to be done for 'all'.
15:09:51 **** Incremental Build of configuration Default for project sample1 ****
make all 
make: Nothing to be done for 'all'.
15:09:52 **** Incremental Build of configuration Default for project ca9_1 ****
make all 
cmd.exe /C copy ..\sample1\fmp.elf .
        1 個のファイルをコピーしました。
15:09:52 **** Incremental Build of configuration Default for project exc08 ****
make all 
make: Nothing to be done for 'all'.
00:39:02 **** Incremental Build of configuration Default for project sample1 ****
make all 
make: Nothing to be done for 'all'.
00:39:03 **** Incremental Build of configuration Default for project ca9_1 ****
make all 
cmd.exe /C copy ..\sample1\fmp.elf .
        1 個のファイルをコピーしました。
00:39:03 **** Incremental Build of configuration Default for project exc08 ****
make all 
make: Nothing to be done for 'all'.
00:41:23 **** Incremental Build of configuration Default for project sample1 ****
make all 
make: Nothing to be done for 'all'.
00:41:24 **** Incremental Build of configuration Default for project ca9_1 ****
make all 
cmd.exe /C copy ..\sample1\fmp.elf .
        1 個のファイルをコピーしました。
00:41:24 **** Incremental Build of configuration Default for project exc08 ****
make all 
make: Nothing to be done for 'all'.
00:42:48 **** Incremental Build of configuration Default for project sample1 ****
make all 
make: Nothing to be done for 'all'.
00:42:48 **** Incremental Build of configuration Default for project ca9_1 ****
make all 
cmd.exe /C copy ..\sample1\fmp.elf .
        1 個のファイルをコピーしました。
00:42:52 **** Incremental Build of configuration Default for project exc08 ****
make all 
make: Nothing to be done for 'all'.
00:44:07 **** Incremental Build of configuration Default for project sample1 ****
make all 
make: Nothing to be done for 'all'.
00:44:08 **** Incremental Build of configuration Default for project ca9_1 ****
make all 
cmd.exe /C copy ..\sample1\fmp.elf .
        1 個のファイルをコピーしました。
00:44:08 **** Incremental Build of configuration Default for project exc08 ****
make all 
make: Nothing to be done for 'all'.
00:45:19 **** Incremental Build of configuration Default for project sample1 ****
make all 
make: Nothing to be done for 'all'.
00:45:20 **** Incremental Build of configuration Default for project ca9_1 ****
make all 
cmd.exe /C copy ..\sample1\fmp.elf .
        1 個のファイルをコピーしました。
00:45:22 **** Incremental Build of configuration Default for project exc08 ****
make all 
make: Nothing to be done for 'all'.
00:46:38 **** Incremental Build of configuration Default for project sample1 ****
make all 
make: Nothing to be done for 'all'.
00:46:38 **** Incremental Build of configuration Default for project ca9_1 ****
make all 
cmd.exe /C copy ..\sample1\fmp.elf .
        1 個のファイルをコピーしました。
00:46:41 **** Incremental Build of configuration Default for project exc08 ****
make all 
make: Nothing to be done for 'all'.
00:47:55 **** Incremental Build of configuration Default for project sample1 ****
make all 
make: Nothing to be done for 'all'.
00:47:55 **** Incremental Build of configuration Default for project ca9_1 ****
make all 
cmd.exe /C copy ..\sample1\fmp.elf .
        1 個のファイルをコピーしました。
00:47:58 **** Incremental Build of configuration Default for project exc08 ****
make all 
make: Nothing to be done for 'all'.
00:49:11 **** Incremental Build of configuration Default for project sample1 ****
make all 
make: Nothing to be done for 'all'.
00:49:11 **** Incremental Build of configuration Default for project ca9_1 ****
make all 
cmd.exe /C copy ..\sample1\fmp.elf .
        1 個のファイルをコピーしました。
00:49:12 **** Incremental Build of configuration Default for project exc08 ****
make all 
make: Nothing to be done for 'all'.
00:50:21 **** Incremental Build of configuration Default for project sample1 ****
make all 
make: Nothing to be done for 'all'.
00:50:21 **** Incremental Build of configuration Default for project ca9_1 ****
make all 
cmd.exe /C copy ..\sample1\fmp.elf .
        1 個のファイルをコピーしました。
00:50:22 **** Incremental Build of configuration Default for project exc08 ****
make all 
make: Nothing to be done for 'all'.
00:51:47 **** Incremental Build of configuration Default for project sample1 ****
make all 
make: Nothing to be done for 'all'.
00:51:47 **** Incremental Build of configuration Default for project ca9_1 ****
make all 
cmd.exe /C copy ..\sample1\fmp.elf .
        1 個のファイルをコピーしました。
00:51:48 **** Incremental Build of configuration Default for project exc08 ****
make all 
make: Nothing to be done for 'all'.
12:20:24 **** Incremental Build of configuration Default for project tExc08 ****
make all 
make[1]: Entering directory 'D:/fmp3_zybo_z7_gcc+tecs/target/zybo_z7_gcc/xilinx_sdk/tExc08'
make[1]: 'kernel_cfg.h' is up to date.
make[1]: 'offset.h' is up to date.
arm-none-eabi-gcc -c -o objs/tExc08.o -MD -MP -MF objs/tExc08.d -O2 -Wall -g   -mlittle-endian -mcpu=cortex-a9  -DUSE_BYPASS_IPI_DISPATCH_HANDER -D__TARGET_ARCH_ARM=7  -I. -I../../../../include  -I../../../../target/zybo_z7_gcc -I../../../../arch/arm_gcc/zynq7000 -I../../../../arch/arm_gcc/common -I../../../../arch/gcc -I../../../.. -I../../../../sample -I./gen -I../../../../tecs_kernel -I../../../../tecsgen/tecs -I../../../../tecsgen/tecs/rpc  ../../../../sample/tExc08.c
arm-none-eabi-gcc -O2 -Wall -g   -mlittle-endian -mcpu=cortex-a9  -DUSE_BYPASS_IPI_DISPATCH_HANDER -D__TARGET_ARCH_ARM=7  -I. -I../../../../include  -I../../../../target/zybo_z7_gcc -I../../../../arch/arm_gcc/zynq7000 -I../../../../arch/arm_gcc/common -I../../../../arch/gcc -I../../../.. -I../../../../sample -I./gen -I../../../../tecs_kernel -I../../../../tecsgen/tecs -I../../../../tecsgen/tecs/rpc -L objs -nostdlib  -mlittle-endian -mcpu=cortex-a9 -mfpu=vfpv3-d16   -Wl,-T,../../../../target/zybo_z7_gcc/zybo_z7.ld  -L. -o fmp.elf \
		objs/start.o  objs/log_output.o objs/vasyslog.o objs/t_perror.o objs/strerror.o   objs/tKernel_tecsgen.o objs/tTask_tecsgen.o objs/tSemaphore_tecsgen.o objs/tEventflag_tecsgen.o objs/tDataqueue_tecsgen.o objs/tTimeEventHandler_tecsgen.o objs/tCyclicNotifier_tecsgen.o objs/tAlarmNotifier_tecsgen.o objs/tTDR_tecsgen.o objs/tRPCDedicatedTaskMain_tecsgen.o objs/tDataqueueAdaptor_tecsgen.o objs/tExc08_tecsgen.o objs/tTask_rProcessor1Migratable_tecsgen.o objs/tSemaphore_rProcessor1Migratable_tecsgen.o objs/tEventflag_rProcessor1Migratable_tecsgen.o objs/tDataqueue_rProcessor1Migratable_tecsgen.o objs/tTimeEventHandler_rProcessor1Migratable_tecsgen.o objs/tCyclicNotifier_rProcessor1Migratable_tecsgen.o objs/tAlarmNotifier_rProcessor1Migratable_tecsgen.o objs/tInterruptRequest_rProcessor1Migratable_tecsgen.o objs/tISR_rProcessor1Migratable_tecsgen.o objs/tInitializeRoutine_rProcessor1Migratable_tecsgen.o objs/tTerminateRoutine_rProcessor1Migratable_tecsgen.o objs/tSerialPortMain_rProcessor1Migratable_tecsgen.o objs/tSerialAdapter_rProcessor1Migratable_tecsgen.o objs/tSysLog_rProcessor1Migratable_tecsgen.o objs/tSysLogAdapter_rProcessor1Migratable_tecsgen.o objs/tLogTaskMain_rProcessor1Migratable_tecsgen.o objs/tBannerMain_rProcessor1Migratable_tecsgen.o objs/tPutLogZyboZ7_rProcessor1Migratable_tecsgen.o objs/tXUartPs_rProcessor1Migratable_tecsgen.o objs/tSIOPortZyboZ7Main_rProcessor1Migratable_tecsgen.o objs/tTDR_rProcessor1Migratable_tecsgen.o objs/tRPCDedicatedTaskMain_rProcessor1Migratable_tecsgen.o objs/tDataqueueAdaptor_rProcessor1Migratable_tecsgen.o objs/tExc08_rProcessor1Migratable_tecsgen.o objs/tTask_rProcessor2Symmetric_tecsgen.o objs/tSemaphore_rProcessor2Symmetric_tecsgen.o objs/tEventflag_rProcessor2Symmetric_tecsgen.o objs/tDataqueue_rProcessor2Symmetric_tecsgen.o objs/tTimeEventHandler_rProcessor2Symmetric_tecsgen.o objs/tCyclicNotifier_rProcessor2Symmetric_tecsgen.o objs/tAlarmNotifier_rProcessor2Symmetric_tecsgen.o objs/tTDR_rProcessor2Symmetric_tecsgen.o objs/tRPCDedicatedTaskMain_rProcessor2Symmetric_tecsgen.o objs/tDataqueueAdaptor_rProcessor2Symmetric_tecsgen.o objs/tExc08_rProcessor2Symmetric_tecsgen.o objs/tMarshaler_sService_tecsgen.o objs/tUnmarshaler_sService_tecsgen.o objs/tMarshaler_sService.o objs/tUnmarshaler_sService.o objs/tMarshaler_sService_rProcessor1Migratable_tecsgen.o objs/tUnmarshaler_sService_rProcessor1Migratable_tecsgen.o objs/tMarshaler_sService_rProcessor2Symmetric_tecsgen.o objs/tUnmarshaler_sService_rProcessor2Symmetric_tecsgen.o objs/tTask.o objs/tTimeEventHandler.o objs/tCyclicNotifier.o objs/tAlarmNotifier.o objs/tRPCDedicatedTaskMain.o objs/tExc08.o objs/tInterruptRequest.o objs/tISR.o objs/tInitializeRoutine.o objs/tTerminateRoutine.o objs/tSerialPortMain.o objs/tSerialAdapter.o objs/tSysLog.o objs/tSysLogAdapter.o objs/tLogTaskMain.o objs/tBannerMain.o objs/tPutLogZyboZ7.o objs/tXUartPs.o objs/init_tecs.o  objs/kernel_cfg.o \
		-lkernel -lc -lgcc  
c:/program files (x86)/gnu tools arm embedded/5.4 2016q3/bin/../lib/gcc/arm-none-eabi/5.4.1/../../../../arm-none-eabi/bin/ld.exe: warning: section `.bss' type changed to PROGBITS
arm-none-eabi-nm -n fmp.elf > fmp.syms
arm-none-eabi-objcopy -O srec -S fmp.elf fmp.srec
ruby ../../../../cfg/cfg.rb --pass 3 --kernel fmp -O -I. -I../../../../include  -I../../../../target/zybo_z7_gcc -I../../../../arch/arm_gcc/zynq7000 -I../../../../arch/arm_gcc/common -I../../../../arch/gcc -I../../../.. -I../../../../sample -I./gen -I../../../../tecs_kernel -I../../../../tecsgen/tecs -I../../../../tecsgen/tecs/rpc -T ../../../../target/zybo_z7_gcc/target_check.trb \
			--rom-symbol fmp.syms --rom-image fmp.srec
process_begin: CreateProcess(NULL, ruby ../../../../cfg/cfg.rb --pass 3 --kernel fmp -O -I. -I../../../../include -I../../../../target/zybo_z7_gcc -I../../../../arch/arm_gcc/zynq7000 -I../../../../arch/arm_gcc/common -I../../../../arch/gcc -I../../../.. -I../../../../sample -I./gen -I../../../../tecs_kernel -I../../../../tecsgen/tecs -I../../../../tecsgen/tecs/rpc -T ../../../../target/zybo_z7_gcc/target_check.trb --rom-symbol fmp.syms --rom-image fmp.srec, ...) failed.
make[1]: Leaving directory 'D:/fmp3_zybo_z7_gcc+tecs/target/zybo_z7_gcc/xilinx_sdk/tExc08'
make (e=2): 指定されたファイルが見つかりません。

make[1]: *** [Makefile:471: check.timestamp] Error 2
make: *** [Makefile:238: all] Error 2
12:20:27 **** Incremental Build of configuration Default for project sample1 ****
make all 
make: Nothing to be done for 'all'.
12:20:27 **** Incremental Build of configuration Default for project ca9_1 ****
make all 
cmd.exe /C copy ..\sample1\fmp.elf .
        1 個のファイルをコピーしました。
15:16:28 **** Incremental Build of configuration Default for project tExc08 ****
make all 
make[1]: Entering directory 'D:/fmp3_zybo_z7_gcc+tecs/target/zybo_z7_gcc/xilinx_sdk/tExc08'
make[1]: 'kernel_cfg.h' is up to date.
make[1]: 'offset.h' is up to date.
ruby ../../../../cfg/cfg.rb --pass 3 --kernel fmp -O -I. -I../../../../include  -I../../../../target/zybo_z7_gcc -I../../../../arch/arm_gcc/zynq7000 -I../../../../arch/arm_gcc/common -I../../../../arch/gcc -I../../../.. -I../../../../sample -I./gen -I../../../../tecs_kernel -I../../../../tecsgen/tecs -I../../../../tecsgen/tecs/rpc -T ../../../../target/zybo_z7_gcc/target_check.trb \
			--rom-symbol fmp.syms --rom-image fmp.srec
make[1]: Leaving directory 'D:/fmp3_zybo_z7_gcc+tecs/target/zybo_z7_gcc/xilinx_sdk/tExc08'
process_begin: CreateProcess(NULL, ruby ../../../../cfg/cfg.rb --pass 3 --kernel fmp -O -I. -I../../../../include -I../../../../target/zybo_z7_gcc -I../../../../arch/arm_gcc/zynq7000 -I../../../../arch/arm_gcc/common -I../../../../arch/gcc -I../../../.. -I../../../../sample -I./gen -I../../../../tecs_kernel -I../../../../tecsgen/tecs -I../../../../tecsgen/tecs/rpc -T ../../../../target/zybo_z7_gcc/target_check.trb --rom-symbol fmp.syms --rom-image fmp.srec, ...) failed.
make (e=2): 指定されたファイルが見つかりません。

make[1]: *** [Makefile:471: check.timestamp] Error 2
make: *** [Makefile:238: all] Error 2
15:16:29 **** Incremental Build of configuration Default for project sample1 ****
make all 
make: Nothing to be done for 'all'.
15:16:30 **** Incremental Build of configuration Default for project ca9_1 ****
make all 
cmd.exe /C copy ..\sample1\fmp.elf .
        1 個のファイルをコピーしました。
15:17:13 **** Incremental Build of configuration Default for project tExc08 ****
make all 
make[1]: Entering directory 'D:/fmp3_zybo_z7_gcc+tecs/target/zybo_z7_gcc/xilinx_sdk/tExc08'
make[1]: 'kernel_cfg.h' is up to date.
make[1]: 'offset.h' is up to date.
ruby ../../../../cfg/cfg.rb --pass 3 --kernel fmp -O -I. -I../../../../include  -I../../../../target/zybo_z7_gcc -I../../../../arch/arm_gcc/zynq7000 -I../../../../arch/arm_gcc/common -I../../../../arch/gcc -I../../../.. -I../../../../sample -I./gen -I../../../../tecs_kernel -I../../../../tecsgen/tecs -I../../../../tecsgen/tecs/rpc -T ../../../../target/zybo_z7_gcc/target_check.trb \
			--rom-symbol fmp.syms --rom-image fmp.srec
make[1]: Leaving directory 'D:/fmp3_zybo_z7_gcc+tecs/target/zybo_z7_gcc/xilinx_sdk/tExc08'
process_begin: CreateProcess(NULL, ruby ../../../../cfg/cfg.rb --pass 3 --kernel fmp -O -I. -I../../../../include -I../../../../target/zybo_z7_gcc -I../../../../arch/arm_gcc/zynq7000 -I../../../../arch/arm_gcc/common -I../../../../arch/gcc -I../../../.. -I../../../../sample -I./gen -I../../../../tecs_kernel -I../../../../tecsgen/tecs -I../../../../tecsgen/tecs/rpc -T ../../../../target/zybo_z7_gcc/target_check.trb --rom-symbol fmp.syms --rom-image fmp.srec, ...) failed.
make (e=2): 指定されたファイルが見つかりません。

make[1]: *** [Makefile:471: check.timestamp] Error 2
make: *** [Makefile:238: all] Error 2
15:17:15 **** Incremental Build of configuration Default for project sample1 ****
make all 
make: Nothing to be done for 'all'.
15:17:15 **** Incremental Build of configuration Default for project ca9_1 ****
make all 
cmd.exe /C copy ..\sample1\fmp.elf .
        1 個のファイルをコピーしました。
15:19:56 **** Incremental Build of configuration Default for project sample1 ****
make all 
make: Nothing to be done for 'all'.
15:19:57 **** Incremental Build of configuration Default for project ca9_1 ****
make all 
cmd.exe /C copy ..\sample1\fmp.elf .
        1 個のファイルをコピーしました。
15:19:57 **** Incremental Build of configuration Default for project exc08 ****
make all 
make: Nothing to be done for 'all'.
12:20:44 **** Incremental Build of configuration Default for project tExc08 ****
make all 
make[1]: Entering directory 'D:/fmp3_zybo_z7_gcc+tecs/target/zybo_z7_gcc/xilinx_sdk/tExc08'
make[1]: 'kernel_cfg.h' is up to date.
make[1]: 'offset.h' is up to date.
ruby ../../../../cfg/cfg.rb --pass 3 --kernel fmp -O -I. -I../../../../include  -I../../../../target/zybo_z7_gcc -I../../../../arch/arm_gcc/zynq7000 -I../../../../arch/arm_gcc/common -I../../../../arch/gcc -I../../../.. -I../../../../sample -I./gen -I../../../../tecs_kernel -I../../../../tecsgen/tecs -I../../../../tecsgen/tecs/rpc -T ../../../../target/zybo_z7_gcc/target_check.trb \
			--rom-symbol fmp.syms --rom-image fmp.srec
make[1]: Leaving directory 'D:/fmp3_zybo_z7_gcc+tecs/target/zybo_z7_gcc/xilinx_sdk/tExc08'
process_begin: CreateProcess(NULL, ruby ../../../../cfg/cfg.rb --pass 3 --kernel fmp -O -I. -I../../../../include -I../../../../target/zybo_z7_gcc -I../../../../arch/arm_gcc/zynq7000 -I../../../../arch/arm_gcc/common -I../../../../arch/gcc -I../../../.. -I../../../../sample -I./gen -I../../../../tecs_kernel -I../../../../tecsgen/tecs -I../../../../tecsgen/tecs/rpc -T ../../../../target/zybo_z7_gcc/target_check.trb --rom-symbol fmp.syms --rom-image fmp.srec, ...) failed.
make (e=2): 指定されたファイルが見つかりません。

make[1]: *** [Makefile:471: check.timestamp] Error 2
make: *** [Makefile:238: all] Error 2
12:20:45 **** Incremental Build of configuration Default for project sample1 ****
make all 
make: Nothing to be done for 'all'.
12:20:46 **** Incremental Build of configuration Default for project ca9_1 ****
make all 
cmd.exe /C copy ..\sample1\fmp.elf .
        1 個のファイルをコピーしました。
13:47:30 **** Incremental Build of configuration Default for project tExc08 ****
make all 
make[1]: Entering directory 'D:/fmp3_zybo_z7_gcc+tecs/target/zybo_z7_gcc/xilinx_sdk/tExc08'
make[1]: 'kernel_cfg.h' is up to date.
make[1]: 'offset.h' is up to date.
ruby ../../../../cfg/cfg.rb --pass 3 --kernel fmp -O -I. -I../../../../include  -I../../../../target/zybo_z7_gcc -I../../../../arch/arm_gcc/zynq7000 -I../../../../arch/arm_gcc/common -I../../../../arch/gcc -I../../../.. -I../../../../sample -I./gen -I../../../../tecs_kernel -I../../../../tecsgen/tecs -I../../../../tecsgen/tecs/rpc -T ../../../../target/zybo_z7_gcc/target_check.trb \
			--rom-symbol fmp.syms --rom-image fmp.srec
make[1]: Leaving directory 'D:/fmp3_zybo_z7_gcc+tecs/target/zybo_z7_gcc/xilinx_sdk/tExc08'
process_begin: CreateProcess(NULL, ruby ../../../../cfg/cfg.rb --pass 3 --kernel fmp -O -I. -I../../../../include -I../../../../target/zybo_z7_gcc -I../../../../arch/arm_gcc/zynq7000 -I../../../../arch/arm_gcc/common -I../../../../arch/gcc -I../../../.. -I../../../../sample -I./gen -I../../../../tecs_kernel -I../../../../tecsgen/tecs -I../../../../tecsgen/tecs/rpc -T ../../../../target/zybo_z7_gcc/target_check.trb --rom-symbol fmp.syms --rom-image fmp.srec, ...) failed.
make (e=2): 指定されたファイルが見つかりません。

make[1]: *** [Makefile:471: check.timestamp] Error 2
make: *** [Makefile:238: all] Error 2
13:47:34 **** Incremental Build of configuration Default for project sample1 ****
make all 
make: Nothing to be done for 'all'.
13:47:35 **** Incremental Build of configuration Default for project ca9_1 ****
make all 
cmd.exe /C copy ..\sample1\fmp.elf .
        1 個のファイルをコピーしました。
13:48:51 **** Incremental Build of configuration Default for project tExc08 ****
make all 
make[1]: Entering directory 'D:/fmp3_zybo_z7_gcc+tecs/target/zybo_z7_gcc/xilinx_sdk/tExc08'
make[1]: 'kernel_cfg.h' is up to date.
make[1]: 'offset.h' is up to date.
ruby ../../../../cfg/cfg.rb --pass 3 --kernel fmp -O -I. -I../../../../include  -I../../../../target/zybo_z7_gcc -I../../../../arch/arm_gcc/zynq7000 -I../../../../arch/arm_gcc/common -I../../../../arch/gcc -I../../../.. -I../../../../sample -I./gen -I../../../../tecs_kernel -I../../../../tecsgen/tecs -I../../../../tecsgen/tecs/rpc -T ../../../../target/zybo_z7_gcc/target_check.trb \
			--rom-symbol fmp.syms --rom-image fmp.srec
make[1]: Leaving directory 'D:/fmp3_zybo_z7_gcc+tecs/target/zybo_z7_gcc/xilinx_sdk/tExc08'
process_begin: CreateProcess(NULL, ruby ../../../../cfg/cfg.rb --pass 3 --kernel fmp -O -I. -I../../../../include -I../../../../target/zybo_z7_gcc -I../../../../arch/arm_gcc/zynq7000 -I../../../../arch/arm_gcc/common -I../../../../arch/gcc -I../../../.. -I../../../../sample -I./gen -I../../../../tecs_kernel -I../../../../tecsgen/tecs -I../../../../tecsgen/tecs/rpc -T ../../../../target/zybo_z7_gcc/target_check.trb --rom-symbol fmp.syms --rom-image fmp.srec, ...) failed.
make (e=2): 指定されたファイルが見つかりません。

make[1]: *** [Makefile:471: check.timestamp] Error 2
make: *** [Makefile:238: all] Error 2
13:48:53 **** Incremental Build of configuration Default for project sample1 ****
make all 
make: Nothing to be done for 'all'.
13:48:53 **** Incremental Build of configuration Default for project ca9_1 ****
make all 
cmd.exe /C copy ..\sample1\fmp.elf .
        1 個のファイルをコピーしました。
13:50:18 **** Incremental Build of configuration Default for project tExc08 ****
make all 
make[1]: Entering directory 'D:/fmp3_zybo_z7_gcc+tecs/target/zybo_z7_gcc/xilinx_sdk/tExc08'
make[1]: 'kernel_cfg.h' is up to date.
make[1]: 'offset.h' is up to date.
ruby ../../../../cfg/cfg.rb --pass 3 --kernel fmp -O -I. -I../../../../include  -I../../../../target/zybo_z7_gcc -I../../../../arch/arm_gcc/zynq7000 -I../../../../arch/arm_gcc/common -I../../../../arch/gcc -I../../../.. -I../../../../sample -I./gen -I../../../../tecs_kernel -I../../../../tecsgen/tecs -I../../../../tecsgen/tecs/rpc -T ../../../../target/zybo_z7_gcc/target_check.trb \
			--rom-symbol fmp.syms --rom-image fmp.srec
process_begin: CreateProcess(NULL, ruby ../../../../cfg/cfg.rb --pass 3 --kernel fmp -O -I. -I../../../../include -I../../../../target/zybo_z7_gcc -I../../../../arch/arm_gcc/zynq7000 -I../../../../arch/arm_gcc/common -I../../../../arch/gcc -I../../../.. -I../../../../sample -I./gen -I../../../../tecs_kernel -I../../../../tecsgen/tecs -I../../../../tecsgen/tecs/rpc -T ../../../../target/zybo_z7_gcc/target_check.trb --rom-symbol fmp.syms --rom-image fmp.srec, ...) failed.
make[1]: Leaving directory 'D:/fmp3_zybo_z7_gcc+tecs/target/zybo_z7_gcc/xilinx_sdk/tExc08'
make (e=2): 指定されたファイルが見つかりません。

make[1]: *** [Makefile:471: check.timestamp] Error 2
make: *** [Makefile:238: all] Error 2
13:50:20 **** Incremental Build of configuration Default for project sample1 ****
make all 
make: Nothing to be done for 'all'.
13:50:20 **** Incremental Build of configuration Default for project ca9_1 ****
make all 
cmd.exe /C copy ..\sample1\fmp.elf .
        1 個のファイルをコピーしました。
14:07:04 **** Incremental Build of configuration Default for project tExc08 ****
make all 
make[1]: Entering directory 'D:/fmp3_zybo_z7_gcc+tecs/target/zybo_z7_gcc/xilinx_sdk/tExc08'
make[1]: 'kernel_cfg.h' is up to date.
make[1]: 'offset.h' is up to date.
ruby ../../../../cfg/cfg.rb --pass 3 --kernel fmp -O -I. -I../../../../include  -I../../../../target/zybo_z7_gcc -I../../../../arch/arm_gcc/zynq7000 -I../../../../arch/arm_gcc/common -I../../../../arch/gcc -I../../../.. -I../../../../sample -I./gen -I../../../../tecs_kernel -I../../../../tecsgen/tecs -I../../../../tecsgen/tecs/rpc -T ../../../../target/zybo_z7_gcc/target_check.trb \
			--rom-symbol fmp.syms --rom-image fmp.srec
process_begin: CreateProcess(NULL, ruby ../../../../cfg/cfg.rb --pass 3 --kernel fmp -O -I. -I../../../../include -I../../../../target/zybo_z7_gcc -I../../../../arch/arm_gcc/zynq7000 -I../../../../arch/arm_gcc/common -I../../../../arch/gcc -I../../../.. -I../../../../sample -I./gen -I../../../../tecs_kernel -I../../../../tecsgen/tecs -I../../../../tecsgen/tecs/rpc -T ../../../../target/zybo_z7_gcc/target_check.trb --rom-symbol fmp.syms --rom-image fmp.srec, ...) failed.
make (e=2): 指定されたファイルが見つかりません。
make[1]: Leaving directory 'D:/fmp3_zybo_z7_gcc+tecs/target/zybo_z7_gcc/xilinx_sdk/tExc08'

make[1]: *** [Makefile:471: check.timestamp] Error 2
make: *** [Makefile:238: all] Error 2
14:07:06 **** Incremental Build of configuration Default for project sample1 ****
make all 
make: Nothing to be done for 'all'.
14:07:06 **** Incremental Build of configuration Default for project ca9_1 ****
make all 
cmd.exe /C copy ..\sample1\fmp.elf .
        1 個のファイルをコピーしました。
14:13:13 **** Incremental Build of configuration Default for project tExc08 ****
make all 
make[1]: Entering directory 'D:/fmp3_zybo_z7_gcc+tecs/target/zybo_z7_gcc/xilinx_sdk/tExc08'
make[1]: 'kernel_cfg.h' is up to date.
make[1]: 'offset.h' is up to date.
ruby ../../../../cfg/cfg.rb --pass 3 --kernel fmp -O -I. -I../../../../include  -I../../../../target/zybo_z7_gcc -I../../../../arch/arm_gcc/zynq7000 -I../../../../arch/arm_gcc/common -I../../../../arch/gcc -I../../../.. -I../../../../sample -I./gen -I../../../../tecs_kernel -I../../../../tecsgen/tecs -I../../../../tecsgen/tecs/rpc -T ../../../../target/zybo_z7_gcc/target_check.trb \
			--rom-symbol fmp.syms --rom-image fmp.srec
make[1]: Leaving directory 'D:/fmp3_zybo_z7_gcc+tecs/target/zybo_z7_gcc/xilinx_sdk/tExc08'
process_begin: CreateProcess(NULL, ruby ../../../../cfg/cfg.rb --pass 3 --kernel fmp -O -I. -I../../../../include -I../../../../target/zybo_z7_gcc -I../../../../arch/arm_gcc/zynq7000 -I../../../../arch/arm_gcc/common -I../../../../arch/gcc -I../../../.. -I../../../../sample -I./gen -I../../../../tecs_kernel -I../../../../tecsgen/tecs -I../../../../tecsgen/tecs/rpc -T ../../../../target/zybo_z7_gcc/target_check.trb --rom-symbol fmp.syms --rom-image fmp.srec, ...) failed.
make (e=2): 指定されたファイルが見つかりません。

make[1]: *** [Makefile:471: check.timestamp] Error 2
make: *** [Makefile:238: all] Error 2
14:13:14 **** Incremental Build of configuration Default for project sample1 ****
make all 
make: Nothing to be done for 'all'.
14:13:15 **** Incremental Build of configuration Default for project ca9_1 ****
make all 
cmd.exe /C copy ..\sample1\fmp.elf .
        1 個のファイルをコピーしました。
14:18:54 **** Incremental Build of configuration Default for project tExc08 ****
make all 
make[1]: Entering directory 'D:/fmp3_zybo_z7_gcc+tecs/target/zybo_z7_gcc/xilinx_sdk/tExc08'
make[1]: 'kernel_cfg.h' is up to date.
make[1]: 'offset.h' is up to date.
ruby ../../../../cfg/cfg.rb --pass 3 --kernel fmp -O -I. -I../../../../include  -I../../../../target/zybo_z7_gcc -I../../../../arch/arm_gcc/zynq7000 -I../../../../arch/arm_gcc/common -I../../../../arch/gcc -I../../../.. -I../../../../sample -I./gen -I../../../../tecs_kernel -I../../../../tecsgen/tecs -I../../../../tecsgen/tecs/rpc -T ../../../../target/zybo_z7_gcc/target_check.trb \
			--rom-symbol fmp.syms --rom-image fmp.srec
process_begin: CreateProcess(NULL, ruby ../../../../cfg/cfg.rb --pass 3 --kernel fmp -O -I. -I../../../../include -I../../../../target/zybo_z7_gcc -I../../../../arch/arm_gcc/zynq7000 -I../../../../arch/arm_gcc/common -I../../../../arch/gcc -I../../../.. -I../../../../sample -I./gen -I../../../../tecs_kernel -I../../../../tecsgen/tecs -I../../../../tecsgen/tecs/rpc -T ../../../../target/zybo_z7_gcc/target_check.trb --rom-symbol fmp.syms --rom-image fmp.srec, ...) failed.
make (e=2): 指定されたファイルが見つかりません。
make[1]: Leaving directory 'D:/fmp3_zybo_z7_gcc+tecs/target/zybo_z7_gcc/xilinx_sdk/tExc08'

make[1]: *** [Makefile:471: check.timestamp] Error 2
make: *** [Makefile:238: all] Error 2
14:18:56 **** Incremental Build of configuration Default for project sample1 ****
make all 
make: Nothing to be done for 'all'.
14:18:56 **** Incremental Build of configuration Default for project ca9_1 ****
make all 
cmd.exe /C copy ..\sample1\fmp.elf .
        1 個のファイルをコピーしました。
14:19:52 **** Incremental Build of configuration Default for project tExc08 ****
make all 
make[1]: Entering directory 'D:/fmp3_zybo_z7_gcc+tecs/target/zybo_z7_gcc/xilinx_sdk/tExc08'
make[1]: 'kernel_cfg.h' is up to date.
make[1]: 'offset.h' is up to date.
ruby ../../../../cfg/cfg.rb --pass 3 --kernel fmp -O -I. -I../../../../include  -I../../../../target/zybo_z7_gcc -I../../../../arch/arm_gcc/zynq7000 -I../../../../arch/arm_gcc/common -I../../../../arch/gcc -I../../../.. -I../../../../sample -I./gen -I../../../../tecs_kernel -I../../../../tecsgen/tecs -I../../../../tecsgen/tecs/rpc -T ../../../../target/zybo_z7_gcc/target_check.trb \
			--rom-symbol fmp.syms --rom-image fmp.srec
make[1]: Leaving directory 'D:/fmp3_zybo_z7_gcc+tecs/target/zybo_z7_gcc/xilinx_sdk/tExc08'
process_begin: CreateProcess(NULL, ruby ../../../../cfg/cfg.rb --pass 3 --kernel fmp -O -I. -I../../../../include -I../../../../target/zybo_z7_gcc -I../../../../arch/arm_gcc/zynq7000 -I../../../../arch/arm_gcc/common -I../../../../arch/gcc -I../../../.. -I../../../../sample -I./gen -I../../../../tecs_kernel -I../../../../tecsgen/tecs -I../../../../tecsgen/tecs/rpc -T ../../../../target/zybo_z7_gcc/target_check.trb --rom-symbol fmp.syms --rom-image fmp.srec, ...) failed.
make (e=2): 指定されたファイルが見つかりません。

make[1]: *** [Makefile:471: check.timestamp] Error 2
make: *** [Makefile:238: all] Error 2
14:19:54 **** Incremental Build of configuration Default for project sample1 ****
make all 
make: Nothing to be done for 'all'.
14:19:54 **** Incremental Build of configuration Default for project ca9_1 ****
make all 
cmd.exe /C copy ..\sample1\fmp.elf .
        1 個のファイルをコピーしました。
14:36:00 **** Incremental Build of configuration Default for project tExc08 ****
make all 
make[1]: Entering directory 'D:/fmp3_zybo_z7_gcc+tecs/target/zybo_z7_gcc/xilinx_sdk/tExc08'
make[1]: 'kernel_cfg.h' is up to date.
make[1]: 'offset.h' is up to date.
ruby ../../../../cfg/cfg.rb --pass 3 --kernel fmp -O -I. -I../../../../include  -I../../../../target/zybo_z7_gcc -I../../../../arch/arm_gcc/zynq7000 -I../../../../arch/arm_gcc/common -I../../../../arch/gcc -I../../../.. -I../../../../sample -I./gen -I../../../../tecs_kernel -I../../../../tecsgen/tecs -I../../../../tecsgen/tecs/rpc -T ../../../../target/zybo_z7_gcc/target_check.trb \
			--rom-symbol fmp.syms --rom-image fmp.srec
make[1]: Leaving directory 'D:/fmp3_zybo_z7_gcc+tecs/target/zybo_z7_gcc/xilinx_sdk/tExc08'
process_begin: CreateProcess(NULL, ruby ../../../../cfg/cfg.rb --pass 3 --kernel fmp -O -I. -I../../../../include -I../../../../target/zybo_z7_gcc -I../../../../arch/arm_gcc/zynq7000 -I../../../../arch/arm_gcc/common -I../../../../arch/gcc -I../../../.. -I../../../../sample -I./gen -I../../../../tecs_kernel -I../../../../tecsgen/tecs -I../../../../tecsgen/tecs/rpc -T ../../../../target/zybo_z7_gcc/target_check.trb --rom-symbol fmp.syms --rom-image fmp.srec, ...) failed.
make (e=2): 指定されたファイルが見つかりません。

make[1]: *** [Makefile:471: check.timestamp] Error 2
make: *** [Makefile:238: all] Error 2
14:36:01 **** Incremental Build of configuration Default for project sample1 ****
make all 
make: Nothing to be done for 'all'.
14:36:02 **** Incremental Build of configuration Default for project ca9_1 ****
make all 
cmd.exe /C copy ..\sample1\fmp.elf .
        1 個のファイルをコピーしました。
14:36:57 **** Incremental Build of configuration Default for project tExc08 ****
make all 
make[1]: Entering directory 'D:/fmp3_zybo_z7_gcc+tecs/target/zybo_z7_gcc/xilinx_sdk/tExc08'
make[1]: 'kernel_cfg.h' is up to date.
make[1]: 'offset.h' is up to date.
ruby ../../../../cfg/cfg.rb --pass 3 --kernel fmp -O -I. -I../../../../include  -I../../../../target/zybo_z7_gcc -I../../../../arch/arm_gcc/zynq7000 -I../../../../arch/arm_gcc/common -I../../../../arch/gcc -I../../../.. -I../../../../sample -I./gen -I../../../../tecs_kernel -I../../../../tecsgen/tecs -I../../../../tecsgen/tecs/rpc -T ../../../../target/zybo_z7_gcc/target_check.trb \
			--rom-symbol fmp.syms --rom-image fmp.srec
make[1]: Leaving directory 'D:/fmp3_zybo_z7_gcc+tecs/target/zybo_z7_gcc/xilinx_sdk/tExc08'
process_begin: CreateProcess(NULL, ruby ../../../../cfg/cfg.rb --pass 3 --kernel fmp -O -I. -I../../../../include -I../../../../target/zybo_z7_gcc -I../../../../arch/arm_gcc/zynq7000 -I../../../../arch/arm_gcc/common -I../../../../arch/gcc -I../../../.. -I../../../../sample -I./gen -I../../../../tecs_kernel -I../../../../tecsgen/tecs -I../../../../tecsgen/tecs/rpc -T ../../../../target/zybo_z7_gcc/target_check.trb --rom-symbol fmp.syms --rom-image fmp.srec, ...) failed.
make (e=2): 指定されたファイルが見つかりません。

make[1]: *** [Makefile:471: check.timestamp] Error 2
make: *** [Makefile:238: all] Error 2
14:36:58 **** Incremental Build of configuration Default for project sample1 ****
make all 
make: Nothing to be done for 'all'.
14:36:59 **** Incremental Build of configuration Default for project ca9_1 ****
make all 
cmd.exe /C copy ..\sample1\fmp.elf .
        1 個のファイルをコピーしました。
14:39:47 **** Incremental Build of configuration Default for project tExc08 ****
make all 
make[1]: Entering directory 'D:/fmp3_zybo_z7_gcc+tecs/target/zybo_z7_gcc/xilinx_sdk/tExc08'
make[1]: 'kernel_cfg.h' is up to date.
make[1]: 'offset.h' is up to date.
ruby ../../../../cfg/cfg.rb --pass 3 --kernel fmp -O -I. -I../../../../include  -I../../../../target/zybo_z7_gcc -I../../../../arch/arm_gcc/zynq7000 -I../../../../arch/arm_gcc/common -I../../../../arch/gcc -I../../../.. -I../../../../sample -I./gen -I../../../../tecs_kernel -I../../../../tecsgen/tecs -I../../../../tecsgen/tecs/rpc -T ../../../../target/zybo_z7_gcc/target_check.trb \
			--rom-symbol fmp.syms --rom-image fmp.srec
process_begin: CreateProcess(NULL, ruby ../../../../cfg/cfg.rb --pass 3 --kernel fmp -O -I. -I../../../../include -I../../../../target/zybo_z7_gcc -I../../../../arch/arm_gcc/zynq7000 -I../../../../arch/arm_gcc/common -I../../../../arch/gcc -I../../../.. -I../../../../sample -I./gen -I../../../../tecs_kernel -I../../../../tecsgen/tecs -I../../../../tecsgen/tecs/rpc -T ../../../../target/zybo_z7_gcc/target_check.trb --rom-symbol fmp.syms --rom-image fmp.srec, ...) failed.
make[1]: Leaving directory 'D:/fmp3_zybo_z7_gcc+tecs/target/zybo_z7_gcc/xilinx_sdk/tExc08'
make (e=2): 指定されたファイルが見つかりません。

make[1]: *** [Makefile:471: check.timestamp] Error 2
make: *** [Makefile:238: all] Error 2
14:39:49 **** Incremental Build of configuration Default for project sample1 ****
make all 
make: Nothing to be done for 'all'.
14:39:50 **** Incremental Build of configuration Default for project ca9_1 ****
make all 
cmd.exe /C copy ..\sample1\fmp.elf .
        1 個のファイルをコピーしました。
14:43:37 **** Incremental Build of configuration Default for project tExc08 ****
make all 
make[1]: Entering directory 'D:/fmp3_zybo_z7_gcc+tecs/target/zybo_z7_gcc/xilinx_sdk/tExc08'
make[1]: 'kernel_cfg.h' is up to date.
make[1]: 'offset.h' is up to date.
ruby ../../../../cfg/cfg.rb --pass 3 --kernel fmp -O -I. -I../../../../include  -I../../../../target/zybo_z7_gcc -I../../../../arch/arm_gcc/zynq7000 -I../../../../arch/arm_gcc/common -I../../../../arch/gcc -I../../../.. -I../../../../sample -I./gen -I../../../../tecs_kernel -I../../../../tecsgen/tecs -I../../../../tecsgen/tecs/rpc -T ../../../../target/zybo_z7_gcc/target_check.trb \
			--rom-symbol fmp.syms --rom-image fmp.srec
process_begin: CreateProcess(NULL, ruby ../../../../cfg/cfg.rb --pass 3 --kernel fmp -O -I. -I../../../../include -I../../../../target/zybo_z7_gcc -I../../../../arch/arm_gcc/zynq7000 -I../../../../arch/arm_gcc/common -I../../../../arch/gcc -I../../../.. -I../../../../sample -I./gen -I../../../../tecs_kernel -I../../../../tecsgen/tecs -I../../../../tecsgen/tecs/rpc -T ../../../../target/zybo_z7_gcc/target_check.trb --rom-symbol fmp.syms --rom-image fmp.srec, ...) failed.
make (e=2): 指定されたファイルが見つかりません。
make[1]: Leaving directory 'D:/fmp3_zybo_z7_gcc+tecs/target/zybo_z7_gcc/xilinx_sdk/tExc08'

make[1]: *** [Makefile:471: check.timestamp] Error 2
make: *** [Makefile:238: all] Error 2
14:43:38 **** Incremental Build of configuration Default for project sample1 ****
make all 
make: Nothing to be done for 'all'.
14:43:39 **** Incremental Build of configuration Default for project ca9_1 ****
make all 
cmd.exe /C copy ..\sample1\fmp.elf .
        1 個のファイルをコピーしました。
14:58:44 **** Incremental Build of configuration Default for project tExc08 ****
make all 
make[1]: Entering directory 'D:/fmp3_zybo_z7_gcc+tecs/target/zybo_z7_gcc/xilinx_sdk/tExc08'
make[1]: 'kernel_cfg.h' is up to date.
make[1]: 'offset.h' is up to date.
ruby ../../../../cfg/cfg.rb --pass 3 --kernel fmp -O -I. -I../../../../include  -I../../../../target/zybo_z7_gcc -I../../../../arch/arm_gcc/zynq7000 -I../../../../arch/arm_gcc/common -I../../../../arch/gcc -I../../../.. -I../../../../sample -I./gen -I../../../../tecs_kernel -I../../../../tecsgen/tecs -I../../../../tecsgen/tecs/rpc -T ../../../../target/zybo_z7_gcc/target_check.trb \
			--rom-symbol fmp.syms --rom-image fmp.srec
make[1]: Leaving directory 'D:/fmp3_zybo_z7_gcc+tecs/target/zybo_z7_gcc/xilinx_sdk/tExc08'
process_begin: CreateProcess(NULL, ruby ../../../../cfg/cfg.rb --pass 3 --kernel fmp -O -I. -I../../../../include -I../../../../target/zybo_z7_gcc -I../../../../arch/arm_gcc/zynq7000 -I../../../../arch/arm_gcc/common -I../../../../arch/gcc -I../../../.. -I../../../../sample -I./gen -I../../../../tecs_kernel -I../../../../tecsgen/tecs -I../../../../tecsgen/tecs/rpc -T ../../../../target/zybo_z7_gcc/target_check.trb --rom-symbol fmp.syms --rom-image fmp.srec, ...) failed.
make (e=2): 指定されたファイルが見つかりません。

make[1]: *** [Makefile:471: check.timestamp] Error 2
make: *** [Makefile:238: all] Error 2
14:58:46 **** Incremental Build of configuration Default for project sample1 ****
make all 
make: Nothing to be done for 'all'.
14:58:46 **** Incremental Build of configuration Default for project ca9_1 ****
make all 
cmd.exe /C copy ..\sample1\fmp.elf .
        1 個のファイルをコピーしました。
15:00:41 **** Incremental Build of configuration Default for project tExc08 ****
make all 
make[1]: Entering directory 'D:/fmp3_zybo_z7_gcc+tecs/target/zybo_z7_gcc/xilinx_sdk/tExc08'
make[1]: 'kernel_cfg.h' is up to date.
make[1]: 'offset.h' is up to date.
ruby ../../../../cfg/cfg.rb --pass 3 --kernel fmp -O -I. -I../../../../include  -I../../../../target/zybo_z7_gcc -I../../../../arch/arm_gcc/zynq7000 -I../../../../arch/arm_gcc/common -I../../../../arch/gcc -I../../../.. -I../../../../sample -I./gen -I../../../../tecs_kernel -I../../../../tecsgen/tecs -I../../../../tecsgen/tecs/rpc -T ../../../../target/zybo_z7_gcc/target_check.trb \
			--rom-symbol fmp.syms --rom-image fmp.srec
make[1]: Leaving directory 'D:/fmp3_zybo_z7_gcc+tecs/target/zybo_z7_gcc/xilinx_sdk/tExc08'
process_begin: CreateProcess(NULL, ruby ../../../../cfg/cfg.rb --pass 3 --kernel fmp -O -I. -I../../../../include -I../../../../target/zybo_z7_gcc -I../../../../arch/arm_gcc/zynq7000 -I../../../../arch/arm_gcc/common -I../../../../arch/gcc -I../../../.. -I../../../../sample -I./gen -I../../../../tecs_kernel -I../../../../tecsgen/tecs -I../../../../tecsgen/tecs/rpc -T ../../../../target/zybo_z7_gcc/target_check.trb --rom-symbol fmp.syms --rom-image fmp.srec, ...) failed.
make (e=2): 指定されたファイルが見つかりません。

make[1]: *** [Makefile:471: check.timestamp] Error 2
make: *** [Makefile:238: all] Error 2
15:00:42 **** Incremental Build of configuration Default for project sample1 ****
make all 
make: Nothing to be done for 'all'.
15:00:43 **** Incremental Build of configuration Default for project ca9_1 ****
make all 
cmd.exe /C copy ..\sample1\fmp.elf .
        1 個のファイルをコピーしました。
15:04:01 **** Incremental Build of configuration Default for project tExc08 ****
make all 
make[1]: Entering directory 'D:/fmp3_zybo_z7_gcc+tecs/target/zybo_z7_gcc/xilinx_sdk/tExc08'
make[1]: 'kernel_cfg.h' is up to date.
make[1]: 'offset.h' is up to date.
ruby ../../../../cfg/cfg.rb --pass 3 --kernel fmp -O -I. -I../../../../include  -I../../../../target/zybo_z7_gcc -I../../../../arch/arm_gcc/zynq7000 -I../../../../arch/arm_gcc/common -I../../../../arch/gcc -I../../../.. -I../../../../sample -I./gen -I../../../../tecs_kernel -I../../../../tecsgen/tecs -I../../../../tecsgen/tecs/rpc -T ../../../../target/zybo_z7_gcc/target_check.trb \
			--rom-symbol fmp.syms --rom-image fmp.srec
make[1]: Leaving directory 'D:/fmp3_zybo_z7_gcc+tecs/target/zybo_z7_gcc/xilinx_sdk/tExc08'
process_begin: CreateProcess(NULL, ruby ../../../../cfg/cfg.rb --pass 3 --kernel fmp -O -I. -I../../../../include -I../../../../target/zybo_z7_gcc -I../../../../arch/arm_gcc/zynq7000 -I../../../../arch/arm_gcc/common -I../../../../arch/gcc -I../../../.. -I../../../../sample -I./gen -I../../../../tecs_kernel -I../../../../tecsgen/tecs -I../../../../tecsgen/tecs/rpc -T ../../../../target/zybo_z7_gcc/target_check.trb --rom-symbol fmp.syms --rom-image fmp.srec, ...) failed.
make (e=2): 指定されたファイルが見つかりません。

make[1]: *** [Makefile:471: check.timestamp] Error 2
make: *** [Makefile:238: all] Error 2
15:04:02 **** Incremental Build of configuration Default for project sample1 ****
make all 
make: Nothing to be done for 'all'.
15:04:03 **** Incremental Build of configuration Default for project ca9_1 ****
make all 
cmd.exe /C copy ..\sample1\fmp.elf .
        1 個のファイルをコピーしました。
15:05:03 **** Incremental Build of configuration Default for project tExc08 ****
make all 
make[1]: Entering directory 'D:/fmp3_zybo_z7_gcc+tecs/target/zybo_z7_gcc/xilinx_sdk/tExc08'
make[1]: 'kernel_cfg.h' is up to date.
make[1]: 'offset.h' is up to date.
ruby ../../../../cfg/cfg.rb --pass 3 --kernel fmp -O -I. -I../../../../include  -I../../../../target/zybo_z7_gcc -I../../../../arch/arm_gcc/zynq7000 -I../../../../arch/arm_gcc/common -I../../../../arch/gcc -I../../../.. -I../../../../sample -I./gen -I../../../../tecs_kernel -I../../../../tecsgen/tecs -I../../../../tecsgen/tecs/rpc -T ../../../../target/zybo_z7_gcc/target_check.trb \
			--rom-symbol fmp.syms --rom-image fmp.srec
process_begin: CreateProcess(NULL, ruby ../../../../cfg/cfg.rb --pass 3 --kernel fmp -O -I. -I../../../../include -I../../../../target/zybo_z7_gcc -I../../../../arch/arm_gcc/zynq7000 -I../../../../arch/arm_gcc/common -I../../../../arch/gcc -I../../../.. -I../../../../sample -I./gen -I../../../../tecs_kernel -I../../../../tecsgen/tecs -I../../../../tecsgen/tecs/rpc -T ../../../../target/zybo_z7_gcc/target_check.trb --rom-symbol fmp.syms --rom-image fmp.srec, ...) failed.
make (e=2): 指定されたファイルが見つかりません。

make[1]: *** [Makefile:471: check.timestamp] Error 2
make[1]: Leaving directory 'D:/fmp3_zybo_z7_gcc+tecs/target/zybo_z7_gcc/xilinx_sdk/tExc08'
make: *** [Makefile:238: all] Error 2
15:05:05 **** Incremental Build of configuration Default for project sample1 ****
make all 
make: Nothing to be done for 'all'.
15:05:05 **** Incremental Build of configuration Default for project ca9_1 ****
make all 
cmd.exe /C copy ..\sample1\fmp.elf .
        1 個のファイルをコピーしました。
15:06:36 **** Incremental Build of configuration Default for project tExc08 ****
make all 
make[1]: Entering directory 'D:/fmp3_zybo_z7_gcc+tecs/target/zybo_z7_gcc/xilinx_sdk/tExc08'
make[1]: 'kernel_cfg.h' is up to date.
make[1]: 'offset.h' is up to date.
ruby ../../../../cfg/cfg.rb --pass 3 --kernel fmp -O -I. -I../../../../include  -I../../../../target/zybo_z7_gcc -I../../../../arch/arm_gcc/zynq7000 -I../../../../arch/arm_gcc/common -I../../../../arch/gcc -I../../../.. -I../../../../sample -I./gen -I../../../../tecs_kernel -I../../../../tecsgen/tecs -I../../../../tecsgen/tecs/rpc -T ../../../../target/zybo_z7_gcc/target_check.trb \
			--rom-symbol fmp.syms --rom-image fmp.srec
make[1]: Leaving directory 'D:/fmp3_zybo_z7_gcc+tecs/target/zybo_z7_gcc/xilinx_sdk/tExc08'
process_begin: CreateProcess(NULL, ruby ../../../../cfg/cfg.rb --pass 3 --kernel fmp -O -I. -I../../../../include -I../../../../target/zybo_z7_gcc -I../../../../arch/arm_gcc/zynq7000 -I../../../../arch/arm_gcc/common -I../../../../arch/gcc -I../../../.. -I../../../../sample -I./gen -I../../../../tecs_kernel -I../../../../tecsgen/tecs -I../../../../tecsgen/tecs/rpc -T ../../../../target/zybo_z7_gcc/target_check.trb --rom-symbol fmp.syms --rom-image fmp.srec, ...) failed.
make (e=2): 指定されたファイルが見つかりません。

make[1]: *** [Makefile:471: check.timestamp] Error 2
make: *** [Makefile:238: all] Error 2
15:06:37 **** Incremental Build of configuration Default for project sample1 ****
make all 
make: Nothing to be done for 'all'.
15:06:38 **** Incremental Build of configuration Default for project ca9_1 ****
make all 
cmd.exe /C copy ..\sample1\fmp.elf .
        1 個のファイルをコピーしました。
15:08:01 **** Incremental Build of configuration Default for project tExc08 ****
make all 
make[1]: Entering directory 'D:/fmp3_zybo_z7_gcc+tecs/target/zybo_z7_gcc/xilinx_sdk/tExc08'
make[1]: 'kernel_cfg.h' is up to date.
make[1]: 'offset.h' is up to date.
ruby ../../../../cfg/cfg.rb --pass 3 --kernel fmp -O -I. -I../../../../include  -I../../../../target/zybo_z7_gcc -I../../../../arch/arm_gcc/zynq7000 -I../../../../arch/arm_gcc/common -I../../../../arch/gcc -I../../../.. -I../../../../sample -I./gen -I../../../../tecs_kernel -I../../../../tecsgen/tecs -I../../../../tecsgen/tecs/rpc -T ../../../../target/zybo_z7_gcc/target_check.trb \
			--rom-symbol fmp.syms --rom-image fmp.srec
make[1]: Leaving directory 'D:/fmp3_zybo_z7_gcc+tecs/target/zybo_z7_gcc/xilinx_sdk/tExc08'
process_begin: CreateProcess(NULL, ruby ../../../../cfg/cfg.rb --pass 3 --kernel fmp -O -I. -I../../../../include -I../../../../target/zybo_z7_gcc -I../../../../arch/arm_gcc/zynq7000 -I../../../../arch/arm_gcc/common -I../../../../arch/gcc -I../../../.. -I../../../../sample -I./gen -I../../../../tecs_kernel -I../../../../tecsgen/tecs -I../../../../tecsgen/tecs/rpc -T ../../../../target/zybo_z7_gcc/target_check.trb --rom-symbol fmp.syms --rom-image fmp.srec, ...) failed.
make (e=2): 指定されたファイルが見つかりません。

make[1]: *** [Makefile:471: check.timestamp] Error 2
make: *** [Makefile:238: all] Error 2
15:08:02 **** Incremental Build of configuration Default for project sample1 ****
make all 
make: Nothing to be done for 'all'.
15:08:03 **** Incremental Build of configuration Default for project ca9_1 ****
make all 
cmd.exe /C copy ..\sample1\fmp.elf .
        1 個のファイルをコピーしました。
15:09:44 **** Incremental Build of configuration Default for project tExc08 ****
make all 
make[1]: Entering directory 'D:/fmp3_zybo_z7_gcc+tecs/target/zybo_z7_gcc/xilinx_sdk/tExc08'
make[1]: 'kernel_cfg.h' is up to date.
make[1]: 'offset.h' is up to date.
ruby ../../../../cfg/cfg.rb --pass 3 --kernel fmp -O -I. -I../../../../include  -I../../../../target/zybo_z7_gcc -I../../../../arch/arm_gcc/zynq7000 -I../../../../arch/arm_gcc/common -I../../../../arch/gcc -I../../../.. -I../../../../sample -I./gen -I../../../../tecs_kernel -I../../../../tecsgen/tecs -I../../../../tecsgen/tecs/rpc -T ../../../../target/zybo_z7_gcc/target_check.trb \
			--rom-symbol fmp.syms --rom-image fmp.srec
make[1]: Leaving directory 'D:/fmp3_zybo_z7_gcc+tecs/target/zybo_z7_gcc/xilinx_sdk/tExc08'
process_begin: CreateProcess(NULL, ruby ../../../../cfg/cfg.rb --pass 3 --kernel fmp -O -I. -I../../../../include -I../../../../target/zybo_z7_gcc -I../../../../arch/arm_gcc/zynq7000 -I../../../../arch/arm_gcc/common -I../../../../arch/gcc -I../../../.. -I../../../../sample -I./gen -I../../../../tecs_kernel -I../../../../tecsgen/tecs -I../../../../tecsgen/tecs/rpc -T ../../../../target/zybo_z7_gcc/target_check.trb --rom-symbol fmp.syms --rom-image fmp.srec, ...) failed.
make (e=2): 指定されたファイルが見つかりません。

make[1]: *** [Makefile:471: check.timestamp] Error 2
make: *** [Makefile:238: all] Error 2
15:09:46 **** Incremental Build of configuration Default for project sample1 ****
make all 
make: Nothing to be done for 'all'.
15:09:46 **** Incremental Build of configuration Default for project ca9_1 ****
make all 
cmd.exe /C copy ..\sample1\fmp.elf .
        1 個のファイルをコピーしました。
15:13:20 **** Incremental Build of configuration Default for project tExc08 ****
make all 
make[1]: Entering directory 'D:/fmp3_zybo_z7_gcc+tecs/target/zybo_z7_gcc/xilinx_sdk/tExc08'
make[1]: 'kernel_cfg.h' is up to date.
make[1]: 'offset.h' is up to date.
ruby ../../../../cfg/cfg.rb --pass 3 --kernel fmp -O -I. -I../../../../include  -I../../../../target/zybo_z7_gcc -I../../../../arch/arm_gcc/zynq7000 -I../../../../arch/arm_gcc/common -I../../../../arch/gcc -I../../../.. -I../../../../sample -I./gen -I../../../../tecs_kernel -I../../../../tecsgen/tecs -I../../../../tecsgen/tecs/rpc -T ../../../../target/zybo_z7_gcc/target_check.trb \
			--rom-symbol fmp.syms --rom-image fmp.srec
process_begin: CreateProcess(NULL, ruby ../../../../cfg/cfg.rb --pass 3 --kernel fmp -O -I. -I../../../../include -I../../../../target/zybo_z7_gcc -I../../../../arch/arm_gcc/zynq7000 -I../../../../arch/arm_gcc/common -I../../../../arch/gcc -I../../../.. -I../../../../sample -I./gen -I../../../../tecs_kernel -I../../../../tecsgen/tecs -I../../../../tecsgen/tecs/rpc -T ../../../../target/zybo_z7_gcc/target_check.trb --rom-symbol fmp.syms --rom-image fmp.srec, ...) failed.
make (e=2): 指定されたファイルが見つかりません。
make[1]: Leaving directory 'D:/fmp3_zybo_z7_gcc+tecs/target/zybo_z7_gcc/xilinx_sdk/tExc08'

make[1]: *** [Makefile:471: check.timestamp] Error 2
make: *** [Makefile:238: all] Error 2
15:13:21 **** Incremental Build of configuration Default for project sample1 ****
make all 
make: Nothing to be done for 'all'.
15:13:22 **** Incremental Build of configuration Default for project ca9_1 ****
make all 
cmd.exe /C copy ..\sample1\fmp.elf .
        1 個のファイルをコピーしました。
15:28:42 **** Incremental Build of configuration Default for project tExc08 ****
make all 
make[1]: Entering directory 'D:/fmp3_zybo_z7_gcc+tecs/target/zybo_z7_gcc/xilinx_sdk/tExc08'
make[1]: 'kernel_cfg.h' is up to date.
make[1]: 'offset.h' is up to date.
ruby ../../../../cfg/cfg.rb --pass 3 --kernel fmp -O -I. -I../../../../include  -I../../../../target/zybo_z7_gcc -I../../../../arch/arm_gcc/zynq7000 -I../../../../arch/arm_gcc/common -I../../../../arch/gcc -I../../../.. -I../../../../sample -I./gen -I../../../../tecs_kernel -I../../../../tecsgen/tecs -I../../../../tecsgen/tecs/rpc -T ../../../../target/zybo_z7_gcc/target_check.trb \
			--rom-symbol fmp.syms --rom-image fmp.srec
make[1]: Leaving directory 'D:/fmp3_zybo_z7_gcc+tecs/target/zybo_z7_gcc/xilinx_sdk/tExc08'
process_begin: CreateProcess(NULL, ruby ../../../../cfg/cfg.rb --pass 3 --kernel fmp -O -I. -I../../../../include -I../../../../target/zybo_z7_gcc -I../../../../arch/arm_gcc/zynq7000 -I../../../../arch/arm_gcc/common -I../../../../arch/gcc -I../../../.. -I../../../../sample -I./gen -I../../../../tecs_kernel -I../../../../tecsgen/tecs -I../../../../tecsgen/tecs/rpc -T ../../../../target/zybo_z7_gcc/target_check.trb --rom-symbol fmp.syms --rom-image fmp.srec, ...) failed.
make (e=2): 指定されたファイルが見つかりません。

make[1]: *** [Makefile:471: check.timestamp] Error 2
make: *** [Makefile:238: all] Error 2
15:28:43 **** Incremental Build of configuration Default for project sample1 ****
make all 
make: Nothing to be done for 'all'.
15:28:44 **** Incremental Build of configuration Default for project ca9_1 ****
make all 
cmd.exe /C copy ..\sample1\fmp.elf .
        1 個のファイルをコピーしました。
15:29:26 **** Incremental Build of configuration Default for project tExc08 ****
make all 
make[1]: Entering directory 'D:/fmp3_zybo_z7_gcc+tecs/target/zybo_z7_gcc/xilinx_sdk/tExc08'
make[1]: 'kernel_cfg.h' is up to date.
make[1]: 'offset.h' is up to date.
ruby ../../../../cfg/cfg.rb --pass 3 --kernel fmp -O -I. -I../../../../include  -I../../../../target/zybo_z7_gcc -I../../../../arch/arm_gcc/zynq7000 -I../../../../arch/arm_gcc/common -I../../../../arch/gcc -I../../../.. -I../../../../sample -I./gen -I../../../../tecs_kernel -I../../../../tecsgen/tecs -I../../../../tecsgen/tecs/rpc -T ../../../../target/zybo_z7_gcc/target_check.trb \
			--rom-symbol fmp.syms --rom-image fmp.srec
process_begin: CreateProcess(NULL, ruby ../../../../cfg/cfg.rb --pass 3 --kernel fmp -O -I. -I../../../../include -I../../../../target/zybo_z7_gcc -I../../../../arch/arm_gcc/zynq7000 -I../../../../arch/arm_gcc/common -I../../../../arch/gcc -I../../../.. -I../../../../sample -I./gen -I../../../../tecs_kernel -I../../../../tecsgen/tecs -I../../../../tecsgen/tecs/rpc -T ../../../../target/zybo_z7_gcc/target_check.trb --rom-symbol fmp.syms --rom-image fmp.srec, ...) failed.
make (e=2): 指定されたファイルが見つかりません。
make[1]: Leaving directory 'D:/fmp3_zybo_z7_gcc+tecs/target/zybo_z7_gcc/xilinx_sdk/tExc08'

make[1]: *** [Makefile:471: check.timestamp] Error 2
make: *** [Makefile:238: all] Error 2
15:29:28 **** Incremental Build of configuration Default for project sample1 ****
make all 
make: Nothing to be done for 'all'.
15:29:28 **** Incremental Build of configuration Default for project ca9_1 ****
make all 
cmd.exe /C copy ..\sample1\fmp.elf .
        1 個のファイルをコピーしました。
15:31:29 **** Incremental Build of configuration Default for project tExc08 ****
make all 
make[1]: Entering directory 'D:/fmp3_zybo_z7_gcc+tecs/target/zybo_z7_gcc/xilinx_sdk/tExc08'
make[1]: 'kernel_cfg.h' is up to date.
make[1]: 'offset.h' is up to date.
ruby ../../../../cfg/cfg.rb --pass 3 --kernel fmp -O -I. -I../../../../include  -I../../../../target/zybo_z7_gcc -I../../../../arch/arm_gcc/zynq7000 -I../../../../arch/arm_gcc/common -I../../../../arch/gcc -I../../../.. -I../../../../sample -I./gen -I../../../../tecs_kernel -I../../../../tecsgen/tecs -I../../../../tecsgen/tecs/rpc -T ../../../../target/zybo_z7_gcc/target_check.trb \
			--rom-symbol fmp.syms --rom-image fmp.srec
make[1]: Leaving directory 'D:/fmp3_zybo_z7_gcc+tecs/target/zybo_z7_gcc/xilinx_sdk/tExc08'
process_begin: CreateProcess(NULL, ruby ../../../../cfg/cfg.rb --pass 3 --kernel fmp -O -I. -I../../../../include -I../../../../target/zybo_z7_gcc -I../../../../arch/arm_gcc/zynq7000 -I../../../../arch/arm_gcc/common -I../../../../arch/gcc -I../../../.. -I../../../../sample -I./gen -I../../../../tecs_kernel -I../../../../tecsgen/tecs -I../../../../tecsgen/tecs/rpc -T ../../../../target/zybo_z7_gcc/target_check.trb --rom-symbol fmp.syms --rom-image fmp.srec, ...) failed.
make (e=2): 指定されたファイルが見つかりません。

make[1]: *** [Makefile:471: check.timestamp] Error 2
make: *** [Makefile:238: all] Error 2
15:31:31 **** Incremental Build of configuration Default for project sample1 ****
make all 
make: Nothing to be done for 'all'.
15:31:31 **** Incremental Build of configuration Default for project ca9_1 ****
make all 
cmd.exe /C copy ..\sample1\fmp.elf .
        1 個のファイルをコピーしました。
15:33:28 **** Incremental Build of configuration Default for project tExc08 ****
make all 
make[1]: Entering directory 'D:/fmp3_zybo_z7_gcc+tecs/target/zybo_z7_gcc/xilinx_sdk/tExc08'
make[1]: 'kernel_cfg.h' is up to date.
make[1]: 'offset.h' is up to date.
ruby ../../../../cfg/cfg.rb --pass 3 --kernel fmp -O -I. -I../../../../include  -I../../../../target/zybo_z7_gcc -I../../../../arch/arm_gcc/zynq7000 -I../../../../arch/arm_gcc/common -I../../../../arch/gcc -I../../../.. -I../../../../sample -I./gen -I../../../../tecs_kernel -I../../../../tecsgen/tecs -I../../../../tecsgen/tecs/rpc -T ../../../../target/zybo_z7_gcc/target_check.trb \
			--rom-symbol fmp.syms --rom-image fmp.srec
process_begin: CreateProcess(NULL, ruby ../../../../cfg/cfg.rb --pass 3 --kernel fmp -O -I. -I../../../../include -I../../../../target/zybo_z7_gcc -I../../../../arch/arm_gcc/zynq7000 -I../../../../arch/arm_gcc/common -I../../../../arch/gcc -I../../../.. -I../../../../sample -I./gen -I../../../../tecs_kernel -I../../../../tecsgen/tecs -I../../../../tecsgen/tecs/rpc -T ../../../../target/zybo_z7_gcc/target_check.trb --rom-symbol fmp.syms --rom-image fmp.srec, ...) failed.
make (e=2): 指定されたファイルが見つかりません。

make[1]: Leaving directory 'D:/fmp3_zybo_z7_gcc+tecs/target/zybo_z7_gcc/xilinx_sdk/tExc08'
make[1]: *** [Makefile:471: check.timestamp] Error 2
make: *** [Makefile:238: all] Error 2
15:33:30 **** Incremental Build of configuration Default for project sample1 ****
make all 
make: Nothing to be done for 'all'.
15:33:30 **** Incremental Build of configuration Default for project ca9_1 ****
make all 
cmd.exe /C copy ..\sample1\fmp.elf .
        1 個のファイルをコピーしました。
15:35:38 **** Incremental Build of configuration Default for project tExc08 ****
make all 
make[1]: Entering directory 'D:/fmp3_zybo_z7_gcc+tecs/target/zybo_z7_gcc/xilinx_sdk/tExc08'
make[1]: 'kernel_cfg.h' is up to date.
make[1]: 'offset.h' is up to date.
ruby ../../../../cfg/cfg.rb --pass 3 --kernel fmp -O -I. -I../../../../include  -I../../../../target/zybo_z7_gcc -I../../../../arch/arm_gcc/zynq7000 -I../../../../arch/arm_gcc/common -I../../../../arch/gcc -I../../../.. -I../../../../sample -I./gen -I../../../../tecs_kernel -I../../../../tecsgen/tecs -I../../../../tecsgen/tecs/rpc -T ../../../../target/zybo_z7_gcc/target_check.trb \
			--rom-symbol fmp.syms --rom-image fmp.srec
make[1]: Leaving directory 'D:/fmp3_zybo_z7_gcc+tecs/target/zybo_z7_gcc/xilinx_sdk/tExc08'
process_begin: CreateProcess(NULL, ruby ../../../../cfg/cfg.rb --pass 3 --kernel fmp -O -I. -I../../../../include -I../../../../target/zybo_z7_gcc -I../../../../arch/arm_gcc/zynq7000 -I../../../../arch/arm_gcc/common -I../../../../arch/gcc -I../../../.. -I../../../../sample -I./gen -I../../../../tecs_kernel -I../../../../tecsgen/tecs -I../../../../tecsgen/tecs/rpc -T ../../../../target/zybo_z7_gcc/target_check.trb --rom-symbol fmp.syms --rom-image fmp.srec, ...) failed.
make (e=2): 指定されたファイルが見つかりません。

make[1]: *** [Makefile:471: check.timestamp] Error 2
make: *** [Makefile:238: all] Error 2
15:35:40 **** Incremental Build of configuration Default for project sample1 ****
make all 
make: Nothing to be done for 'all'.
15:35:40 **** Incremental Build of configuration Default for project ca9_1 ****
make all 
cmd.exe /C copy ..\sample1\fmp.elf .
        1 個のファイルをコピーしました。
15:37:30 **** Incremental Build of configuration Default for project tExc08 ****
make all 
make[1]: Entering directory 'D:/fmp3_zybo_z7_gcc+tecs/target/zybo_z7_gcc/xilinx_sdk/tExc08'
make[1]: 'kernel_cfg.h' is up to date.
make[1]: 'offset.h' is up to date.
ruby ../../../../cfg/cfg.rb --pass 3 --kernel fmp -O -I. -I../../../../include  -I../../../../target/zybo_z7_gcc -I../../../../arch/arm_gcc/zynq7000 -I../../../../arch/arm_gcc/common -I../../../../arch/gcc -I../../../.. -I../../../../sample -I./gen -I../../../../tecs_kernel -I../../../../tecsgen/tecs -I../../../../tecsgen/tecs/rpc -T ../../../../target/zybo_z7_gcc/target_check.trb \
			--rom-symbol fmp.syms --rom-image fmp.srec
make[1]: Leaving directory 'D:/fmp3_zybo_z7_gcc+tecs/target/zybo_z7_gcc/xilinx_sdk/tExc08'
process_begin: CreateProcess(NULL, ruby ../../../../cfg/cfg.rb --pass 3 --kernel fmp -O -I. -I../../../../include -I../../../../target/zybo_z7_gcc -I../../../../arch/arm_gcc/zynq7000 -I../../../../arch/arm_gcc/common -I../../../../arch/gcc -I../../../.. -I../../../../sample -I./gen -I../../../../tecs_kernel -I../../../../tecsgen/tecs -I../../../../tecsgen/tecs/rpc -T ../../../../target/zybo_z7_gcc/target_check.trb --rom-symbol fmp.syms --rom-image fmp.srec, ...) failed.
make (e=2): 指定されたファイルが見つかりません。

make[1]: *** [Makefile:471: check.timestamp] Error 2
make: *** [Makefile:238: all] Error 2
15:37:32 **** Incremental Build of configuration Default for project sample1 ****
make all 
make: Nothing to be done for 'all'.
15:37:32 **** Incremental Build of configuration Default for project ca9_1 ****
make all 
cmd.exe /C copy ..\sample1\fmp.elf .
        1 個のファイルをコピーしました。
15:40:00 **** Incremental Build of configuration Default for project tExc08 ****
make all 
make[1]: Entering directory 'D:/fmp3_zybo_z7_gcc+tecs/target/zybo_z7_gcc/xilinx_sdk/tExc08'
make[1]: 'kernel_cfg.h' is up to date.
make[1]: 'offset.h' is up to date.
ruby ../../../../cfg/cfg.rb --pass 3 --kernel fmp -O -I. -I../../../../include  -I../../../../target/zybo_z7_gcc -I../../../../arch/arm_gcc/zynq7000 -I../../../../arch/arm_gcc/common -I../../../../arch/gcc -I../../../.. -I../../../../sample -I./gen -I../../../../tecs_kernel -I../../../../tecsgen/tecs -I../../../../tecsgen/tecs/rpc -T ../../../../target/zybo_z7_gcc/target_check.trb \
			--rom-symbol fmp.syms --rom-image fmp.srec
process_begin: CreateProcess(NULL, ruby ../../../../cfg/cfg.rb --pass 3 --kernel fmp -O -I. -I../../../../include -I../../../../target/zybo_z7_gcc -I../../../../arch/arm_gcc/zynq7000 -I../../../../arch/arm_gcc/common -I../../../../arch/gcc -I../../../.. -I../../../../sample -I./gen -I../../../../tecs_kernel -I../../../../tecsgen/tecs -I../../../../tecsgen/tecs/rpc -T ../../../../target/zybo_z7_gcc/target_check.trb --rom-symbol fmp.syms --rom-image fmp.srec, ...) failed.
make (e=2): 指定されたファイルが見つかりません。

make[1]: Leaving directory 'D:/fmp3_zybo_z7_gcc+tecs/target/zybo_z7_gcc/xilinx_sdk/tExc08'
make[1]: *** [Makefile:471: check.timestamp] Error 2
make: *** [Makefile:238: all] Error 2
15:40:02 **** Incremental Build of configuration Default for project sample1 ****
make all 
make: Nothing to be done for 'all'.
15:40:02 **** Incremental Build of configuration Default for project ca9_1 ****
make all 
cmd.exe /C copy ..\sample1\fmp.elf .
        1 個のファイルをコピーしました。
12:03:29 **** Incremental Build of configuration Default for project tExc08 ****
make all 
make[1]: Entering directory 'D:/fmp3_zybo_z7_gcc+tecs/target/zybo_z7_gcc/xilinx_sdk/tExc08'
make[1]: 'kernel_cfg.h' is up to date.
make[1]: 'offset.h' is up to date.
ruby ../../../../cfg/cfg.rb --pass 3 --kernel fmp -O -I. -I../../../../include  -I../../../../target/zybo_z7_gcc -I../../../../arch/arm_gcc/zynq7000 -I../../../../arch/arm_gcc/common -I../../../../arch/gcc -I../../../.. -I../../../../sample -I./gen -I../../../../tecs_kernel -I../../../../tecsgen/tecs -I../../../../tecsgen/tecs/rpc -T ../../../../target/zybo_z7_gcc/target_check.trb \
			--rom-symbol fmp.syms --rom-image fmp.srec
make[1]: Leaving directory 'D:/fmp3_zybo_z7_gcc+tecs/target/zybo_z7_gcc/xilinx_sdk/tExc08'
process_begin: CreateProcess(NULL, ruby ../../../../cfg/cfg.rb --pass 3 --kernel fmp -O -I. -I../../../../include -I../../../../target/zybo_z7_gcc -I../../../../arch/arm_gcc/zynq7000 -I../../../../arch/arm_gcc/common -I../../../../arch/gcc -I../../../.. -I../../../../sample -I./gen -I../../../../tecs_kernel -I../../../../tecsgen/tecs -I../../../../tecsgen/tecs/rpc -T ../../../../target/zybo_z7_gcc/target_check.trb --rom-symbol fmp.syms --rom-image fmp.srec, ...) failed.
make (e=2): 指定されたファイルが見つかりません。

make[1]: *** [Makefile:471: check.timestamp] Error 2
make: *** [Makefile:238: all] Error 2
12:03:32 **** Incremental Build of configuration Default for project sample1 ****
make all 
make: Nothing to be done for 'all'.
12:03:32 **** Incremental Build of configuration Default for project ca9_1 ****
make all 
cmd.exe /C copy ..\sample1\fmp.elf .
        1 個のファイルをコピーしました。
23:16:43 **** Incremental Build of configuration Default for project sample1 ****
make all 
make: Nothing to be done for 'all'.
23:16:47 **** Incremental Build of configuration Default for project ca9_1 ****
make all 
cmd.exe /C copy ..\sample1\fmp.elf .
        1 個のファイルをコピーしました。
23:16:48 **** Incremental Build of configuration Default for project exc08 ****
make all 
make: Nothing to be done for 'all'.
23:17:50 **** Incremental Build of configuration Default for project tExc08 ****
make all 
make[1]: Entering directory 'D:/fmp3_zybo_z7_gcc+tecs/target/zybo_z7_gcc/xilinx_sdk/tExc08'
make[1]: 'kernel_cfg.h' is up to date.
make[1]: 'offset.h' is up to date.
ruby ../../../../cfg/cfg.rb --pass 3 --kernel fmp -O -I. -I../../../../include  -I../../../../target/zybo_z7_gcc -I../../../../arch/arm_gcc/zynq7000 -I../../../../arch/arm_gcc/common -I../../../../arch/gcc -I../../../.. -I../../../../sample -I./gen -I../../../../tecs_kernel -I../../../../tecsgen/tecs -I../../../../tecsgen/tecs/rpc -T ../../../../target/zybo_z7_gcc/target_check.trb \
			--rom-symbol fmp.syms --rom-image fmp.srec
make[1]: Leaving directory 'D:/fmp3_zybo_z7_gcc+tecs/target/zybo_z7_gcc/xilinx_sdk/tExc08'
process_begin: CreateProcess(NULL, ruby ../../../../cfg/cfg.rb --pass 3 --kernel fmp -O -I. -I../../../../include -I../../../../target/zybo_z7_gcc -I../../../../arch/arm_gcc/zynq7000 -I../../../../arch/arm_gcc/common -I../../../../arch/gcc -I../../../.. -I../../../../sample -I./gen -I../../../../tecs_kernel -I../../../../tecsgen/tecs -I../../../../tecsgen/tecs/rpc -T ../../../../target/zybo_z7_gcc/target_check.trb --rom-symbol fmp.syms --rom-image fmp.srec, ...) failed.
make (e=2): 指定されたファイルが見つかりません。

make[1]: *** [Makefile:471: check.timestamp] Error 2
make: *** [Makefile:238: all] Error 2
23:17:52 **** Incremental Build of configuration Default for project sample1 ****
make all 
make: Nothing to be done for 'all'.
23:17:52 **** Incremental Build of configuration Default for project ca9_1 ****
make all 
cmd.exe /C copy ..\sample1\fmp.elf .
        1 個のファイルをコピーしました。
23:18:37 **** Incremental Build of configuration Default for project sample1 ****
make all 
make: Nothing to be done for 'all'.
23:18:38 **** Incremental Build of configuration Default for project ca9_1 ****
make all 
cmd.exe /C copy ..\sample1\fmp.elf .
        1 個のファイルをコピーしました。
23:18:38 **** Incremental Build of configuration Default for project exc08 ****
make all 
make: Nothing to be done for 'all'.
23:42:04 **** Incremental Build of configuration Default for project sample1 ****
make all 
make: Nothing to be done for 'all'.
23:42:04 **** Incremental Build of configuration Default for project ca9_1 ****
make all 
cmd.exe /C copy ..\sample1\fmp.elf .
        1 個のファイルをコピーしました。
23:42:07 **** Incremental Build of configuration Default for project exc08 ****
make all 
arm-none-eabi-gcc -c -o objs/exc08.o -MD -MP -MF objs/exc08.d -O2 -Wall -g   -mlittle-endian -mcpu=cortex-a9 -DTOPPERS_OMIT_TECS  -DUSE_BYPASS_IPI_DISPATCH_HANDER -D__TARGET_ARCH_ARM=7  -I. -I../../../../include  -I../../../../target/zybo_z7_gcc -I../../../../arch/arm_gcc/zynq7000 -I../../../../arch/arm_gcc/common -I../../../../arch/gcc -I../../../.. -I../../../../sample -I./gen -I../../../../tecs_kernel -I../../../../tecsgen/tecs -I../../../../tecsgen/tecs/rpc  -mfpu=vfpv3-d16 ../../../../sample/exc08.c
arm-none-eabi-gcc -O2 -Wall -g   -mlittle-endian -mcpu=cortex-a9 -DTOPPERS_OMIT_TECS  -DUSE_BYPASS_IPI_DISPATCH_HANDER -D__TARGET_ARCH_ARM=7  -I. -I../../../../include  -I../../../../target/zybo_z7_gcc -I../../../../arch/arm_gcc/zynq7000 -I../../../../arch/arm_gcc/common -I../../../../arch/gcc -I../../../.. -I../../../../sample -I./gen -I../../../../tecs_kernel -I../../../../tecsgen/tecs -I../../../../tecsgen/tecs/rpc -L objs -nostdlib  -mlittle-endian -mcpu=cortex-a9 -mfpu=vfpv3-d16   -Wl,-T,../../../../target/zybo_z7_gcc/zybo_z7.ld  -L. -o fmp.elf \
		objs/start.o  objs/exc08.o objs/log_output.o objs/vasyslog.o objs/t_perror.o objs/strerror.o   objs/syslog.o objs/banner.o objs/serial.o objs/chip_serial.o objs/logtask.o objs/xuartps.o  objs/kernel_cfg.o \
		-lkernel -lc -lgcc  
c:/program files (x86)/gnu tools arm embedded/5.4 2016q3/bin/../lib/gcc/arm-none-eabi/5.4.1/../../../../arm-none-eabi/bin/ld.exe: warning: section `.bss' type changed to PROGBITS
arm-none-eabi-nm -n fmp.elf > fmp.syms
arm-none-eabi-objcopy -O srec -S fmp.elf fmp.srec
ruby ../../../../cfg/cfg.rb --pass 3 --kernel fmp -O -I. -I../../../../include  -I../../../../target/zybo_z7_gcc -I../../../../arch/arm_gcc/zynq7000 -I../../../../arch/arm_gcc/common -I../../../../arch/gcc -I../../../.. -I../../../../sample -I./gen -I../../../../tecs_kernel -I../../../../tecsgen/tecs -I../../../../tecsgen/tecs/rpc -T ../../../../target/zybo_z7_gcc/target_check.trb \
			--rom-symbol fmp.syms --rom-image fmp.srec
process_begin: CreateProcess(NULL, ruby ../../../../cfg/cfg.rb --pass 3 --kernel fmp -O -I. -I../../../../include -I../../../../target/zybo_z7_gcc -I../../../../arch/arm_gcc/zynq7000 -I../../../../arch/arm_gcc/common -I../../../../arch/gcc -I../../../.. -I../../../../sample -I./gen -I../../../../tecs_kernel -I../../../../tecsgen/tecs -I../../../../tecsgen/tecs/rpc -T ../../../../target/zybo_z7_gcc/target_check.trb --rom-symbol fmp.syms --rom-image fmp.srec, ...) failed.
make (e=2): 指定されたファイルが見つかりません。

make: *** [Makefile:471: check.timestamp] Error 2
23:43:23 **** Incremental Build of configuration Default for project sample1 ****
make all 
make: Nothing to be done for 'all'.
23:43:23 **** Incremental Build of configuration Default for project ca9_1 ****
make all 
cmd.exe /C copy ..\sample1\fmp.elf .
        1 個のファイルをコピーしました。
23:43:24 **** Incremental Build of configuration Default for project exc08 ****
make all 
make: Nothing to be done for 'all'.
23:45:33 **** Incremental Build of configuration Default for project tExc08 ****
make all 
make[1]: Entering directory 'D:/fmp3_zybo_z7_gcc+tecs/target/zybo_z7_gcc/xilinx_sdk/tExc08'
make[1]: 'kernel_cfg.h' is up to date.
make[1]: 'offset.h' is up to date.
ruby ../../../../cfg/cfg.rb --pass 3 --kernel fmp -O -I. -I../../../../include  -I../../../../target/zybo_z7_gcc -I../../../../arch/arm_gcc/zynq7000 -I../../../../arch/arm_gcc/common -I../../../../arch/gcc -I../../../.. -I../../../../sample -I./gen -I../../../../tecs_kernel -I../../../../tecsgen/tecs -I../../../../tecsgen/tecs/rpc -T ../../../../target/zybo_z7_gcc/target_check.trb \
			--rom-symbol fmp.syms --rom-image fmp.srec
make[1]: Leaving directory 'D:/fmp3_zybo_z7_gcc+tecs/target/zybo_z7_gcc/xilinx_sdk/tExc08'
process_begin: CreateProcess(NULL, ruby ../../../../cfg/cfg.rb --pass 3 --kernel fmp -O -I. -I../../../../include -I../../../../target/zybo_z7_gcc -I../../../../arch/arm_gcc/zynq7000 -I../../../../arch/arm_gcc/common -I../../../../arch/gcc -I../../../.. -I../../../../sample -I./gen -I../../../../tecs_kernel -I../../../../tecsgen/tecs -I../../../../tecsgen/tecs/rpc -T ../../../../target/zybo_z7_gcc/target_check.trb --rom-symbol fmp.syms --rom-image fmp.srec, ...) failed.
make (e=2): 指定されたファイルが見つかりません。

make[1]: *** [Makefile:471: check.timestamp] Error 2
make: *** [Makefile:238: all] Error 2
23:45:35 **** Incremental Build of configuration Default for project sample1 ****
make all 
make: Nothing to be done for 'all'.
23:45:35 **** Incremental Build of configuration Default for project ca9_1 ****
make all 
cmd.exe /C copy ..\sample1\fmp.elf .
        1 個のファイルをコピーしました。
23:47:55 **** Incremental Build of configuration Default for project sample1 ****
make all 
make: Nothing to be done for 'all'.
23:47:55 **** Incremental Build of configuration Default for project ca9_1 ****
make all 
cmd.exe /C copy ..\sample1\fmp.elf .
        1 個のファイルをコピーしました。
23:47:57 **** Incremental Build of configuration Default for project exc08 ****
make all 
make: Nothing to be done for 'all'.
00:25:39 **** Incremental Build of configuration Default for project tExc08 ****
make all 
make[1]: Entering directory 'D:/fmp3_zybo_z7_gcc+tecs/target/zybo_z7_gcc/xilinx_sdk/tExc08'
make[1]: 'kernel_cfg.h' is up to date.
make[1]: 'offset.h' is up to date.
ruby ../../../../cfg/cfg.rb --pass 3 --kernel fmp -O -I. -I../../../../include  -I../../../../target/zybo_z7_gcc -I../../../../arch/arm_gcc/zynq7000 -I../../../../arch/arm_gcc/common -I../../../../arch/gcc -I../../../.. -I../../../../sample -I./gen -I../../../../tecs_kernel -I../../../../tecsgen/tecs -I../../../../tecsgen/tecs/rpc -T ../../../../target/zybo_z7_gcc/target_check.trb \
			--rom-symbol fmp.syms --rom-image fmp.srec
make[1]: Leaving directory 'D:/fmp3_zybo_z7_gcc+tecs/target/zybo_z7_gcc/xilinx_sdk/tExc08'
process_begin: CreateProcess(NULL, ruby ../../../../cfg/cfg.rb --pass 3 --kernel fmp -O -I. -I../../../../include -I../../../../target/zybo_z7_gcc -I../../../../arch/arm_gcc/zynq7000 -I../../../../arch/arm_gcc/common -I../../../../arch/gcc -I../../../.. -I../../../../sample -I./gen -I../../../../tecs_kernel -I../../../../tecsgen/tecs -I../../../../tecsgen/tecs/rpc -T ../../../../target/zybo_z7_gcc/target_check.trb --rom-symbol fmp.syms --rom-image fmp.srec, ...) failed.
make (e=2): 指定されたファイルが見つかりません。

make[1]: *** [Makefile:471: check.timestamp] Error 2
make: *** [Makefile:238: all] Error 2
00:25:41 **** Incremental Build of configuration Default for project sample1 ****
make all 
make: Nothing to be done for 'all'.
00:25:42 **** Incremental Build of configuration Default for project ca9_1 ****
make all 
cmd.exe /C copy ..\sample1\fmp.elf .
        1 個のファイルをコピーしました。
00:35:36 **** Incremental Build of configuration Default for project tExc08 ****
make all 
make[1]: Entering directory 'D:/fmp3_zybo_z7_gcc+tecs/target/zybo_z7_gcc/xilinx_sdk/tExc08'
make[1]: 'kernel_cfg.h' is up to date.
make[1]: 'offset.h' is up to date.
ruby ../../../../cfg/cfg.rb --pass 3 --kernel fmp -O -I. -I../../../../include  -I../../../../target/zybo_z7_gcc -I../../../../arch/arm_gcc/zynq7000 -I../../../../arch/arm_gcc/common -I../../../../arch/gcc -I../../../.. -I../../../../sample -I./gen -I../../../../tecs_kernel -I../../../../tecsgen/tecs -I../../../../tecsgen/tecs/rpc -T ../../../../target/zybo_z7_gcc/target_check.trb \
			--rom-symbol fmp.syms --rom-image fmp.srec
make[1]: Leaving directory 'D:/fmp3_zybo_z7_gcc+tecs/target/zybo_z7_gcc/xilinx_sdk/tExc08'
process_begin: CreateProcess(NULL, ruby ../../../../cfg/cfg.rb --pass 3 --kernel fmp -O -I. -I../../../../include -I../../../../target/zybo_z7_gcc -I../../../../arch/arm_gcc/zynq7000 -I../../../../arch/arm_gcc/common -I../../../../arch/gcc -I../../../.. -I../../../../sample -I./gen -I../../../../tecs_kernel -I../../../../tecsgen/tecs -I../../../../tecsgen/tecs/rpc -T ../../../../target/zybo_z7_gcc/target_check.trb --rom-symbol fmp.syms --rom-image fmp.srec, ...) failed.
make (e=2): 指定されたファイルが見つかりません。

make[1]: *** [Makefile:471: check.timestamp] Error 2
make: *** [Makefile:238: all] Error 2
00:35:37 **** Incremental Build of configuration Default for project sample1 ****
make all 
make: Nothing to be done for 'all'.
00:35:38 **** Incremental Build of configuration Default for project ca9_1 ****
make all 
cmd.exe /C copy ..\sample1\fmp.elf .
        1 個のファイルをコピーしました。
00:39:48 **** Incremental Build of configuration Default for project tExc08 ****
make all 
make[1]: Entering directory 'D:/fmp3_zybo_z7_gcc+tecs/target/zybo_z7_gcc/xilinx_sdk/tExc08'
make[1]: 'kernel_cfg.h' is up to date.
make[1]: 'offset.h' is up to date.
ruby ../../../../cfg/cfg.rb --pass 3 --kernel fmp -O -I. -I../../../../include  -I../../../../target/zybo_z7_gcc -I../../../../arch/arm_gcc/zynq7000 -I../../../../arch/arm_gcc/common -I../../../../arch/gcc -I../../../.. -I../../../../sample -I./gen -I../../../../tecs_kernel -I../../../../tecsgen/tecs -I../../../../tecsgen/tecs/rpc -T ../../../../target/zybo_z7_gcc/target_check.trb \
			--rom-symbol fmp.syms --rom-image fmp.srec
make[1]: Leaving directory 'D:/fmp3_zybo_z7_gcc+tecs/target/zybo_z7_gcc/xilinx_sdk/tExc08'
process_begin: CreateProcess(NULL, ruby ../../../../cfg/cfg.rb --pass 3 --kernel fmp -O -I. -I../../../../include -I../../../../target/zybo_z7_gcc -I../../../../arch/arm_gcc/zynq7000 -I../../../../arch/arm_gcc/common -I../../../../arch/gcc -I../../../.. -I../../../../sample -I./gen -I../../../../tecs_kernel -I../../../../tecsgen/tecs -I../../../../tecsgen/tecs/rpc -T ../../../../target/zybo_z7_gcc/target_check.trb --rom-symbol fmp.syms --rom-image fmp.srec, ...) failed.
make (e=2): 指定されたファイルが見つかりません。

make[1]: *** [Makefile:471: check.timestamp] Error 2
make: *** [Makefile:238: all] Error 2
00:39:50 **** Incremental Build of configuration Default for project sample1 ****
make all 
make: Nothing to be done for 'all'.
00:39:50 **** Incremental Build of configuration Default for project ca9_1 ****
make all 
cmd.exe /C copy ..\sample1\fmp.elf .
        1 個のファイルをコピーしました。
11:17:39 **** Incremental Build of configuration Default for project sample1 ****
make all 
make: Nothing to be done for 'all'.
11:17:39 **** Incremental Build of configuration Default for project ca9_1 ****
make all 
cmd.exe /C copy ..\sample1\fmp.elf .
        1 個のファイルをコピーしました。
11:17:40 **** Incremental Build of configuration Default for project exc08 ****
make all 
make: Nothing to be done for 'all'.
11:32:58 **** Incremental Build of configuration Default for project sample1 ****
make all 
make: Nothing to be done for 'all'.
11:32:58 **** Incremental Build of configuration Default for project ca9_1 ****
make all 
cmd.exe /C copy ..\sample1\fmp.elf .
        1 個のファイルをコピーしました。
11:33:01 **** Incremental Build of configuration Default for project exc08 ****
make all 
make: Nothing to be done for 'all'.
11:45:22 **** Incremental Build of configuration Default for project sample1 ****
make all 
make: Nothing to be done for 'all'.
11:45:22 **** Incremental Build of configuration Default for project ca9_1 ****
make all 
cmd.exe /C copy ..\sample1\fmp.elf .
        1 個のファイルをコピーしました。
11:45:26 **** Incremental Build of configuration Default for project exc08 ****
make all 
make: Nothing to be done for 'all'.
12:01:54 **** Incremental Build of configuration Default for project sample1 ****
make all 
make: Nothing to be done for 'all'.
12:01:54 **** Incremental Build of configuration Default for project ca9_1 ****
make all 
cmd.exe /C copy ..\sample1\fmp.elf .
        1 個のファイルをコピーしました。
12:01:57 **** Incremental Build of configuration Default for project exc08 ****
make all 
make: Nothing to be done for 'all'.
12:32:49 **** Incremental Build of configuration Default for project sample1 ****
make all 
make: Nothing to be done for 'all'.
12:32:52 **** Incremental Build of configuration Default for project ca9_1 ****
make all 
cmd.exe /C copy ..\sample1\fmp.elf .
        1 個のファイルをコピーしました。
12:32:53 **** Incremental Build of configuration Default for project exc08 ****
make all 
make: Nothing to be done for 'all'.
13:09:58 **** Incremental Build of configuration Default for project sample1 ****
make all 
make: Nothing to be done for 'all'.
13:09:58 **** Incremental Build of configuration Default for project ca9_1 ****
make all 
cmd.exe /C copy ..\sample1\fmp.elf .
        1 個のファイルをコピーしました。
13:09:59 **** Incremental Build of configuration Default for project exc08 ****
make all 
make: Nothing to be done for 'all'.
13:11:47 **** Incremental Build of configuration Default for project sample1 ****
make all 
make: Nothing to be done for 'all'.
13:11:47 **** Incremental Build of configuration Default for project ca9_1 ****
make all 
cmd.exe /C copy ..\sample1\fmp.elf .
        1 個のファイルをコピーしました。
13:11:50 **** Incremental Build of configuration Default for project exc08 ****
make all 
make: Nothing to be done for 'all'.
13:15:14 **** Incremental Build of configuration Default for project sample1 ****
make all 
make: Nothing to be done for 'all'.
13:15:15 **** Incremental Build of configuration Default for project ca9_1 ****
make all 
cmd.exe /C copy ..\sample1\fmp.elf .
        1 個のファイルをコピーしました。
13:15:15 **** Incremental Build of configuration Default for project exc08 ****
make all 
make: Nothing to be done for 'all'.
13:18:35 **** Incremental Build of configuration Default for project sample1 ****
make all 
make: Nothing to be done for 'all'.
13:18:36 **** Incremental Build of configuration Default for project ca9_1 ****
make all 
cmd.exe /C copy ..\sample1\fmp.elf .
        1 個のファイルをコピーしました。
13:18:39 **** Incremental Build of configuration Default for project exc08 ****
make all 
make: Nothing to be done for 'all'.
13:29:10 **** Incremental Build of configuration Default for project sample1 ****
make all 
make: Nothing to be done for 'all'.
13:29:10 **** Incremental Build of configuration Default for project ca9_1 ****
make all 
cmd.exe /C copy ..\sample1\fmp.elf .
        1 個のファイルをコピーしました。
13:29:13 **** Incremental Build of configuration Default for project exc08 ****
make all 
make: Nothing to be done for 'all'.
15:08:51 **** Incremental Build of configuration Default for project sample1 ****
make all 
make: Nothing to be done for 'all'.
15:08:52 **** Incremental Build of configuration Default for project ca9_1 ****
make all 
cmd.exe /C copy ..\sample1\fmp.elf .
        1 個のファイルをコピーしました。
15:08:52 **** Incremental Build of configuration Default for project exc08 ****
make all 
make: Nothing to be done for 'all'.
15:11:51 **** Incremental Build of configuration Default for project sample1 ****
make all 
make: Nothing to be done for 'all'.
15:11:51 **** Incremental Build of configuration Default for project ca9_1 ****
make all 
cmd.exe /C copy ..\sample1\fmp.elf .
        1 個のファイルをコピーしました。
15:11:53 **** Incremental Build of configuration Default for project exc08 ****
make all 
make: Nothing to be done for 'all'.
15:16:21 **** Incremental Build of configuration Default for project sample1 ****
make all 
make: Nothing to be done for 'all'.
15:16:21 **** Incremental Build of configuration Default for project ca9_1 ****
make all 
cmd.exe /C copy ..\sample1\fmp.elf .
        1 個のファイルをコピーしました。
15:16:24 **** Incremental Build of configuration Default for project exc08 ****
make all 
make: Nothing to be done for 'all'.
15:18:12 **** Incremental Build of configuration Default for project sample1 ****
make all 
make: Nothing to be done for 'all'.
15:18:13 **** Incremental Build of configuration Default for project ca9_1 ****
make all 
cmd.exe /C copy ..\sample1\fmp.elf .
        1 個のファイルをコピーしました。
15:18:16 **** Incremental Build of configuration Default for project exc08 ****
make all 
make: Nothing to be done for 'all'.
15:21:05 **** Incremental Build of configuration Default for project sample1 ****
make all 
make: Nothing to be done for 'all'.
15:21:06 **** Incremental Build of configuration Default for project ca9_1 ****
make all 
cmd.exe /C copy ..\sample1\fmp.elf .
        1 個のファイルをコピーしました。
15:21:08 **** Incremental Build of configuration Default for project exc08 ****
make all 
make: Nothing to be done for 'all'.
15:24:16 **** Incremental Build of configuration Default for project sample1 ****
make all 
make: Nothing to be done for 'all'.
15:24:16 **** Incremental Build of configuration Default for project ca9_1 ****
make all 
cmd.exe /C copy ..\sample1\fmp.elf .
        1 個のファイルをコピーしました。
15:24:17 **** Incremental Build of configuration Default for project exc08 ****
make all 
make: Nothing to be done for 'all'.
15:39:09 **** Incremental Build of configuration Default for project tExc08 ****
make all 
make[1]: Entering directory 'D:/fmp3_zybo_z7_gcc+tecs/target/zybo_z7_gcc/xilinx_sdk/tExc08'
make[1]: 'kernel_cfg.h' is up to date.
make[1]: 'offset.h' is up to date.
ruby ../../../../cfg/cfg.rb --pass 3 --kernel fmp -O -I. -I../../../../include  -I../../../../target/zybo_z7_gcc -I../../../../arch/arm_gcc/zynq7000 -I../../../../arch/arm_gcc/common -I../../../../arch/gcc -I../../../.. -I../../../../sample -I./gen -I../../../../tecs_kernel -I../../../../tecsgen/tecs -I../../../../tecsgen/tecs/rpc -T ../../../../target/zybo_z7_gcc/target_check.trb \
			--rom-symbol fmp.syms --rom-image fmp.srec
process_begin: CreateProcess(NULL, ruby ../../../../cfg/cfg.rb --pass 3 --kernel fmp -O -I. -I../../../../include -I../../../../target/zybo_z7_gcc -I../../../../arch/arm_gcc/zynq7000 -I../../../../arch/arm_gcc/common -I../../../../arch/gcc -I../../../.. -I../../../../sample -I./gen -I../../../../tecs_kernel -I../../../../tecsgen/tecs -I../../../../tecsgen/tecs/rpc -T ../../../../target/zybo_z7_gcc/target_check.trb --rom-symbol fmp.syms --rom-image fmp.srec, ...) failed.
make[1]: Leaving directory 'D:/fmp3_zybo_z7_gcc+tecs/target/zybo_z7_gcc/xilinx_sdk/tExc08'
make (e=2): 指定されたファイルが見つかりません。

make[1]: *** [Makefile:471: check.timestamp] Error 2
make: *** [Makefile:238: all] Error 2
15:39:12 **** Incremental Build of configuration Default for project sample1 ****
make all 
make: Nothing to be done for 'all'.
15:39:13 **** Incremental Build of configuration Default for project ca9_1 ****
make all 
cmd.exe /C copy ..\sample1\fmp.elf .
        1 個のファイルをコピーしました。
15:47:45 **** Incremental Build of configuration Default for project tExc08 ****
make all 
make[1]: Entering directory 'D:/fmp3_zybo_z7_gcc+tecs/target/zybo_z7_gcc/xilinx_sdk/tExc08'
make[1]: 'kernel_cfg.h' is up to date.
make[1]: 'offset.h' is up to date.
ruby ../../../../cfg/cfg.rb --pass 3 --kernel fmp -O -I. -I../../../../include  -I../../../../target/zybo_z7_gcc -I../../../../arch/arm_gcc/zynq7000 -I../../../../arch/arm_gcc/common -I../../../../arch/gcc -I../../../.. -I../../../../sample -I./gen -I../../../../tecs_kernel -I../../../../tecsgen/tecs -I../../../../tecsgen/tecs/rpc -T ../../../../target/zybo_z7_gcc/target_check.trb \
			--rom-symbol fmp.syms --rom-image fmp.srec
process_begin: CreateProcess(NULL, ruby ../../../../cfg/cfg.rb --pass 3 --kernel fmp -O -I. -I../../../../include -I../../../../target/zybo_z7_gcc -I../../../../arch/arm_gcc/zynq7000 -I../../../../arch/arm_gcc/common -I../../../../arch/gcc -I../../../.. -I../../../../sample -I./gen -I../../../../tecs_kernel -I../../../../tecsgen/tecs -I../../../../tecsgen/tecs/rpc -T ../../../../target/zybo_z7_gcc/target_check.trb --rom-symbol fmp.syms --rom-image fmp.srec, ...) failed.
make[1]: Leaving directory 'D:/fmp3_zybo_z7_gcc+tecs/target/zybo_z7_gcc/xilinx_sdk/tExc08'
make (e=2): 指定されたファイルが見つかりません。

make[1]: *** [Makefile:471: check.timestamp] Error 2
make: *** [Makefile:238: all] Error 2
15:47:47 **** Incremental Build of configuration Default for project sample1 ****
make all 
make: Nothing to be done for 'all'.
15:47:47 **** Incremental Build of configuration Default for project ca9_1 ****
make all 
cmd.exe /C copy ..\sample1\fmp.elf .
        1 個のファイルをコピーしました。
16:02:59 **** Incremental Build of configuration Default for project tExc08 ****
make all 
make[1]: Entering directory 'D:/fmp3_zybo_z7_gcc+tecs/target/zybo_z7_gcc/xilinx_sdk/tExc08'
make[1]: 'kernel_cfg.h' is up to date.
make[1]: 'offset.h' is up to date.
ruby ../../../../cfg/cfg.rb --pass 3 --kernel fmp -O -I. -I../../../../include  -I../../../../target/zybo_z7_gcc -I../../../../arch/arm_gcc/zynq7000 -I../../../../arch/arm_gcc/common -I../../../../arch/gcc -I../../../.. -I../../../../sample -I./gen -I../../../../tecs_kernel -I../../../../tecsgen/tecs -I../../../../tecsgen/tecs/rpc -T ../../../../target/zybo_z7_gcc/target_check.trb \
			--rom-symbol fmp.syms --rom-image fmp.srec
process_begin: CreateProcess(NULL, ruby ../../../../cfg/cfg.rb --pass 3 --kernel fmp -O -I. -I../../../../include -I../../../../target/zybo_z7_gcc -I../../../../arch/arm_gcc/zynq7000 -I../../../../arch/arm_gcc/common -I../../../../arch/gcc -I../../../.. -I../../../../sample -I./gen -I../../../../tecs_kernel -I../../../../tecsgen/tecs -I../../../../tecsgen/tecs/rpc -T ../../../../target/zybo_z7_gcc/target_check.trb --rom-symbol fmp.syms --rom-image fmp.srec, ...) failed.
make (e=2): 指定されたファイルが見つかりません。
make[1]: Leaving directory 'D:/fmp3_zybo_z7_gcc+tecs/target/zybo_z7_gcc/xilinx_sdk/tExc08'

make[1]: *** [Makefile:471: check.timestamp] Error 2
make: *** [Makefile:238: all] Error 2
16:03:01 **** Incremental Build of configuration Default for project sample1 ****
make all 
make: Nothing to be done for 'all'.
16:03:01 **** Incremental Build of configuration Default for project ca9_1 ****
make all 
cmd.exe /C copy ..\sample1\fmp.elf .
        1 個のファイルをコピーしました。
16:03:45 **** Incremental Build of configuration Default for project tExc08 ****
make all 
make[1]: Entering directory 'D:/fmp3_zybo_z7_gcc+tecs/target/zybo_z7_gcc/xilinx_sdk/tExc08'
make[1]: 'kernel_cfg.h' is up to date.
make[1]: 'offset.h' is up to date.
ruby ../../../../cfg/cfg.rb --pass 3 --kernel fmp -O -I. -I../../../../include  -I../../../../target/zybo_z7_gcc -I../../../../arch/arm_gcc/zynq7000 -I../../../../arch/arm_gcc/common -I../../../../arch/gcc -I../../../.. -I../../../../sample -I./gen -I../../../../tecs_kernel -I../../../../tecsgen/tecs -I../../../../tecsgen/tecs/rpc -T ../../../../target/zybo_z7_gcc/target_check.trb \
			--rom-symbol fmp.syms --rom-image fmp.srec
make[1]: Leaving directory 'D:/fmp3_zybo_z7_gcc+tecs/target/zybo_z7_gcc/xilinx_sdk/tExc08'
process_begin: CreateProcess(NULL, ruby ../../../../cfg/cfg.rb --pass 3 --kernel fmp -O -I. -I../../../../include -I../../../../target/zybo_z7_gcc -I../../../../arch/arm_gcc/zynq7000 -I../../../../arch/arm_gcc/common -I../../../../arch/gcc -I../../../.. -I../../../../sample -I./gen -I../../../../tecs_kernel -I../../../../tecsgen/tecs -I../../../../tecsgen/tecs/rpc -T ../../../../target/zybo_z7_gcc/target_check.trb --rom-symbol fmp.syms --rom-image fmp.srec, ...) failed.
make (e=2): 指定されたファイルが見つかりません。

make[1]: *** [Makefile:471: check.timestamp] Error 2
make: *** [Makefile:238: all] Error 2
16:03:47 **** Incremental Build of configuration Default for project sample1 ****
make all 
make: Nothing to be done for 'all'.
16:03:48 **** Incremental Build of configuration Default for project ca9_1 ****
make all 
cmd.exe /C copy ..\sample1\fmp.elf .
        1 個のファイルをコピーしました。
16:05:21 **** Incremental Build of configuration Default for project tExc08 ****
make all 
make[1]: Entering directory 'D:/fmp3_zybo_z7_gcc+tecs/target/zybo_z7_gcc/xilinx_sdk/tExc08'
make[1]: 'kernel_cfg.h' is up to date.
make[1]: 'offset.h' is up to date.
ruby ../../../../cfg/cfg.rb --pass 3 --kernel fmp -O -I. -I../../../../include  -I../../../../target/zybo_z7_gcc -I../../../../arch/arm_gcc/zynq7000 -I../../../../arch/arm_gcc/common -I../../../../arch/gcc -I../../../.. -I../../../../sample -I./gen -I../../../../tecs_kernel -I../../../../tecsgen/tecs -I../../../../tecsgen/tecs/rpc -T ../../../../target/zybo_z7_gcc/target_check.trb \
			--rom-symbol fmp.syms --rom-image fmp.srec
make[1]: Leaving directory 'D:/fmp3_zybo_z7_gcc+tecs/target/zybo_z7_gcc/xilinx_sdk/tExc08'
process_begin: CreateProcess(NULL, ruby ../../../../cfg/cfg.rb --pass 3 --kernel fmp -O -I. -I../../../../include -I../../../../target/zybo_z7_gcc -I../../../../arch/arm_gcc/zynq7000 -I../../../../arch/arm_gcc/common -I../../../../arch/gcc -I../../../.. -I../../../../sample -I./gen -I../../../../tecs_kernel -I../../../../tecsgen/tecs -I../../../../tecsgen/tecs/rpc -T ../../../../target/zybo_z7_gcc/target_check.trb --rom-symbol fmp.syms --rom-image fmp.srec, ...) failed.
make (e=2): 指定されたファイルが見つかりません。

make[1]: *** [Makefile:471: check.timestamp] Error 2
make: *** [Makefile:238: all] Error 2
16:05:23 **** Incremental Build of configuration Default for project sample1 ****
make all 
make: Nothing to be done for 'all'.
16:05:24 **** Incremental Build of configuration Default for project ca9_1 ****
make all 
cmd.exe /C copy ..\sample1\fmp.elf .
        1 個のファイルをコピーしました。
16:18:00 **** Incremental Build of configuration Default for project tExc08 ****
make all 
make[1]: Entering directory 'D:/fmp3_zybo_z7_gcc+tecs/target/zybo_z7_gcc/xilinx_sdk/tExc08'
make[1]: 'kernel_cfg.h' is up to date.
make[1]: 'offset.h' is up to date.
ruby ../../../../cfg/cfg.rb --pass 3 --kernel fmp -O -I. -I../../../../include  -I../../../../target/zybo_z7_gcc -I../../../../arch/arm_gcc/zynq7000 -I../../../../arch/arm_gcc/common -I../../../../arch/gcc -I../../../.. -I../../../../sample -I./gen -I../../../../tecs_kernel -I../../../../tecsgen/tecs -I../../../../tecsgen/tecs/rpc -T ../../../../target/zybo_z7_gcc/target_check.trb \
			--rom-symbol fmp.syms --rom-image fmp.srec
process_begin: CreateProcess(NULL, ruby ../../../../cfg/cfg.rb --pass 3 --kernel fmp -O -I. -I../../../../include -I../../../../target/zybo_z7_gcc -I../../../../arch/arm_gcc/zynq7000 -I../../../../arch/arm_gcc/common -I../../../../arch/gcc -I../../../.. -I../../../../sample -I./gen -I../../../../tecs_kernel -I../../../../tecsgen/tecs -I../../../../tecsgen/tecs/rpc -T ../../../../target/zybo_z7_gcc/target_check.trb --rom-symbol fmp.syms --rom-image fmp.srec, ...) failed.
make[1]: Leaving directory 'D:/fmp3_zybo_z7_gcc+tecs/target/zybo_z7_gcc/xilinx_sdk/tExc08'
make (e=2): 指定されたファイルが見つかりません。

make[1]: *** [Makefile:471: check.timestamp] Error 2
make: *** [Makefile:238: all] Error 2
16:18:01 **** Incremental Build of configuration Default for project sample1 ****
make all 
make: Nothing to be done for 'all'.
16:18:02 **** Incremental Build of configuration Default for project ca9_1 ****
make all 
cmd.exe /C copy ..\sample1\fmp.elf .
        1 個のファイルをコピーしました。
16:30:51 **** Incremental Build of configuration Default for project tExc08 ****
make all 
make[1]: Entering directory 'D:/fmp3_zybo_z7_gcc+tecs/target/zybo_z7_gcc/xilinx_sdk/tExc08'
make[1]: 'kernel_cfg.h' is up to date.
make[1]: 'offset.h' is up to date.
ruby ../../../../cfg/cfg.rb --pass 3 --kernel fmp -O -I. -I../../../../include  -I../../../../target/zybo_z7_gcc -I../../../../arch/arm_gcc/zynq7000 -I../../../../arch/arm_gcc/common -I../../../../arch/gcc -I../../../.. -I../../../../sample -I./gen -I../../../../tecs_kernel -I../../../../tecsgen/tecs -I../../../../tecsgen/tecs/rpc -T ../../../../target/zybo_z7_gcc/target_check.trb \
			--rom-symbol fmp.syms --rom-image fmp.srec
process_begin: CreateProcess(NULL, ruby ../../../../cfg/cfg.rb --pass 3 --kernel fmp -O -I. -I../../../../include -I../../../../target/zybo_z7_gcc -I../../../../arch/arm_gcc/zynq7000 -I../../../../arch/arm_gcc/common -I../../../../arch/gcc -I../../../.. -I../../../../sample -I./gen -I../../../../tecs_kernel -I../../../../tecsgen/tecs -I../../../../tecsgen/tecs/rpc -T ../../../../target/zybo_z7_gcc/target_check.trb --rom-symbol fmp.syms --rom-image fmp.srec, ...) failed.
make (e=2): 指定されたファイルが見つかりません。
make[1]: Leaving directory 'D:/fmp3_zybo_z7_gcc+tecs/target/zybo_z7_gcc/xilinx_sdk/tExc08'

make[1]: *** [Makefile:471: check.timestamp] Error 2
make: *** [Makefile:238: all] Error 2
16:30:53 **** Incremental Build of configuration Default for project sample1 ****
make all 
make: Nothing to be done for 'all'.
16:30:54 **** Incremental Build of configuration Default for project ca9_1 ****
make all 
cmd.exe /C copy ..\sample1\fmp.elf .
        1 個のファイルをコピーしました。
16:41:21 **** Incremental Build of configuration Default for project tExc08 ****
make all 
make[1]: Entering directory 'D:/fmp3_zybo_z7_gcc+tecs/target/zybo_z7_gcc/xilinx_sdk/tExc08'
make[1]: 'kernel_cfg.h' is up to date.
make[1]: 'offset.h' is up to date.
ruby ../../../../cfg/cfg.rb --pass 3 --kernel fmp -O -I. -I../../../../include  -I../../../../target/zybo_z7_gcc -I../../../../arch/arm_gcc/zynq7000 -I../../../../arch/arm_gcc/common -I../../../../arch/gcc -I../../../.. -I../../../../sample -I./gen -I../../../../tecs_kernel -I../../../../tecsgen/tecs -I../../../../tecsgen/tecs/rpc -T ../../../../target/zybo_z7_gcc/target_check.trb \
			--rom-symbol fmp.syms --rom-image fmp.srec
make[1]: Leaving directory 'D:/fmp3_zybo_z7_gcc+tecs/target/zybo_z7_gcc/xilinx_sdk/tExc08'
process_begin: CreateProcess(NULL, ruby ../../../../cfg/cfg.rb --pass 3 --kernel fmp -O -I. -I../../../../include -I../../../../target/zybo_z7_gcc -I../../../../arch/arm_gcc/zynq7000 -I../../../../arch/arm_gcc/common -I../../../../arch/gcc -I../../../.. -I../../../../sample -I./gen -I../../../../tecs_kernel -I../../../../tecsgen/tecs -I../../../../tecsgen/tecs/rpc -T ../../../../target/zybo_z7_gcc/target_check.trb --rom-symbol fmp.syms --rom-image fmp.srec, ...) failed.
make (e=2): 指定されたファイルが見つかりません。

make[1]: *** [Makefile:471: check.timestamp] Error 2
make: *** [Makefile:238: all] Error 2
16:41:23 **** Incremental Build of configuration Default for project sample1 ****
make all 
make: Nothing to be done for 'all'.
16:41:23 **** Incremental Build of configuration Default for project ca9_1 ****
make all 
cmd.exe /C copy ..\sample1\fmp.elf .
        1 個のファイルをコピーしました。
08:46:10 **** Incremental Build of configuration Default for project tExc08 ****
make all 
make[1]: Entering directory 'D:/fmp3_zybo_z7_gcc+tecs/target/zybo_z7_gcc/xilinx_sdk/tExc08'
make[1]: 'kernel_cfg.h' is up to date.
make[1]: 'offset.h' is up to date.
ruby ../../../../cfg/cfg.rb --pass 3 --kernel fmp -O -I. -I../../../../include  -I../../../../target/zybo_z7_gcc -I../../../../arch/arm_gcc/zynq7000 -I../../../../arch/arm_gcc/common -I../../../../arch/gcc -I../../../.. -I../../../../sample -I./gen -I../../../../tecs_kernel -I../../../../tecsgen/tecs -I../../../../tecsgen/tecs/rpc -T ../../../../target/zybo_z7_gcc/target_check.trb \
			--rom-symbol fmp.syms --rom-image fmp.srec
process_begin: CreateProcess(NULL, ruby ../../../../cfg/cfg.rb --pass 3 --kernel fmp -O -I. -I../../../../include -I../../../../target/zybo_z7_gcc -I../../../../arch/arm_gcc/zynq7000 -I../../../../arch/arm_gcc/common -I../../../../arch/gcc -I../../../.. -I../../../../sample -I./gen -I../../../../tecs_kernel -I../../../../tecsgen/tecs -I../../../../tecsgen/tecs/rpc -T ../../../../target/zybo_z7_gcc/target_check.trb --rom-symbol fmp.syms --rom-image fmp.srec, ...) failed.
make[1]: Leaving directory 'D:/fmp3_zybo_z7_gcc+tecs/target/zybo_z7_gcc/xilinx_sdk/tExc08'
make (e=2): 指定されたファイルが見つかりません。

make[1]: *** [Makefile:471: check.timestamp] Error 2
make: *** [Makefile:238: all] Error 2
08:46:15 **** Incremental Build of configuration Default for project sample1 ****
make all 
make: Nothing to be done for 'all'.
08:46:15 **** Incremental Build of configuration Default for project ca9_1 ****
make all 
cmd.exe /C copy ..\sample1\fmp.elf .
        1 個のファイルをコピーしました。
08:47:30 **** Incremental Build of configuration Default for project tExc08 ****
make all 
make[1]: Entering directory 'D:/fmp3_zybo_z7_gcc+tecs/target/zybo_z7_gcc/xilinx_sdk/tExc08'
make[1]: 'kernel_cfg.h' is up to date.
make[1]: 'offset.h' is up to date.
ruby ../../../../cfg/cfg.rb --pass 3 --kernel fmp -O -I. -I../../../../include  -I../../../../target/zybo_z7_gcc -I../../../../arch/arm_gcc/zynq7000 -I../../../../arch/arm_gcc/common -I../../../../arch/gcc -I../../../.. -I../../../../sample -I./gen -I../../../../tecs_kernel -I../../../../tecsgen/tecs -I../../../../tecsgen/tecs/rpc -T ../../../../target/zybo_z7_gcc/target_check.trb \
			--rom-symbol fmp.syms --rom-image fmp.srec
make[1]: Leaving directory 'D:/fmp3_zybo_z7_gcc+tecs/target/zybo_z7_gcc/xilinx_sdk/tExc08'
process_begin: CreateProcess(NULL, ruby ../../../../cfg/cfg.rb --pass 3 --kernel fmp -O -I. -I../../../../include -I../../../../target/zybo_z7_gcc -I../../../../arch/arm_gcc/zynq7000 -I../../../../arch/arm_gcc/common -I../../../../arch/gcc -I../../../.. -I../../../../sample -I./gen -I../../../../tecs_kernel -I../../../../tecsgen/tecs -I../../../../tecsgen/tecs/rpc -T ../../../../target/zybo_z7_gcc/target_check.trb --rom-symbol fmp.syms --rom-image fmp.srec, ...) failed.
make (e=2): 指定されたファイルが見つかりません。

make[1]: *** [Makefile:471: check.timestamp] Error 2
make: *** [Makefile:238: all] Error 2
08:47:32 **** Incremental Build of configuration Default for project sample1 ****
make all 
make: Nothing to be done for 'all'.
08:47:32 **** Incremental Build of configuration Default for project ca9_1 ****
make all 
cmd.exe /C copy ..\sample1\fmp.elf .
        1 個のファイルをコピーしました。
08:48:19 **** Incremental Build of configuration Default for project tExc08 ****
make all 
make[1]: Entering directory 'D:/fmp3_zybo_z7_gcc+tecs/target/zybo_z7_gcc/xilinx_sdk/tExc08'
make[1]: 'kernel_cfg.h' is up to date.
make[1]: 'offset.h' is up to date.
ruby ../../../../cfg/cfg.rb --pass 3 --kernel fmp -O -I. -I../../../../include  -I../../../../target/zybo_z7_gcc -I../../../../arch/arm_gcc/zynq7000 -I../../../../arch/arm_gcc/common -I../../../../arch/gcc -I../../../.. -I../../../../sample -I./gen -I../../../../tecs_kernel -I../../../../tecsgen/tecs -I../../../../tecsgen/tecs/rpc -T ../../../../target/zybo_z7_gcc/target_check.trb \
			--rom-symbol fmp.syms --rom-image fmp.srec
process_begin: CreateProcess(NULL, ruby ../../../../cfg/cfg.rb --pass 3 --kernel fmp -O -I. -I../../../../include -I../../../../target/zybo_z7_gcc -I../../../../arch/arm_gcc/zynq7000 -I../../../../arch/arm_gcc/common -I../../../../arch/gcc -I../../../.. -I../../../../sample -I./gen -I../../../../tecs_kernel -I../../../../tecsgen/tecs -I../../../../tecsgen/tecs/rpc -T ../../../../target/zybo_z7_gcc/target_check.trb --rom-symbol fmp.syms --rom-image fmp.srec, ...) failed.
make (e=2): 指定されたファイルが見つかりません。
make[1]: Leaving directory 'D:/fmp3_zybo_z7_gcc+tecs/target/zybo_z7_gcc/xilinx_sdk/tExc08'

make[1]: *** [Makefile:471: check.timestamp] Error 2
make: *** [Makefile:238: all] Error 2
08:48:21 **** Incremental Build of configuration Default for project sample1 ****
make all 
make: Nothing to be done for 'all'.
08:48:21 **** Incremental Build of configuration Default for project ca9_1 ****
make all 
cmd.exe /C copy ..\sample1\fmp.elf .
        1 個のファイルをコピーしました。
08:49:22 **** Incremental Build of configuration Default for project tExc08 ****
make all 
make[1]: Entering directory 'D:/fmp3_zybo_z7_gcc+tecs/target/zybo_z7_gcc/xilinx_sdk/tExc08'
make[1]: 'kernel_cfg.h' is up to date.
make[1]: 'offset.h' is up to date.
ruby ../../../../cfg/cfg.rb --pass 3 --kernel fmp -O -I. -I../../../../include  -I../../../../target/zybo_z7_gcc -I../../../../arch/arm_gcc/zynq7000 -I../../../../arch/arm_gcc/common -I../../../../arch/gcc -I../../../.. -I../../../../sample -I./gen -I../../../../tecs_kernel -I../../../../tecsgen/tecs -I../../../../tecsgen/tecs/rpc -T ../../../../target/zybo_z7_gcc/target_check.trb \
			--rom-symbol fmp.syms --rom-image fmp.srec
process_begin: CreateProcess(NULL, ruby ../../../../cfg/cfg.rb --pass 3 --kernel fmp -O -I. -I../../../../include -I../../../../target/zybo_z7_gcc -I../../../../arch/arm_gcc/zynq7000 -I../../../../arch/arm_gcc/common -I../../../../arch/gcc -I../../../.. -I../../../../sample -I./gen -I../../../../tecs_kernel -I../../../../tecsgen/tecs -I../../../../tecsgen/tecs/rpc -T ../../../../target/zybo_z7_gcc/target_check.trb --rom-symbol fmp.syms --rom-image fmp.srec, ...) failed.
make[1]: Leaving directory 'D:/fmp3_zybo_z7_gcc+tecs/target/zybo_z7_gcc/xilinx_sdk/tExc08'
make (e=2): 指定されたファイルが見つかりません。

make[1]: *** [Makefile:471: check.timestamp] Error 2
make: *** [Makefile:238: all] Error 2
08:49:24 **** Incremental Build of configuration Default for project sample1 ****
make all 
make: Nothing to be done for 'all'.
08:49:25 **** Incremental Build of configuration Default for project ca9_1 ****
make all 
cmd.exe /C copy ..\sample1\fmp.elf .
        1 個のファイルをコピーしました。
08:50:02 **** Incremental Build of configuration Default for project tExc08 ****
make all 
make[1]: Entering directory 'D:/fmp3_zybo_z7_gcc+tecs/target/zybo_z7_gcc/xilinx_sdk/tExc08'
make[1]: 'kernel_cfg.h' is up to date.
make[1]: 'offset.h' is up to date.
ruby ../../../../cfg/cfg.rb --pass 3 --kernel fmp -O -I. -I../../../../include  -I../../../../target/zybo_z7_gcc -I../../../../arch/arm_gcc/zynq7000 -I../../../../arch/arm_gcc/common -I../../../../arch/gcc -I../../../.. -I../../../../sample -I./gen -I../../../../tecs_kernel -I../../../../tecsgen/tecs -I../../../../tecsgen/tecs/rpc -T ../../../../target/zybo_z7_gcc/target_check.trb \
			--rom-symbol fmp.syms --rom-image fmp.srec
make[1]: Leaving directory 'D:/fmp3_zybo_z7_gcc+tecs/target/zybo_z7_gcc/xilinx_sdk/tExc08'
process_begin: CreateProcess(NULL, ruby ../../../../cfg/cfg.rb --pass 3 --kernel fmp -O -I. -I../../../../include -I../../../../target/zybo_z7_gcc -I../../../../arch/arm_gcc/zynq7000 -I../../../../arch/arm_gcc/common -I../../../../arch/gcc -I../../../.. -I../../../../sample -I./gen -I../../../../tecs_kernel -I../../../../tecsgen/tecs -I../../../../tecsgen/tecs/rpc -T ../../../../target/zybo_z7_gcc/target_check.trb --rom-symbol fmp.syms --rom-image fmp.srec, ...) failed.
make (e=2): 指定されたファイルが見つかりません。

make[1]: *** [Makefile:471: check.timestamp] Error 2
make: *** [Makefile:238: all] Error 2
08:50:04 **** Incremental Build of configuration Default for project sample1 ****
make all 
make: Nothing to be done for 'all'.
08:50:04 **** Incremental Build of configuration Default for project ca9_1 ****
make all 
cmd.exe /C copy ..\sample1\fmp.elf .
        1 個のファイルをコピーしました。
08:50:54 **** Incremental Build of configuration Default for project tExc08 ****
make all 
make[1]: Entering directory 'D:/fmp3_zybo_z7_gcc+tecs/target/zybo_z7_gcc/xilinx_sdk/tExc08'
make[1]: 'kernel_cfg.h' is up to date.
make[1]: 'offset.h' is up to date.
ruby ../../../../cfg/cfg.rb --pass 3 --kernel fmp -O -I. -I../../../../include  -I../../../../target/zybo_z7_gcc -I../../../../arch/arm_gcc/zynq7000 -I../../../../arch/arm_gcc/common -I../../../../arch/gcc -I../../../.. -I../../../../sample -I./gen -I../../../../tecs_kernel -I../../../../tecsgen/tecs -I../../../../tecsgen/tecs/rpc -T ../../../../target/zybo_z7_gcc/target_check.trb \
			--rom-symbol fmp.syms --rom-image fmp.srec
make[1]: Leaving directory 'D:/fmp3_zybo_z7_gcc+tecs/target/zybo_z7_gcc/xilinx_sdk/tExc08'
process_begin: CreateProcess(NULL, ruby ../../../../cfg/cfg.rb --pass 3 --kernel fmp -O -I. -I../../../../include -I../../../../target/zybo_z7_gcc -I../../../../arch/arm_gcc/zynq7000 -I../../../../arch/arm_gcc/common -I../../../../arch/gcc -I../../../.. -I../../../../sample -I./gen -I../../../../tecs_kernel -I../../../../tecsgen/tecs -I../../../../tecsgen/tecs/rpc -T ../../../../target/zybo_z7_gcc/target_check.trb --rom-symbol fmp.syms --rom-image fmp.srec, ...) failed.
make (e=2): 指定されたファイルが見つかりません。

make[1]: *** [Makefile:471: check.timestamp] Error 2
make: *** [Makefile:238: all] Error 2
08:50:56 **** Incremental Build of configuration Default for project sample1 ****
make all 
make: Nothing to be done for 'all'.
08:50:56 **** Incremental Build of configuration Default for project ca9_1 ****
make all 
cmd.exe /C copy ..\sample1\fmp.elf .
        1 個のファイルをコピーしました。
08:51:47 **** Incremental Build of configuration Default for project tExc08 ****
make all 
make[1]: Entering directory 'D:/fmp3_zybo_z7_gcc+tecs/target/zybo_z7_gcc/xilinx_sdk/tExc08'
make[1]: 'kernel_cfg.h' is up to date.
make[1]: 'offset.h' is up to date.
ruby ../../../../cfg/cfg.rb --pass 3 --kernel fmp -O -I. -I../../../../include  -I../../../../target/zybo_z7_gcc -I../../../../arch/arm_gcc/zynq7000 -I../../../../arch/arm_gcc/common -I../../../../arch/gcc -I../../../.. -I../../../../sample -I./gen -I../../../../tecs_kernel -I../../../../tecsgen/tecs -I../../../../tecsgen/tecs/rpc -T ../../../../target/zybo_z7_gcc/target_check.trb \
			--rom-symbol fmp.syms --rom-image fmp.srec
process_begin: CreateProcess(NULL, ruby ../../../../cfg/cfg.rb --pass 3 --kernel fmp -O -I. -I../../../../include -I../../../../target/zybo_z7_gcc -I../../../../arch/arm_gcc/zynq7000 -I../../../../arch/arm_gcc/common -I../../../../arch/gcc -I../../../.. -I../../../../sample -I./gen -I../../../../tecs_kernel -I../../../../tecsgen/tecs -I../../../../tecsgen/tecs/rpc -T ../../../../target/zybo_z7_gcc/target_check.trb --rom-symbol fmp.syms --rom-image fmp.srec, ...) failed.
make (e=2): 指定されたファイルが見つかりません。

make[1]: Leaving directory 'D:/fmp3_zybo_z7_gcc+tecs/target/zybo_z7_gcc/xilinx_sdk/tExc08'
make[1]: *** [Makefile:471: check.timestamp] Error 2
make: *** [Makefile:238: all] Error 2
08:51:48 **** Incremental Build of configuration Default for project sample1 ****
make all 
make: Nothing to be done for 'all'.
08:51:49 **** Incremental Build of configuration Default for project ca9_1 ****
make all 
cmd.exe /C copy ..\sample1\fmp.elf .
        1 個のファイルをコピーしました。
08:52:29 **** Incremental Build of configuration Default for project tExc08 ****
make all 
make[1]: Entering directory 'D:/fmp3_zybo_z7_gcc+tecs/target/zybo_z7_gcc/xilinx_sdk/tExc08'
make[1]: 'kernel_cfg.h' is up to date.
make[1]: 'offset.h' is up to date.
ruby ../../../../cfg/cfg.rb --pass 3 --kernel fmp -O -I. -I../../../../include  -I../../../../target/zybo_z7_gcc -I../../../../arch/arm_gcc/zynq7000 -I../../../../arch/arm_gcc/common -I../../../../arch/gcc -I../../../.. -I../../../../sample -I./gen -I../../../../tecs_kernel -I../../../../tecsgen/tecs -I../../../../tecsgen/tecs/rpc -T ../../../../target/zybo_z7_gcc/target_check.trb \
			--rom-symbol fmp.syms --rom-image fmp.srec
process_begin: CreateProcess(NULL, ruby ../../../../cfg/cfg.rb --pass 3 --kernel fmp -O -I. -I../../../../include -I../../../../target/zybo_z7_gcc -I../../../../arch/arm_gcc/zynq7000 -I../../../../arch/arm_gcc/common -I../../../../arch/gcc -I../../../.. -I../../../../sample -I./gen -I../../../../tecs_kernel -I../../../../tecsgen/tecs -I../../../../tecsgen/tecs/rpc -T ../../../../target/zybo_z7_gcc/target_check.trb --rom-symbol fmp.syms --rom-image fmp.srec, ...) failed.
make[1]: Leaving directory 'D:/fmp3_zybo_z7_gcc+tecs/target/zybo_z7_gcc/xilinx_sdk/tExc08'
make (e=2): 指定されたファイルが見つかりません。

make[1]: *** [Makefile:471: check.timestamp] Error 2
make: *** [Makefile:238: all] Error 2
08:52:31 **** Incremental Build of configuration Default for project sample1 ****
make all 
make: Nothing to be done for 'all'.
08:52:31 **** Incremental Build of configuration Default for project ca9_1 ****
make all 
cmd.exe /C copy ..\sample1\fmp.elf .
        1 個のファイルをコピーしました。
08:53:43 **** Incremental Build of configuration Default for project tExc08 ****
make all 
make[1]: Entering directory 'D:/fmp3_zybo_z7_gcc+tecs/target/zybo_z7_gcc/xilinx_sdk/tExc08'
make[1]: 'kernel_cfg.h' is up to date.
make[1]: 'offset.h' is up to date.
ruby ../../../../cfg/cfg.rb --pass 3 --kernel fmp -O -I. -I../../../../include  -I../../../../target/zybo_z7_gcc -I../../../../arch/arm_gcc/zynq7000 -I../../../../arch/arm_gcc/common -I../../../../arch/gcc -I../../../.. -I../../../../sample -I./gen -I../../../../tecs_kernel -I../../../../tecsgen/tecs -I../../../../tecsgen/tecs/rpc -T ../../../../target/zybo_z7_gcc/target_check.trb \
			--rom-symbol fmp.syms --rom-image fmp.srec
make[1]: Leaving directory 'D:/fmp3_zybo_z7_gcc+tecs/target/zybo_z7_gcc/xilinx_sdk/tExc08'
process_begin: CreateProcess(NULL, ruby ../../../../cfg/cfg.rb --pass 3 --kernel fmp -O -I. -I../../../../include -I../../../../target/zybo_z7_gcc -I../../../../arch/arm_gcc/zynq7000 -I../../../../arch/arm_gcc/common -I../../../../arch/gcc -I../../../.. -I../../../../sample -I./gen -I../../../../tecs_kernel -I../../../../tecsgen/tecs -I../../../../tecsgen/tecs/rpc -T ../../../../target/zybo_z7_gcc/target_check.trb --rom-symbol fmp.syms --rom-image fmp.srec, ...) failed.
make (e=2): 指定されたファイルが見つかりません。

make[1]: *** [Makefile:471: check.timestamp] Error 2
make: *** [Makefile:238: all] Error 2
08:53:45 **** Incremental Build of configuration Default for project sample1 ****
make all 
make: Nothing to be done for 'all'.
08:53:45 **** Incremental Build of configuration Default for project ca9_1 ****
make all 
cmd.exe /C copy ..\sample1\fmp.elf .
        1 個のファイルをコピーしました。
08:54:19 **** Incremental Build of configuration Default for project tExc08 ****
make all 
make[1]: Entering directory 'D:/fmp3_zybo_z7_gcc+tecs/target/zybo_z7_gcc/xilinx_sdk/tExc08'
make[1]: 'kernel_cfg.h' is up to date.
make[1]: 'offset.h' is up to date.
ruby ../../../../cfg/cfg.rb --pass 3 --kernel fmp -O -I. -I../../../../include  -I../../../../target/zybo_z7_gcc -I../../../../arch/arm_gcc/zynq7000 -I../../../../arch/arm_gcc/common -I../../../../arch/gcc -I../../../.. -I../../../../sample -I./gen -I../../../../tecs_kernel -I../../../../tecsgen/tecs -I../../../../tecsgen/tecs/rpc -T ../../../../target/zybo_z7_gcc/target_check.trb \
			--rom-symbol fmp.syms --rom-image fmp.srec
process_begin: CreateProcess(NULL, ruby ../../../../cfg/cfg.rb --pass 3 --kernel fmp -O -I. -I../../../../include -I../../../../target/zybo_z7_gcc -I../../../../arch/arm_gcc/zynq7000 -I../../../../arch/arm_gcc/common -I../../../../arch/gcc -I../../../.. -I../../../../sample -I./gen -I../../../../tecs_kernel -I../../../../tecsgen/tecs -I../../../../tecsgen/tecs/rpc -T ../../../../target/zybo_z7_gcc/target_check.trb --rom-symbol fmp.syms --rom-image fmp.srec, ...) failed.
make[1]: Leaving directory 'D:/fmp3_zybo_z7_gcc+tecs/target/zybo_z7_gcc/xilinx_sdk/tExc08'
make (e=2): 指定されたファイルが見つかりません。

make[1]: *** [Makefile:471: check.timestamp] Error 2
make: *** [Makefile:238: all] Error 2
08:54:21 **** Incremental Build of configuration Default for project sample1 ****
make all 
make: Nothing to be done for 'all'.
08:54:21 **** Incremental Build of configuration Default for project ca9_1 ****
make all 
cmd.exe /C copy ..\sample1\fmp.elf .
        1 個のファイルをコピーしました。
08:55:03 **** Incremental Build of configuration Default for project tExc08 ****
make all 
make[1]: Entering directory 'D:/fmp3_zybo_z7_gcc+tecs/target/zybo_z7_gcc/xilinx_sdk/tExc08'
make[1]: 'kernel_cfg.h' is up to date.
make[1]: 'offset.h' is up to date.
ruby ../../../../cfg/cfg.rb --pass 3 --kernel fmp -O -I. -I../../../../include  -I../../../../target/zybo_z7_gcc -I../../../../arch/arm_gcc/zynq7000 -I../../../../arch/arm_gcc/common -I../../../../arch/gcc -I../../../.. -I../../../../sample -I./gen -I../../../../tecs_kernel -I../../../../tecsgen/tecs -I../../../../tecsgen/tecs/rpc -T ../../../../target/zybo_z7_gcc/target_check.trb \
			--rom-symbol fmp.syms --rom-image fmp.srec
process_begin: CreateProcess(NULL, ruby ../../../../cfg/cfg.rb --pass 3 --kernel fmp -O -I. -I../../../../include -I../../../../target/zybo_z7_gcc -I../../../../arch/arm_gcc/zynq7000 -I../../../../arch/arm_gcc/common -I../../../../arch/gcc -I../../../.. -I../../../../sample -I./gen -I../../../../tecs_kernel -I../../../../tecsgen/tecs -I../../../../tecsgen/tecs/rpc -T ../../../../target/zybo_z7_gcc/target_check.trb --rom-symbol fmp.syms --rom-image fmp.srec, ...) failed.
make[1]: Leaving directory 'D:/fmp3_zybo_z7_gcc+tecs/target/zybo_z7_gcc/xilinx_sdk/tExc08'
make (e=2): 指定されたファイルが見つかりません。

make[1]: *** [Makefile:471: check.timestamp] Error 2
make: *** [Makefile:238: all] Error 2
08:55:05 **** Incremental Build of configuration Default for project sample1 ****
make all 
make: Nothing to be done for 'all'.
08:55:05 **** Incremental Build of configuration Default for project ca9_1 ****
make all 
cmd.exe /C copy ..\sample1\fmp.elf .
        1 個のファイルをコピーしました。
08:55:35 **** Incremental Build of configuration Default for project tExc08 ****
make all 
make[1]: Entering directory 'D:/fmp3_zybo_z7_gcc+tecs/target/zybo_z7_gcc/xilinx_sdk/tExc08'
make[1]: 'kernel_cfg.h' is up to date.
make[1]: 'offset.h' is up to date.
ruby ../../../../cfg/cfg.rb --pass 3 --kernel fmp -O -I. -I../../../../include  -I../../../../target/zybo_z7_gcc -I../../../../arch/arm_gcc/zynq7000 -I../../../../arch/arm_gcc/common -I../../../../arch/gcc -I../../../.. -I../../../../sample -I./gen -I../../../../tecs_kernel -I../../../../tecsgen/tecs -I../../../../tecsgen/tecs/rpc -T ../../../../target/zybo_z7_gcc/target_check.trb \
			--rom-symbol fmp.syms --rom-image fmp.srec
process_begin: CreateProcess(NULL, ruby ../../../../cfg/cfg.rb --pass 3 --kernel fmp -O -I. -I../../../../include -I../../../../target/zybo_z7_gcc -I../../../../arch/arm_gcc/zynq7000 -I../../../../arch/arm_gcc/common -I../../../../arch/gcc -I../../../.. -I../../../../sample -I./gen -I../../../../tecs_kernel -I../../../../tecsgen/tecs -I../../../../tecsgen/tecs/rpc -T ../../../../target/zybo_z7_gcc/target_check.trb --rom-symbol fmp.syms --rom-image fmp.srec, ...) failed.
make (e=2): 指定されたファイルが見つかりません。
make[1]: Leaving directory 'D:/fmp3_zybo_z7_gcc+tecs/target/zybo_z7_gcc/xilinx_sdk/tExc08'

make[1]: *** [Makefile:471: check.timestamp] Error 2
make: *** [Makefile:238: all] Error 2
08:55:37 **** Incremental Build of configuration Default for project sample1 ****
make all 
make: Nothing to be done for 'all'.
08:55:38 **** Incremental Build of configuration Default for project ca9_1 ****
make all 
cmd.exe /C copy ..\sample1\fmp.elf .
        1 個のファイルをコピーしました。
08:56:11 **** Incremental Build of configuration Default for project tExc08 ****
make all 
make[1]: Entering directory 'D:/fmp3_zybo_z7_gcc+tecs/target/zybo_z7_gcc/xilinx_sdk/tExc08'
make[1]: 'kernel_cfg.h' is up to date.
make[1]: 'offset.h' is up to date.
ruby ../../../../cfg/cfg.rb --pass 3 --kernel fmp -O -I. -I../../../../include  -I../../../../target/zybo_z7_gcc -I../../../../arch/arm_gcc/zynq7000 -I../../../../arch/arm_gcc/common -I../../../../arch/gcc -I../../../.. -I../../../../sample -I./gen -I../../../../tecs_kernel -I../../../../tecsgen/tecs -I../../../../tecsgen/tecs/rpc -T ../../../../target/zybo_z7_gcc/target_check.trb \
			--rom-symbol fmp.syms --rom-image fmp.srec
process_begin: CreateProcess(NULL, ruby ../../../../cfg/cfg.rb --pass 3 --kernel fmp -O -I. -I../../../../include -I../../../../target/zybo_z7_gcc -I../../../../arch/arm_gcc/zynq7000 -I../../../../arch/arm_gcc/common -I../../../../arch/gcc -I../../../.. -I../../../../sample -I./gen -I../../../../tecs_kernel -I../../../../tecsgen/tecs -I../../../../tecsgen/tecs/rpc -T ../../../../target/zybo_z7_gcc/target_check.trb --rom-symbol fmp.syms --rom-image fmp.srec, ...) failed.
make[1]: Leaving directory 'D:/fmp3_zybo_z7_gcc+tecs/target/zybo_z7_gcc/xilinx_sdk/tExc08'
make (e=2): 指定されたファイルが見つかりません。

make[1]: *** [Makefile:471: check.timestamp] Error 2
make: *** [Makefile:238: all] Error 2
08:56:13 **** Incremental Build of configuration Default for project sample1 ****
make all 
make: Nothing to be done for 'all'.
08:56:13 **** Incremental Build of configuration Default for project ca9_1 ****
make all 
cmd.exe /C copy ..\sample1\fmp.elf .
        1 個のファイルをコピーしました。
08:56:45 **** Incremental Build of configuration Default for project tExc08 ****
make all 
make[1]: Entering directory 'D:/fmp3_zybo_z7_gcc+tecs/target/zybo_z7_gcc/xilinx_sdk/tExc08'
make[1]: 'kernel_cfg.h' is up to date.
make[1]: 'offset.h' is up to date.
ruby ../../../../cfg/cfg.rb --pass 3 --kernel fmp -O -I. -I../../../../include  -I../../../../target/zybo_z7_gcc -I../../../../arch/arm_gcc/zynq7000 -I../../../../arch/arm_gcc/common -I../../../../arch/gcc -I../../../.. -I../../../../sample -I./gen -I../../../../tecs_kernel -I../../../../tecsgen/tecs -I../../../../tecsgen/tecs/rpc -T ../../../../target/zybo_z7_gcc/target_check.trb \
			--rom-symbol fmp.syms --rom-image fmp.srec
process_begin: CreateProcess(NULL, ruby ../../../../cfg/cfg.rb --pass 3 --kernel fmp -O -I. -I../../../../include -I../../../../target/zybo_z7_gcc -I../../../../arch/arm_gcc/zynq7000 -I../../../../arch/arm_gcc/common -I../../../../arch/gcc -I../../../.. -I../../../../sample -I./gen -I../../../../tecs_kernel -I../../../../tecsgen/tecs -I../../../../tecsgen/tecs/rpc -T ../../../../target/zybo_z7_gcc/target_check.trb --rom-symbol fmp.syms --rom-image fmp.srec, ...) failed.
make (e=2): 指定されたファイルが見つかりません。

make[1]: Leaving directory 'D:/fmp3_zybo_z7_gcc+tecs/target/zybo_z7_gcc/xilinx_sdk/tExc08'
make[1]: *** [Makefile:471: check.timestamp] Error 2
make: *** [Makefile:238: all] Error 2
08:56:47 **** Incremental Build of configuration Default for project sample1 ****
make all 
make: Nothing to be done for 'all'.
08:56:47 **** Incremental Build of configuration Default for project ca9_1 ****
make all 
cmd.exe /C copy ..\sample1\fmp.elf .
        1 個のファイルをコピーしました。
08:57:20 **** Incremental Build of configuration Default for project tExc08 ****
make all 
make[1]: Entering directory 'D:/fmp3_zybo_z7_gcc+tecs/target/zybo_z7_gcc/xilinx_sdk/tExc08'
make[1]: 'kernel_cfg.h' is up to date.
make[1]: 'offset.h' is up to date.
ruby ../../../../cfg/cfg.rb --pass 3 --kernel fmp -O -I. -I../../../../include  -I../../../../target/zybo_z7_gcc -I../../../../arch/arm_gcc/zynq7000 -I../../../../arch/arm_gcc/common -I../../../../arch/gcc -I../../../.. -I../../../../sample -I./gen -I../../../../tecs_kernel -I../../../../tecsgen/tecs -I../../../../tecsgen/tecs/rpc -T ../../../../target/zybo_z7_gcc/target_check.trb \
			--rom-symbol fmp.syms --rom-image fmp.srec
process_begin: CreateProcess(NULL, ruby ../../../../cfg/cfg.rb --pass 3 --kernel fmp -O -I. -I../../../../include -I../../../../target/zybo_z7_gcc -I../../../../arch/arm_gcc/zynq7000 -I../../../../arch/arm_gcc/common -I../../../../arch/gcc -I../../../.. -I../../../../sample -I./gen -I../../../../tecs_kernel -I../../../../tecsgen/tecs -I../../../../tecsgen/tecs/rpc -T ../../../../target/zybo_z7_gcc/target_check.trb --rom-symbol fmp.syms --rom-image fmp.srec, ...) failed.
make (e=2): 指定されたファイルが見つかりません。

make[1]: *** [Makefile:471: check.timestamp] Error 2
make[1]: Leaving directory 'D:/fmp3_zybo_z7_gcc+tecs/target/zybo_z7_gcc/xilinx_sdk/tExc08'
make: *** [Makefile:238: all] Error 2
08:57:22 **** Incremental Build of configuration Default for project sample1 ****
make all 
make: Nothing to be done for 'all'.
08:57:22 **** Incremental Build of configuration Default for project ca9_1 ****
make all 
cmd.exe /C copy ..\sample1\fmp.elf .
        1 個のファイルをコピーしました。
09:01:06 **** Incremental Build of configuration Default for project tExc08 ****
make all 
make[1]: Entering directory 'D:/fmp3_zybo_z7_gcc+tecs/target/zybo_z7_gcc/xilinx_sdk/tExc08'
make[1]: 'kernel_cfg.h' is up to date.
make[1]: 'offset.h' is up to date.
ruby ../../../../cfg/cfg.rb --pass 3 --kernel fmp -O -I. -I../../../../include  -I../../../../target/zybo_z7_gcc -I../../../../arch/arm_gcc/zynq7000 -I../../../../arch/arm_gcc/common -I../../../../arch/gcc -I../../../.. -I../../../../sample -I./gen -I../../../../tecs_kernel -I../../../../tecsgen/tecs -I../../../../tecsgen/tecs/rpc -T ../../../../target/zybo_z7_gcc/target_check.trb \
			--rom-symbol fmp.syms --rom-image fmp.srec
make[1]: Leaving directory 'D:/fmp3_zybo_z7_gcc+tecs/target/zybo_z7_gcc/xilinx_sdk/tExc08'
process_begin: CreateProcess(NULL, ruby ../../../../cfg/cfg.rb --pass 3 --kernel fmp -O -I. -I../../../../include -I../../../../target/zybo_z7_gcc -I../../../../arch/arm_gcc/zynq7000 -I../../../../arch/arm_gcc/common -I../../../../arch/gcc -I../../../.. -I../../../../sample -I./gen -I../../../../tecs_kernel -I../../../../tecsgen/tecs -I../../../../tecsgen/tecs/rpc -T ../../../../target/zybo_z7_gcc/target_check.trb --rom-symbol fmp.syms --rom-image fmp.srec, ...) failed.
make (e=2): 指定されたファイルが見つかりません。

make[1]: *** [Makefile:471: check.timestamp] Error 2
make: *** [Makefile:238: all] Error 2
09:01:08 **** Incremental Build of configuration Default for project sample1 ****
make all 
make: Nothing to be done for 'all'.
09:01:08 **** Incremental Build of configuration Default for project ca9_1 ****
make all 
cmd.exe /C copy ..\sample1\fmp.elf .
        1 個のファイルをコピーしました。
09:01:55 **** Incremental Build of configuration Default for project tExc08 ****
make all 
make[1]: Entering directory 'D:/fmp3_zybo_z7_gcc+tecs/target/zybo_z7_gcc/xilinx_sdk/tExc08'
make[1]: 'kernel_cfg.h' is up to date.
make[1]: 'offset.h' is up to date.
ruby ../../../../cfg/cfg.rb --pass 3 --kernel fmp -O -I. -I../../../../include  -I../../../../target/zybo_z7_gcc -I../../../../arch/arm_gcc/zynq7000 -I../../../../arch/arm_gcc/common -I../../../../arch/gcc -I../../../.. -I../../../../sample -I./gen -I../../../../tecs_kernel -I../../../../tecsgen/tecs -I../../../../tecsgen/tecs/rpc -T ../../../../target/zybo_z7_gcc/target_check.trb \
			--rom-symbol fmp.syms --rom-image fmp.srec
make[1]: Leaving directory 'D:/fmp3_zybo_z7_gcc+tecs/target/zybo_z7_gcc/xilinx_sdk/tExc08'
process_begin: CreateProcess(NULL, ruby ../../../../cfg/cfg.rb --pass 3 --kernel fmp -O -I. -I../../../../include -I../../../../target/zybo_z7_gcc -I../../../../arch/arm_gcc/zynq7000 -I../../../../arch/arm_gcc/common -I../../../../arch/gcc -I../../../.. -I../../../../sample -I./gen -I../../../../tecs_kernel -I../../../../tecsgen/tecs -I../../../../tecsgen/tecs/rpc -T ../../../../target/zybo_z7_gcc/target_check.trb --rom-symbol fmp.syms --rom-image fmp.srec, ...) failed.
make (e=2): 指定されたファイルが見つかりません。

make[1]: *** [Makefile:471: check.timestamp] Error 2
make: *** [Makefile:238: all] Error 2
09:01:57 **** Incremental Build of configuration Default for project sample1 ****
make all 
make: Nothing to be done for 'all'.
09:01:57 **** Incremental Build of configuration Default for project ca9_1 ****
make all 
cmd.exe /C copy ..\sample1\fmp.elf .
        1 個のファイルをコピーしました。
09:03:03 **** Incremental Build of configuration Default for project tExc08 ****
make all 
make[1]: Entering directory 'D:/fmp3_zybo_z7_gcc+tecs/target/zybo_z7_gcc/xilinx_sdk/tExc08'
make[1]: 'kernel_cfg.h' is up to date.
make[1]: 'offset.h' is up to date.
ruby ../../../../cfg/cfg.rb --pass 3 --kernel fmp -O -I. -I../../../../include  -I../../../../target/zybo_z7_gcc -I../../../../arch/arm_gcc/zynq7000 -I../../../../arch/arm_gcc/common -I../../../../arch/gcc -I../../../.. -I../../../../sample -I./gen -I../../../../tecs_kernel -I../../../../tecsgen/tecs -I../../../../tecsgen/tecs/rpc -T ../../../../target/zybo_z7_gcc/target_check.trb \
			--rom-symbol fmp.syms --rom-image fmp.srec
process_begin: CreateProcess(NULL, ruby ../../../../cfg/cfg.rb --pass 3 --kernel fmp -O -I. -I../../../../include -I../../../../target/zybo_z7_gcc -I../../../../arch/arm_gcc/zynq7000 -I../../../../arch/arm_gcc/common -I../../../../arch/gcc -I../../../.. -I../../../../sample -I./gen -I../../../../tecs_kernel -I../../../../tecsgen/tecs -I../../../../tecsgen/tecs/rpc -T ../../../../target/zybo_z7_gcc/target_check.trb --rom-symbol fmp.syms --rom-image fmp.srec, ...) failed.
make (e=2): 指定されたファイルが見つかりません。
make[1]: Leaving directory 'D:/fmp3_zybo_z7_gcc+tecs/target/zybo_z7_gcc/xilinx_sdk/tExc08'

make[1]: *** [Makefile:471: check.timestamp] Error 2
make: *** [Makefile:238: all] Error 2
09:03:05 **** Incremental Build of configuration Default for project sample1 ****
make all 
make: Nothing to be done for 'all'.
09:03:05 **** Incremental Build of configuration Default for project ca9_1 ****
make all 
cmd.exe /C copy ..\sample1\fmp.elf .
        1 個のファイルをコピーしました。
09:03:38 **** Incremental Build of configuration Default for project tExc08 ****
make all 
make[1]: Entering directory 'D:/fmp3_zybo_z7_gcc+tecs/target/zybo_z7_gcc/xilinx_sdk/tExc08'
make[1]: 'kernel_cfg.h' is up to date.
make[1]: 'offset.h' is up to date.
ruby ../../../../cfg/cfg.rb --pass 3 --kernel fmp -O -I. -I../../../../include  -I../../../../target/zybo_z7_gcc -I../../../../arch/arm_gcc/zynq7000 -I../../../../arch/arm_gcc/common -I../../../../arch/gcc -I../../../.. -I../../../../sample -I./gen -I../../../../tecs_kernel -I../../../../tecsgen/tecs -I../../../../tecsgen/tecs/rpc -T ../../../../target/zybo_z7_gcc/target_check.trb \
			--rom-symbol fmp.syms --rom-image fmp.srec
process_begin: CreateProcess(NULL, ruby ../../../../cfg/cfg.rb --pass 3 --kernel fmp -O -I. -I../../../../include -I../../../../target/zybo_z7_gcc -I../../../../arch/arm_gcc/zynq7000 -I../../../../arch/arm_gcc/common -I../../../../arch/gcc -I../../../.. -I../../../../sample -I./gen -I../../../../tecs_kernel -I../../../../tecsgen/tecs -I../../../../tecsgen/tecs/rpc -T ../../../../target/zybo_z7_gcc/target_check.trb --rom-symbol fmp.syms --rom-image fmp.srec, ...) failed.
make (e=2): 指定されたファイルが見つかりません。

make[1]: Leaving directory 'D:/fmp3_zybo_z7_gcc+tecs/target/zybo_z7_gcc/xilinx_sdk/tExc08'
make[1]: *** [Makefile:471: check.timestamp] Error 2
make: *** [Makefile:238: all] Error 2
09:03:39 **** Incremental Build of configuration Default for project sample1 ****
make all 
make: Nothing to be done for 'all'.
09:03:40 **** Incremental Build of configuration Default for project ca9_1 ****
make all 
cmd.exe /C copy ..\sample1\fmp.elf .
        1 個のファイルをコピーしました。
09:04:16 **** Incremental Build of configuration Default for project tExc08 ****
make all 
make[1]: Entering directory 'D:/fmp3_zybo_z7_gcc+tecs/target/zybo_z7_gcc/xilinx_sdk/tExc08'
make[1]: 'kernel_cfg.h' is up to date.
make[1]: 'offset.h' is up to date.
ruby ../../../../cfg/cfg.rb --pass 3 --kernel fmp -O -I. -I../../../../include  -I../../../../target/zybo_z7_gcc -I../../../../arch/arm_gcc/zynq7000 -I../../../../arch/arm_gcc/common -I../../../../arch/gcc -I../../../.. -I../../../../sample -I./gen -I../../../../tecs_kernel -I../../../../tecsgen/tecs -I../../../../tecsgen/tecs/rpc -T ../../../../target/zybo_z7_gcc/target_check.trb \
			--rom-symbol fmp.syms --rom-image fmp.srec
process_begin: CreateProcess(NULL, ruby ../../../../cfg/cfg.rb --pass 3 --kernel fmp -O -I. -I../../../../include -I../../../../target/zybo_z7_gcc -I../../../../arch/arm_gcc/zynq7000 -I../../../../arch/arm_gcc/common -I../../../../arch/gcc -I../../../.. -I../../../../sample -I./gen -I../../../../tecs_kernel -I../../../../tecsgen/tecs -I../../../../tecsgen/tecs/rpc -T ../../../../target/zybo_z7_gcc/target_check.trb --rom-symbol fmp.syms --rom-image fmp.srec, ...) failed.
make (e=2): 指定されたファイルが見つかりません。

make[1]: *** [Makefile:471: check.timestamp] Error 2
make[1]: Leaving directory 'D:/fmp3_zybo_z7_gcc+tecs/target/zybo_z7_gcc/xilinx_sdk/tExc08'
make: *** [Makefile:238: all] Error 2
09:04:18 **** Incremental Build of configuration Default for project sample1 ****
make all 
make: Nothing to be done for 'all'.
09:04:18 **** Incremental Build of configuration Default for project ca9_1 ****
make all 
cmd.exe /C copy ..\sample1\fmp.elf .
        1 個のファイルをコピーしました。
09:05:33 **** Incremental Build of configuration Default for project tExc08 ****
make all 
make[1]: Entering directory 'D:/fmp3_zybo_z7_gcc+tecs/target/zybo_z7_gcc/xilinx_sdk/tExc08'
make[1]: 'kernel_cfg.h' is up to date.
make[1]: 'offset.h' is up to date.
ruby ../../../../cfg/cfg.rb --pass 3 --kernel fmp -O -I. -I../../../../include  -I../../../../target/zybo_z7_gcc -I../../../../arch/arm_gcc/zynq7000 -I../../../../arch/arm_gcc/common -I../../../../arch/gcc -I../../../.. -I../../../../sample -I./gen -I../../../../tecs_kernel -I../../../../tecsgen/tecs -I../../../../tecsgen/tecs/rpc -T ../../../../target/zybo_z7_gcc/target_check.trb \
			--rom-symbol fmp.syms --rom-image fmp.srec
process_begin: CreateProcess(NULL, ruby ../../../../cfg/cfg.rb --pass 3 --kernel fmp -O -I. -I../../../../include -I../../../../target/zybo_z7_gcc -I../../../../arch/arm_gcc/zynq7000 -I../../../../arch/arm_gcc/common -I../../../../arch/gcc -I../../../.. -I../../../../sample -I./gen -I../../../../tecs_kernel -I../../../../tecsgen/tecs -I../../../../tecsgen/tecs/rpc -T ../../../../target/zybo_z7_gcc/target_check.trb --rom-symbol fmp.syms --rom-image fmp.srec, ...) failed.
make (e=2): 指定されたファイルが見つかりません。
make[1]: Leaving directory 'D:/fmp3_zybo_z7_gcc+tecs/target/zybo_z7_gcc/xilinx_sdk/tExc08'

make[1]: *** [Makefile:471: check.timestamp] Error 2
make: *** [Makefile:238: all] Error 2
09:05:34 **** Incremental Build of configuration Default for project sample1 ****
make all 
make: Nothing to be done for 'all'.
09:05:35 **** Incremental Build of configuration Default for project ca9_1 ****
make all 
cmd.exe /C copy ..\sample1\fmp.elf .
        1 個のファイルをコピーしました。
09:09:25 **** Incremental Build of configuration Default for project tExc08 ****
make all 
make[1]: Entering directory 'D:/fmp3_zybo_z7_gcc+tecs/target/zybo_z7_gcc/xilinx_sdk/tExc08'
make[1]: 'kernel_cfg.h' is up to date.
make[1]: 'offset.h' is up to date.
ruby ../../../../cfg/cfg.rb --pass 3 --kernel fmp -O -I. -I../../../../include  -I../../../../target/zybo_z7_gcc -I../../../../arch/arm_gcc/zynq7000 -I../../../../arch/arm_gcc/common -I../../../../arch/gcc -I../../../.. -I../../../../sample -I./gen -I../../../../tecs_kernel -I../../../../tecsgen/tecs -I../../../../tecsgen/tecs/rpc -T ../../../../target/zybo_z7_gcc/target_check.trb \
			--rom-symbol fmp.syms --rom-image fmp.srec
make[1]: Leaving directory 'D:/fmp3_zybo_z7_gcc+tecs/target/zybo_z7_gcc/xilinx_sdk/tExc08'
process_begin: CreateProcess(NULL, ruby ../../../../cfg/cfg.rb --pass 3 --kernel fmp -O -I. -I../../../../include -I../../../../target/zybo_z7_gcc -I../../../../arch/arm_gcc/zynq7000 -I../../../../arch/arm_gcc/common -I../../../../arch/gcc -I../../../.. -I../../../../sample -I./gen -I../../../../tecs_kernel -I../../../../tecsgen/tecs -I../../../../tecsgen/tecs/rpc -T ../../../../target/zybo_z7_gcc/target_check.trb --rom-symbol fmp.syms --rom-image fmp.srec, ...) failed.
make (e=2): 指定されたファイルが見つかりません。

make[1]: *** [Makefile:471: check.timestamp] Error 2
make: *** [Makefile:238: all] Error 2
09:09:27 **** Incremental Build of configuration Default for project sample1 ****
make all 
make: Nothing to be done for 'all'.
09:09:28 **** Incremental Build of configuration Default for project ca9_1 ****
make all 
cmd.exe /C copy ..\sample1\fmp.elf .
        1 個のファイルをコピーしました。
09:09:59 **** Incremental Build of configuration Default for project tExc08 ****
make all 
make[1]: Entering directory 'D:/fmp3_zybo_z7_gcc+tecs/target/zybo_z7_gcc/xilinx_sdk/tExc08'
make[1]: 'kernel_cfg.h' is up to date.
make[1]: 'offset.h' is up to date.
ruby ../../../../cfg/cfg.rb --pass 3 --kernel fmp -O -I. -I../../../../include  -I../../../../target/zybo_z7_gcc -I../../../../arch/arm_gcc/zynq7000 -I../../../../arch/arm_gcc/common -I../../../../arch/gcc -I../../../.. -I../../../../sample -I./gen -I../../../../tecs_kernel -I../../../../tecsgen/tecs -I../../../../tecsgen/tecs/rpc -T ../../../../target/zybo_z7_gcc/target_check.trb \
			--rom-symbol fmp.syms --rom-image fmp.srec
make[1]: Leaving directory 'D:/fmp3_zybo_z7_gcc+tecs/target/zybo_z7_gcc/xilinx_sdk/tExc08'
process_begin: CreateProcess(NULL, ruby ../../../../cfg/cfg.rb --pass 3 --kernel fmp -O -I. -I../../../../include -I../../../../target/zybo_z7_gcc -I../../../../arch/arm_gcc/zynq7000 -I../../../../arch/arm_gcc/common -I../../../../arch/gcc -I../../../.. -I../../../../sample -I./gen -I../../../../tecs_kernel -I../../../../tecsgen/tecs -I../../../../tecsgen/tecs/rpc -T ../../../../target/zybo_z7_gcc/target_check.trb --rom-symbol fmp.syms --rom-image fmp.srec, ...) failed.
make (e=2): 指定されたファイルが見つかりません。

make[1]: *** [Makefile:471: check.timestamp] Error 2
make: *** [Makefile:238: all] Error 2
09:10:00 **** Incremental Build of configuration Default for project sample1 ****
make all 
make: Nothing to be done for 'all'.
09:10:01 **** Incremental Build of configuration Default for project ca9_1 ****
make all 
cmd.exe /C copy ..\sample1\fmp.elf .
        1 個のファイルをコピーしました。
09:10:28 **** Incremental Build of configuration Default for project tExc08 ****
make all 
make[1]: Entering directory 'D:/fmp3_zybo_z7_gcc+tecs/target/zybo_z7_gcc/xilinx_sdk/tExc08'
make[1]: 'kernel_cfg.h' is up to date.
make[1]: 'offset.h' is up to date.
ruby ../../../../cfg/cfg.rb --pass 3 --kernel fmp -O -I. -I../../../../include  -I../../../../target/zybo_z7_gcc -I../../../../arch/arm_gcc/zynq7000 -I../../../../arch/arm_gcc/common -I../../../../arch/gcc -I../../../.. -I../../../../sample -I./gen -I../../../../tecs_kernel -I../../../../tecsgen/tecs -I../../../../tecsgen/tecs/rpc -T ../../../../target/zybo_z7_gcc/target_check.trb \
			--rom-symbol fmp.syms --rom-image fmp.srec
process_begin: CreateProcess(NULL, ruby ../../../../cfg/cfg.rb --pass 3 --kernel fmp -O -I. -I../../../../include -I../../../../target/zybo_z7_gcc -I../../../../arch/arm_gcc/zynq7000 -I../../../../arch/arm_gcc/common -I../../../../arch/gcc -I../../../.. -I../../../../sample -I./gen -I../../../../tecs_kernel -I../../../../tecsgen/tecs -I../../../../tecsgen/tecs/rpc -T ../../../../target/zybo_z7_gcc/target_check.trb --rom-symbol fmp.syms --rom-image fmp.srec, ...) failed.
make[1]: Leaving directory 'D:/fmp3_zybo_z7_gcc+tecs/target/zybo_z7_gcc/xilinx_sdk/tExc08'
make (e=2): 指定されたファイルが見つかりません。

make[1]: *** [Makefile:471: check.timestamp] Error 2
make: *** [Makefile:238: all] Error 2
09:10:30 **** Incremental Build of configuration Default for project sample1 ****
make all 
make: Nothing to be done for 'all'.
09:10:30 **** Incremental Build of configuration Default for project ca9_1 ****
make all 
cmd.exe /C copy ..\sample1\fmp.elf .
        1 個のファイルをコピーしました。
09:11:02 **** Incremental Build of configuration Default for project tExc08 ****
make all 
make[1]: Entering directory 'D:/fmp3_zybo_z7_gcc+tecs/target/zybo_z7_gcc/xilinx_sdk/tExc08'
make[1]: 'kernel_cfg.h' is up to date.
make[1]: 'offset.h' is up to date.
ruby ../../../../cfg/cfg.rb --pass 3 --kernel fmp -O -I. -I../../../../include  -I../../../../target/zybo_z7_gcc -I../../../../arch/arm_gcc/zynq7000 -I../../../../arch/arm_gcc/common -I../../../../arch/gcc -I../../../.. -I../../../../sample -I./gen -I../../../../tecs_kernel -I../../../../tecsgen/tecs -I../../../../tecsgen/tecs/rpc -T ../../../../target/zybo_z7_gcc/target_check.trb \
			--rom-symbol fmp.syms --rom-image fmp.srec
make[1]: Leaving directory 'D:/fmp3_zybo_z7_gcc+tecs/target/zybo_z7_gcc/xilinx_sdk/tExc08'
process_begin: CreateProcess(NULL, ruby ../../../../cfg/cfg.rb --pass 3 --kernel fmp -O -I. -I../../../../include -I../../../../target/zybo_z7_gcc -I../../../../arch/arm_gcc/zynq7000 -I../../../../arch/arm_gcc/common -I../../../../arch/gcc -I../../../.. -I../../../../sample -I./gen -I../../../../tecs_kernel -I../../../../tecsgen/tecs -I../../../../tecsgen/tecs/rpc -T ../../../../target/zybo_z7_gcc/target_check.trb --rom-symbol fmp.syms --rom-image fmp.srec, ...) failed.
make (e=2): 指定されたファイルが見つかりません。

make[1]: *** [Makefile:471: check.timestamp] Error 2
make: *** [Makefile:238: all] Error 2
09:11:04 **** Incremental Build of configuration Default for project sample1 ****
make all 
make: Nothing to be done for 'all'.
09:11:04 **** Incremental Build of configuration Default for project ca9_1 ****
make all 
cmd.exe /C copy ..\sample1\fmp.elf .
        1 個のファイルをコピーしました。
21:51:37 **** Incremental Build of configuration Default for project tExc08 ****
make all 
make[1]: Entering directory 'D:/fmp3_zybo_z7_gcc+tecs/target/zybo_z7_gcc/xilinx_sdk/tExc08'
make[1]: 'kernel_cfg.h' is up to date.
make[1]: 'offset.h' is up to date.
ruby ../../../../cfg/cfg.rb --pass 3 --kernel fmp -O -I. -I../../../../include  -I../../../../target/zybo_z7_gcc -I../../../../arch/arm_gcc/zynq7000 -I../../../../arch/arm_gcc/common -I../../../../arch/gcc -I../../../.. -I../../../../sample -I./gen -I../../../../tecs_kernel -I../../../../tecsgen/tecs -I../../../../tecsgen/tecs/rpc -T ../../../../target/zybo_z7_gcc/target_check.trb \
			--rom-symbol fmp.syms --rom-image fmp.srec
make[1]: Leaving directory 'D:/fmp3_zybo_z7_gcc+tecs/target/zybo_z7_gcc/xilinx_sdk/tExc08'
process_begin: CreateProcess(NULL, ruby ../../../../cfg/cfg.rb --pass 3 --kernel fmp -O -I. -I../../../../include -I../../../../target/zybo_z7_gcc -I../../../../arch/arm_gcc/zynq7000 -I../../../../arch/arm_gcc/common -I../../../../arch/gcc -I../../../.. -I../../../../sample -I./gen -I../../../../tecs_kernel -I../../../../tecsgen/tecs -I../../../../tecsgen/tecs/rpc -T ../../../../target/zybo_z7_gcc/target_check.trb --rom-symbol fmp.syms --rom-image fmp.srec, ...) failed.
make (e=2): 指定されたファイルが見つかりません。

make[1]: *** [Makefile:471: check.timestamp] Error 2
make: *** [Makefile:238: all] Error 2
21:51:40 **** Incremental Build of configuration Default for project sample1 ****
make all 
make: Nothing to be done for 'all'.
21:51:41 **** Incremental Build of configuration Default for project ca9_1 ****
make all 
cmd.exe /C copy ..\sample1\fmp.elf .
        1 個のファイルをコピーしました。
21:54:46 **** Incremental Build of configuration Default for project tExc08 ****
make all 
make[1]: Entering directory 'D:/fmp3_zybo_z7_gcc+tecs/target/zybo_z7_gcc/xilinx_sdk/tExc08'
make[1]: 'kernel_cfg.h' is up to date.
make[1]: 'offset.h' is up to date.
ruby ../../../../cfg/cfg.rb --pass 3 --kernel fmp -O -I. -I../../../../include  -I../../../../target/zybo_z7_gcc -I../../../../arch/arm_gcc/zynq7000 -I../../../../arch/arm_gcc/common -I../../../../arch/gcc -I../../../.. -I../../../../sample -I./gen -I../../../../tecs_kernel -I../../../../tecsgen/tecs -I../../../../tecsgen/tecs/rpc -T ../../../../target/zybo_z7_gcc/target_check.trb \
			--rom-symbol fmp.syms --rom-image fmp.srec
make[1]: Leaving directory 'D:/fmp3_zybo_z7_gcc+tecs/target/zybo_z7_gcc/xilinx_sdk/tExc08'
process_begin: CreateProcess(NULL, ruby ../../../../cfg/cfg.rb --pass 3 --kernel fmp -O -I. -I../../../../include -I../../../../target/zybo_z7_gcc -I../../../../arch/arm_gcc/zynq7000 -I../../../../arch/arm_gcc/common -I../../../../arch/gcc -I../../../.. -I../../../../sample -I./gen -I../../../../tecs_kernel -I../../../../tecsgen/tecs -I../../../../tecsgen/tecs/rpc -T ../../../../target/zybo_z7_gcc/target_check.trb --rom-symbol fmp.syms --rom-image fmp.srec, ...) failed.
make (e=2): 指定されたファイルが見つかりません。

make[1]: *** [Makefile:471: check.timestamp] Error 2
make: *** [Makefile:238: all] Error 2
21:54:48 **** Incremental Build of configuration Default for project sample1 ****
make all 
make: Nothing to be done for 'all'.
21:54:48 **** Incremental Build of configuration Default for project ca9_1 ****
make all 
cmd.exe /C copy ..\sample1\fmp.elf .
        1 個のファイルをコピーしました。
21:57:50 **** Incremental Build of configuration Default for project tExc08 ****
make all 
make[1]: Entering directory 'D:/fmp3_zybo_z7_gcc+tecs/target/zybo_z7_gcc/xilinx_sdk/tExc08'
make[1]: 'kernel_cfg.h' is up to date.
make[1]: 'offset.h' is up to date.
arm-none-eabi-gcc -c -o objs/tExc08.o -MD -MP -MF objs/tExc08.d -O2 -Wall -g   -mlittle-endian -mcpu=cortex-a9  -DUSE_BYPASS_IPI_DISPATCH_HANDER -D__TARGET_ARCH_ARM=7  -I. -I../../../../include  -I../../../../target/zybo_z7_gcc -I../../../../arch/arm_gcc/zynq7000 -I../../../../arch/arm_gcc/common -I../../../../arch/gcc -I../../../.. -I../../../../sample -I./gen -I../../../../tecs_kernel -I../../../../tecsgen/tecs -I../../../../tecsgen/tecs/rpc  ../../../../sample/tExc08.c
../../../../sample/tExc08.c: In function 'tExc08_eMainTask_main':
../../../../sample/tExc08.c:354:9: error: 'i' undeclared (first use in this function)
     for(i=0; i<100000000000; i++)
         ^
../../../../sample/tExc08.c:354:9: note: each undeclared identifier is reported only once for each function it appears in
make[1]: *** [Makefile:585: objs/tExc08.o] Error 1
make[1]: Leaving directory 'D:/fmp3_zybo_z7_gcc+tecs/target/zybo_z7_gcc/xilinx_sdk/tExc08'
make: *** [Makefile:238: all] Error 2
21:57:52 **** Incremental Build of configuration Default for project sample1 ****
make all 
make: Nothing to be done for 'all'.
21:57:52 **** Incremental Build of configuration Default for project ca9_1 ****
make all 
cmd.exe /C copy ..\sample1\fmp.elf .
        1 個のファイルをコピーしました。
22:00:34 **** Incremental Build of configuration Default for project tExc08 ****
make all 
make[1]: Entering directory 'D:/fmp3_zybo_z7_gcc+tecs/target/zybo_z7_gcc/xilinx_sdk/tExc08'
make[1]: 'kernel_cfg.h' is up to date.
make[1]: 'offset.h' is up to date.
ruby ../../../../cfg/cfg.rb --pass 3 --kernel fmp -O -I. -I../../../../include  -I../../../../target/zybo_z7_gcc -I../../../../arch/arm_gcc/zynq7000 -I../../../../arch/arm_gcc/common -I../../../../arch/gcc -I../../../.. -I../../../../sample -I./gen -I../../../../tecs_kernel -I../../../../tecsgen/tecs -I../../../../tecsgen/tecs/rpc -T ../../../../target/zybo_z7_gcc/target_check.trb \
			--rom-symbol fmp.syms --rom-image fmp.srec
make[1]: Leaving directory 'D:/fmp3_zybo_z7_gcc+tecs/target/zybo_z7_gcc/xilinx_sdk/tExc08'
process_begin: CreateProcess(NULL, ruby ../../../../cfg/cfg.rb --pass 3 --kernel fmp -O -I. -I../../../../include -I../../../../target/zybo_z7_gcc -I../../../../arch/arm_gcc/zynq7000 -I../../../../arch/arm_gcc/common -I../../../../arch/gcc -I../../../.. -I../../../../sample -I./gen -I../../../../tecs_kernel -I../../../../tecsgen/tecs -I../../../../tecsgen/tecs/rpc -T ../../../../target/zybo_z7_gcc/target_check.trb --rom-symbol fmp.syms --rom-image fmp.srec, ...) failed.
make (e=2): 指定されたファイルが見つかりません。

make[1]: *** [Makefile:471: check.timestamp] Error 2
make: *** [Makefile:238: all] Error 2
22:00:36 **** Incremental Build of configuration Default for project sample1 ****
make all 
make: Nothing to be done for 'all'.
22:00:37 **** Incremental Build of configuration Default for project ca9_1 ****
make all 
cmd.exe /C copy ..\sample1\fmp.elf .
        1 個のファイルをコピーしました。
22:00:54 **** Incremental Build of configuration Default for project tExc08 ****
make all 
make[1]: Entering directory 'D:/fmp3_zybo_z7_gcc+tecs/target/zybo_z7_gcc/xilinx_sdk/tExc08'
make[1]: 'kernel_cfg.h' is up to date.
make[1]: 'offset.h' is up to date.
ruby ../../../../cfg/cfg.rb --pass 3 --kernel fmp -O -I. -I../../../../include  -I../../../../target/zybo_z7_gcc -I../../../../arch/arm_gcc/zynq7000 -I../../../../arch/arm_gcc/common -I../../../../arch/gcc -I../../../.. -I../../../../sample -I./gen -I../../../../tecs_kernel -I../../../../tecsgen/tecs -I../../../../tecsgen/tecs/rpc -T ../../../../target/zybo_z7_gcc/target_check.trb \
			--rom-symbol fmp.syms --rom-image fmp.srec
process_begin: CreateProcess(NULL, ruby ../../../../cfg/cfg.rb --pass 3 --kernel fmp -O -I. -I../../../../include -I../../../../target/zybo_z7_gcc -I../../../../arch/arm_gcc/zynq7000 -I../../../../arch/arm_gcc/common -I../../../../arch/gcc -I../../../.. -I../../../../sample -I./gen -I../../../../tecs_kernel -I../../../../tecsgen/tecs -I../../../../tecsgen/tecs/rpc -T ../../../../target/zybo_z7_gcc/target_check.trb --rom-symbol fmp.syms --rom-image fmp.srec, ...) failed.
make (e=2): 指定されたファイルが見つかりません。

make[1]: Leaving directory 'D:/fmp3_zybo_z7_gcc+tecs/target/zybo_z7_gcc/xilinx_sdk/tExc08'
make[1]: *** [Makefile:471: check.timestamp] Error 2
make: *** [Makefile:238: all] Error 2
22:00:55 **** Incremental Build of configuration Default for project sample1 ****
make all 
make: Nothing to be done for 'all'.
22:00:56 **** Incremental Build of configuration Default for project ca9_1 ****
make all 
cmd.exe /C copy ..\sample1\fmp.elf .
        1 個のファイルをコピーしました。
22:07:19 **** Incremental Build of configuration Default for project tExc08 ****
make all 
make[1]: Entering directory 'D:/fmp3_zybo_z7_gcc+tecs/target/zybo_z7_gcc/xilinx_sdk/tExc08'
make[1]: 'kernel_cfg.h' is up to date.
make[1]: 'offset.h' is up to date.
ruby ../../../../cfg/cfg.rb --pass 3 --kernel fmp -O -I. -I../../../../include  -I../../../../target/zybo_z7_gcc -I../../../../arch/arm_gcc/zynq7000 -I../../../../arch/arm_gcc/common -I../../../../arch/gcc -I../../../.. -I../../../../sample -I./gen -I../../../../tecs_kernel -I../../../../tecsgen/tecs -I../../../../tecsgen/tecs/rpc -T ../../../../target/zybo_z7_gcc/target_check.trb \
			--rom-symbol fmp.syms --rom-image fmp.srec
make[1]: Leaving directory 'D:/fmp3_zybo_z7_gcc+tecs/target/zybo_z7_gcc/xilinx_sdk/tExc08'
process_begin: CreateProcess(NULL, ruby ../../../../cfg/cfg.rb --pass 3 --kernel fmp -O -I. -I../../../../include -I../../../../target/zybo_z7_gcc -I../../../../arch/arm_gcc/zynq7000 -I../../../../arch/arm_gcc/common -I../../../../arch/gcc -I../../../.. -I../../../../sample -I./gen -I../../../../tecs_kernel -I../../../../tecsgen/tecs -I../../../../tecsgen/tecs/rpc -T ../../../../target/zybo_z7_gcc/target_check.trb --rom-symbol fmp.syms --rom-image fmp.srec, ...) failed.
make (e=2): 指定されたファイルが見つかりません。

make[1]: *** [Makefile:471: check.timestamp] Error 2
make: *** [Makefile:238: all] Error 2
22:07:21 **** Incremental Build of configuration Default for project sample1 ****
make all 
make: Nothing to be done for 'all'.
22:07:21 **** Incremental Build of configuration Default for project ca9_1 ****
make all 
cmd.exe /C copy ..\sample1\fmp.elf .
        1 個のファイルをコピーしました。
22:08:08 **** Incremental Build of configuration Default for project tExc08 ****
make all 
make[1]: Entering directory 'D:/fmp3_zybo_z7_gcc+tecs/target/zybo_z7_gcc/xilinx_sdk/tExc08'
make[1]: 'kernel_cfg.h' is up to date.
make[1]: 'offset.h' is up to date.
arm-none-eabi-gcc -c -o objs/tExc08.o -MD -MP -MF objs/tExc08.d -O2 -Wall -g   -mlittle-endian -mcpu=cortex-a9  -DUSE_BYPASS_IPI_DISPATCH_HANDER -D__TARGET_ARCH_ARM=7  -I. -I../../../../include  -I../../../../target/zybo_z7_gcc -I../../../../arch/arm_gcc/zynq7000 -I../../../../arch/arm_gcc/common -I../../../../arch/gcc -I../../../.. -I../../../../sample -I./gen -I../../../../tecs_kernel -I../../../../tecsgen/tecs -I../../../../tecsgen/tecs/rpc  ../../../../sample/tExc08.c
arm-none-eabi-gcc -O2 -Wall -g   -mlittle-endian -mcpu=cortex-a9  -DUSE_BYPASS_IPI_DISPATCH_HANDER -D__TARGET_ARCH_ARM=7  -I. -I../../../../include  -I../../../../target/zybo_z7_gcc -I../../../../arch/arm_gcc/zynq7000 -I../../../../arch/arm_gcc/common -I../../../../arch/gcc -I../../../.. -I../../../../sample -I./gen -I../../../../tecs_kernel -I../../../../tecsgen/tecs -I../../../../tecsgen/tecs/rpc -L objs -nostdlib  -mlittle-endian -mcpu=cortex-a9 -mfpu=vfpv3-d16   -Wl,-T,../../../../target/zybo_z7_gcc/zybo_z7.ld  -L. -o fmp.elf \
		objs/start.o  objs/log_output.o objs/vasyslog.o objs/t_perror.o objs/strerror.o   objs/tKernel_tecsgen.o objs/tTask_tecsgen.o objs/tSemaphore_tecsgen.o objs/tEventflag_tecsgen.o objs/tDataqueue_tecsgen.o objs/tTimeEventHandler_tecsgen.o objs/tCyclicNotifier_tecsgen.o objs/tAlarmNotifier_tecsgen.o objs/tTDR_tecsgen.o objs/tRPCDedicatedTaskMain_tecsgen.o objs/tDataqueueAdaptor_tecsgen.o objs/tExc08_tecsgen.o objs/tTask_rProcessor1Migratable_tecsgen.o objs/tSemaphore_rProcessor1Migratable_tecsgen.o objs/tEventflag_rProcessor1Migratable_tecsgen.o objs/tDataqueue_rProcessor1Migratable_tecsgen.o objs/tTimeEventHandler_rProcessor1Migratable_tecsgen.o objs/tCyclicNotifier_rProcessor1Migratable_tecsgen.o objs/tAlarmNotifier_rProcessor1Migratable_tecsgen.o objs/tInterruptRequest_rProcessor1Migratable_tecsgen.o objs/tISR_rProcessor1Migratable_tecsgen.o objs/tInitializeRoutine_rProcessor1Migratable_tecsgen.o objs/tTerminateRoutine_rProcessor1Migratable_tecsgen.o objs/tSerialPortMain_rProcessor1Migratable_tecsgen.o objs/tSerialAdapter_rProcessor1Migratable_tecsgen.o objs/tSysLog_rProcessor1Migratable_tecsgen.o objs/tSysLogAdapter_rProcessor1Migratable_tecsgen.o objs/tLogTaskMain_rProcessor1Migratable_tecsgen.o objs/tBannerMain_rProcessor1Migratable_tecsgen.o objs/tPutLogZyboZ7_rProcessor1Migratable_tecsgen.o objs/tXUartPs_rProcessor1Migratable_tecsgen.o objs/tSIOPortZyboZ7Main_rProcessor1Migratable_tecsgen.o objs/tTDR_rProcessor1Migratable_tecsgen.o objs/tRPCDedicatedTaskMain_rProcessor1Migratable_tecsgen.o objs/tDataqueueAdaptor_rProcessor1Migratable_tecsgen.o objs/tExc08_rProcessor1Migratable_tecsgen.o objs/tTask_rProcessor2Symmetric_tecsgen.o objs/tSemaphore_rProcessor2Symmetric_tecsgen.o objs/tEventflag_rProcessor2Symmetric_tecsgen.o objs/tDataqueue_rProcessor2Symmetric_tecsgen.o objs/tTimeEventHandler_rProcessor2Symmetric_tecsgen.o objs/tCyclicNotifier_rProcessor2Symmetric_tecsgen.o objs/tAlarmNotifier_rProcessor2Symmetric_tecsgen.o objs/tTDR_rProcessor2Symmetric_tecsgen.o objs/tRPCDedicatedTaskMain_rProcessor2Symmetric_tecsgen.o objs/tDataqueueAdaptor_rProcessor2Symmetric_tecsgen.o objs/tExc08_rProcessor2Symmetric_tecsgen.o objs/tMarshaler_sService_tecsgen.o objs/tUnmarshaler_sService_tecsgen.o objs/tMarshaler_sService.o objs/tUnmarshaler_sService.o objs/tMarshaler_sService_rProcessor1Migratable_tecsgen.o objs/tUnmarshaler_sService_rProcessor1Migratable_tecsgen.o objs/tMarshaler_sService_rProcessor2Symmetric_tecsgen.o objs/tUnmarshaler_sService_rProcessor2Symmetric_tecsgen.o objs/tTask.o objs/tTimeEventHandler.o objs/tCyclicNotifier.o objs/tAlarmNotifier.o objs/tRPCDedicatedTaskMain.o objs/tExc08.o objs/tInterruptRequest.o objs/tISR.o objs/tInitializeRoutine.o objs/tTerminateRoutine.o objs/tSerialPortMain.o objs/tSerialAdapter.o objs/tSysLog.o objs/tSysLogAdapter.o objs/tLogTaskMain.o objs/tBannerMain.o objs/tPutLogZyboZ7.o objs/tXUartPs.o objs/init_tecs.o  objs/kernel_cfg.o \
		-lkernel -lc -lgcc  
c:/program files (x86)/gnu tools arm embedded/5.4 2016q3/bin/../lib/gcc/arm-none-eabi/5.4.1/../../../../arm-none-eabi/bin/ld.exe: warning: section `.bss' type changed to PROGBITS
arm-none-eabi-nm -n fmp.elf > fmp.syms
arm-none-eabi-objcopy -O srec -S fmp.elf fmp.srec
ruby ../../../../cfg/cfg.rb --pass 3 --kernel fmp -O -I. -I../../../../include  -I../../../../target/zybo_z7_gcc -I../../../../arch/arm_gcc/zynq7000 -I../../../../arch/arm_gcc/common -I../../../../arch/gcc -I../../../.. -I../../../../sample -I./gen -I../../../../tecs_kernel -I../../../../tecsgen/tecs -I../../../../tecsgen/tecs/rpc -T ../../../../target/zybo_z7_gcc/target_check.trb \
			--rom-symbol fmp.syms --rom-image fmp.srec
process_begin: CreateProcess(NULL, ruby ../../../../cfg/cfg.rb --pass 3 --kernel fmp -O -I. -I../../../../include -I../../../../target/zybo_z7_gcc -I../../../../arch/arm_gcc/zynq7000 -I../../../../arch/arm_gcc/common -I../../../../arch/gcc -I../../../.. -I../../../../sample -I./gen -I../../../../tecs_kernel -I../../../../tecsgen/tecs -I../../../../tecsgen/tecs/rpc -T ../../../../target/zybo_z7_gcc/target_check.trb --rom-symbol fmp.syms --rom-image fmp.srec, ...) failed.
make (e=2): 指定されたファイルが見つかりません。
make[1]: Leaving directory 'D:/fmp3_zybo_z7_gcc+tecs/target/zybo_z7_gcc/xilinx_sdk/tExc08'

make[1]: *** [Makefile:471: check.timestamp] Error 2
make: *** [Makefile:238: all] Error 2
22:08:11 **** Incremental Build of configuration Default for project sample1 ****
make all 
make: Nothing to be done for 'all'.
22:08:11 **** Incremental Build of configuration Default for project ca9_1 ****
make all 
cmd.exe /C copy ..\sample1\fmp.elf .
        1 個のファイルをコピーしました。
22:08:47 **** Incremental Build of configuration Default for project tExc08 ****
make all 
make[1]: Entering directory 'D:/fmp3_zybo_z7_gcc+tecs/target/zybo_z7_gcc/xilinx_sdk/tExc08'
make[1]: 'kernel_cfg.h' is up to date.
make[1]: 'offset.h' is up to date.
arm-none-eabi-gcc -c -o objs/tExc08.o -MD -MP -MF objs/tExc08.d -O2 -Wall -g   -mlittle-endian -mcpu=cortex-a9  -DUSE_BYPASS_IPI_DISPATCH_HANDER -D__TARGET_ARCH_ARM=7  -I. -I../../../../include  -I../../../../target/zybo_z7_gcc -I../../../../arch/arm_gcc/zynq7000 -I../../../../arch/arm_gcc/common -I../../../../arch/gcc -I../../../.. -I../../../../sample -I./gen -I../../../../tecs_kernel -I../../../../tecsgen/tecs -I../../../../tecsgen/tecs/rpc  ../../../../sample/tExc08.c
arm-none-eabi-gcc -O2 -Wall -g   -mlittle-endian -mcpu=cortex-a9  -DUSE_BYPASS_IPI_DISPATCH_HANDER -D__TARGET_ARCH_ARM=7  -I. -I../../../../include  -I../../../../target/zybo_z7_gcc -I../../../../arch/arm_gcc/zynq7000 -I../../../../arch/arm_gcc/common -I../../../../arch/gcc -I../../../.. -I../../../../sample -I./gen -I../../../../tecs_kernel -I../../../../tecsgen/tecs -I../../../../tecsgen/tecs/rpc -L objs -nostdlib  -mlittle-endian -mcpu=cortex-a9 -mfpu=vfpv3-d16   -Wl,-T,../../../../target/zybo_z7_gcc/zybo_z7.ld  -L. -o fmp.elf \
		objs/start.o  objs/log_output.o objs/vasyslog.o objs/t_perror.o objs/strerror.o   objs/tKernel_tecsgen.o objs/tTask_tecsgen.o objs/tSemaphore_tecsgen.o objs/tEventflag_tecsgen.o objs/tDataqueue_tecsgen.o objs/tTimeEventHandler_tecsgen.o objs/tCyclicNotifier_tecsgen.o objs/tAlarmNotifier_tecsgen.o objs/tTDR_tecsgen.o objs/tRPCDedicatedTaskMain_tecsgen.o objs/tDataqueueAdaptor_tecsgen.o objs/tExc08_tecsgen.o objs/tTask_rProcessor1Migratable_tecsgen.o objs/tSemaphore_rProcessor1Migratable_tecsgen.o objs/tEventflag_rProcessor1Migratable_tecsgen.o objs/tDataqueue_rProcessor1Migratable_tecsgen.o objs/tTimeEventHandler_rProcessor1Migratable_tecsgen.o objs/tCyclicNotifier_rProcessor1Migratable_tecsgen.o objs/tAlarmNotifier_rProcessor1Migratable_tecsgen.o objs/tInterruptRequest_rProcessor1Migratable_tecsgen.o objs/tISR_rProcessor1Migratable_tecsgen.o objs/tInitializeRoutine_rProcessor1Migratable_tecsgen.o objs/tTerminateRoutine_rProcessor1Migratable_tecsgen.o objs/tSerialPortMain_rProcessor1Migratable_tecsgen.o objs/tSerialAdapter_rProcessor1Migratable_tecsgen.o objs/tSysLog_rProcessor1Migratable_tecsgen.o objs/tSysLogAdapter_rProcessor1Migratable_tecsgen.o objs/tLogTaskMain_rProcessor1Migratable_tecsgen.o objs/tBannerMain_rProcessor1Migratable_tecsgen.o objs/tPutLogZyboZ7_rProcessor1Migratable_tecsgen.o objs/tXUartPs_rProcessor1Migratable_tecsgen.o objs/tSIOPortZyboZ7Main_rProcessor1Migratable_tecsgen.o objs/tTDR_rProcessor1Migratable_tecsgen.o objs/tRPCDedicatedTaskMain_rProcessor1Migratable_tecsgen.o objs/tDataqueueAdaptor_rProcessor1Migratable_tecsgen.o objs/tExc08_rProcessor1Migratable_tecsgen.o objs/tTask_rProcessor2Symmetric_tecsgen.o objs/tSemaphore_rProcessor2Symmetric_tecsgen.o objs/tEventflag_rProcessor2Symmetric_tecsgen.o objs/tDataqueue_rProcessor2Symmetric_tecsgen.o objs/tTimeEventHandler_rProcessor2Symmetric_tecsgen.o objs/tCyclicNotifier_rProcessor2Symmetric_tecsgen.o objs/tAlarmNotifier_rProcessor2Symmetric_tecsgen.o objs/tTDR_rProcessor2Symmetric_tecsgen.o objs/tRPCDedicatedTaskMain_rProcessor2Symmetric_tecsgen.o objs/tDataqueueAdaptor_rProcessor2Symmetric_tecsgen.o objs/tExc08_rProcessor2Symmetric_tecsgen.o objs/tMarshaler_sService_tecsgen.o objs/tUnmarshaler_sService_tecsgen.o objs/tMarshaler_sService.o objs/tUnmarshaler_sService.o objs/tMarshaler_sService_rProcessor1Migratable_tecsgen.o objs/tUnmarshaler_sService_rProcessor1Migratable_tecsgen.o objs/tMarshaler_sService_rProcessor2Symmetric_tecsgen.o objs/tUnmarshaler_sService_rProcessor2Symmetric_tecsgen.o objs/tTask.o objs/tTimeEventHandler.o objs/tCyclicNotifier.o objs/tAlarmNotifier.o objs/tRPCDedicatedTaskMain.o objs/tExc08.o objs/tInterruptRequest.o objs/tISR.o objs/tInitializeRoutine.o objs/tTerminateRoutine.o objs/tSerialPortMain.o objs/tSerialAdapter.o objs/tSysLog.o objs/tSysLogAdapter.o objs/tLogTaskMain.o objs/tBannerMain.o objs/tPutLogZyboZ7.o objs/tXUartPs.o objs/init_tecs.o  objs/kernel_cfg.o \
		-lkernel -lc -lgcc  
c:/program files (x86)/gnu tools arm embedded/5.4 2016q3/bin/../lib/gcc/arm-none-eabi/5.4.1/../../../../arm-none-eabi/bin/ld.exe: warning: section `.bss' type changed to PROGBITS
arm-none-eabi-nm -n fmp.elf > fmp.syms
arm-none-eabi-objcopy -O srec -S fmp.elf fmp.srec
ruby ../../../../cfg/cfg.rb --pass 3 --kernel fmp -O -I. -I../../../../include  -I../../../../target/zybo_z7_gcc -I../../../../arch/arm_gcc/zynq7000 -I../../../../arch/arm_gcc/common -I../../../../arch/gcc -I../../../.. -I../../../../sample -I./gen -I../../../../tecs_kernel -I../../../../tecsgen/tecs -I../../../../tecsgen/tecs/rpc -T ../../../../target/zybo_z7_gcc/target_check.trb \
			--rom-symbol fmp.syms --rom-image fmp.srec
process_begin: CreateProcess(NULL, ruby ../../../../cfg/cfg.rb --pass 3 --kernel fmp -O -I. -I../../../../include -I../../../../target/zybo_z7_gcc -I../../../../arch/arm_gcc/zynq7000 -I../../../../arch/arm_gcc/common -I../../../../arch/gcc -I../../../.. -I../../../../sample -I./gen -I../../../../tecs_kernel -I../../../../tecsgen/tecs -I../../../../tecsgen/tecs/rpc -T ../../../../target/zybo_z7_gcc/target_check.trb --rom-symbol fmp.syms --rom-image fmp.srec, ...) failed.
make[1]: Leaving directory 'D:/fmp3_zybo_z7_gcc+tecs/target/zybo_z7_gcc/xilinx_sdk/tExc08'
make (e=2): 指定されたファイルが見つかりません。

make[1]: *** [Makefile:471: check.timestamp] Error 2
make: *** [Makefile:238: all] Error 2
22:08:49 **** Incremental Build of configuration Default for project sample1 ****
make all 
make: Nothing to be done for 'all'.
22:08:50 **** Incremental Build of configuration Default for project ca9_1 ****
make all 
cmd.exe /C copy ..\sample1\fmp.elf .
        1 個のファイルをコピーしました。
22:11:28 **** Incremental Build of configuration Default for project sample1 ****
make all 
make: Nothing to be done for 'all'.
22:11:29 **** Incremental Build of configuration Default for project ca9_1 ****
make all 
cmd.exe /C copy ..\sample1\fmp.elf .
        1 個のファイルをコピーしました。
22:11:29 **** Incremental Build of configuration Default for project exc08 ****
make all 
make: Nothing to be done for 'all'.
10:29:54 **** Incremental Build of configuration Default for project sample1 ****
make all 
make: Nothing to be done for 'all'.
10:29:55 **** Incremental Build of configuration Default for project ca9_1 ****
make all 
cmd.exe /C copy ..\sample1\fmp.elf .
        1 個のファイルをコピーしました。
10:29:56 **** Incremental Build of configuration Default for project exc08 ****
make all 
make: Nothing to be done for 'all'.
10:30:37 **** Incremental Build of configuration Default for project tExc08 ****
make all 
make[1]: Entering directory 'D:/fmp3_zybo_z7_gcc+tecs/target/zybo_z7_gcc/xilinx_sdk/tExc08'
make[1]: 'kernel_cfg.h' is up to date.
make[1]: 'offset.h' is up to date.
ruby ../../../../cfg/cfg.rb --pass 3 --kernel fmp -O -I. -I../../../../include  -I../../../../target/zybo_z7_gcc -I../../../../arch/arm_gcc/zynq7000 -I../../../../arch/arm_gcc/common -I../../../../arch/gcc -I../../../.. -I../../../../sample -I./gen -I../../../../tecs_kernel -I../../../../tecsgen/tecs -I../../../../tecsgen/tecs/rpc -T ../../../../target/zybo_z7_gcc/target_check.trb \
			--rom-symbol fmp.syms --rom-image fmp.srec
make[1]: Leaving directory 'D:/fmp3_zybo_z7_gcc+tecs/target/zybo_z7_gcc/xilinx_sdk/tExc08'
process_begin: CreateProcess(NULL, ruby ../../../../cfg/cfg.rb --pass 3 --kernel fmp -O -I. -I../../../../include -I../../../../target/zybo_z7_gcc -I../../../../arch/arm_gcc/zynq7000 -I../../../../arch/arm_gcc/common -I../../../../arch/gcc -I../../../.. -I../../../../sample -I./gen -I../../../../tecs_kernel -I../../../../tecsgen/tecs -I../../../../tecsgen/tecs/rpc -T ../../../../target/zybo_z7_gcc/target_check.trb --rom-symbol fmp.syms --rom-image fmp.srec, ...) failed.
make (e=2): 指定されたファイルが見つかりません。

make[1]: *** [Makefile:471: check.timestamp] Error 2
make: *** [Makefile:238: all] Error 2
10:30:39 **** Incremental Build of configuration Default for project sample1 ****
make all 
make: Nothing to be done for 'all'.
10:30:40 **** Incremental Build of configuration Default for project ca9_1 ****
make all 
cmd.exe /C copy ..\sample1\fmp.elf .
        1 個のファイルをコピーしました。
10:31:15 **** Incremental Build of configuration Default for project tExc08 ****
make all 
make[1]: Entering directory 'D:/fmp3_zybo_z7_gcc+tecs/target/zybo_z7_gcc/xilinx_sdk/tExc08'
make[1]: 'kernel_cfg.h' is up to date.
make[1]: 'offset.h' is up to date.
ruby ../../../../cfg/cfg.rb --pass 3 --kernel fmp -O -I. -I../../../../include  -I../../../../target/zybo_z7_gcc -I../../../../arch/arm_gcc/zynq7000 -I../../../../arch/arm_gcc/common -I../../../../arch/gcc -I../../../.. -I../../../../sample -I./gen -I../../../../tecs_kernel -I../../../../tecsgen/tecs -I../../../../tecsgen/tecs/rpc -T ../../../../target/zybo_z7_gcc/target_check.trb \
			--rom-symbol fmp.syms --rom-image fmp.srec
make[1]: Leaving directory 'D:/fmp3_zybo_z7_gcc+tecs/target/zybo_z7_gcc/xilinx_sdk/tExc08'
process_begin: CreateProcess(NULL, ruby ../../../../cfg/cfg.rb --pass 3 --kernel fmp -O -I. -I../../../../include -I../../../../target/zybo_z7_gcc -I../../../../arch/arm_gcc/zynq7000 -I../../../../arch/arm_gcc/common -I../../../../arch/gcc -I../../../.. -I../../../../sample -I./gen -I../../../../tecs_kernel -I../../../../tecsgen/tecs -I../../../../tecsgen/tecs/rpc -T ../../../../target/zybo_z7_gcc/target_check.trb --rom-symbol fmp.syms --rom-image fmp.srec, ...) failed.
make (e=2): 指定されたファイルが見つかりません。

make[1]: *** [Makefile:471: check.timestamp] Error 2
make: *** [Makefile:238: all] Error 2
10:31:17 **** Incremental Build of configuration Default for project sample1 ****
make all 
make: Nothing to be done for 'all'.
10:31:17 **** Incremental Build of configuration Default for project ca9_1 ****
make all 
cmd.exe /C copy ..\sample1\fmp.elf .
        1 個のファイルをコピーしました。
10:31:58 **** Incremental Build of configuration Default for project sample1 ****
make all 
make: Nothing to be done for 'all'.
10:31:58 **** Incremental Build of configuration Default for project ca9_1 ****
make all 
cmd.exe /C copy ..\sample1\fmp.elf .
        1 個のファイルをコピーしました。
10:31:58 **** Incremental Build of configuration Default for project exc08 ****
make all 
make: Nothing to be done for 'all'.
10:12:00 **** Incremental Build of configuration Default for project tExc08 ****
make all 
make[1]: Entering directory 'D:/fmp3_zybo_z7_gcc+tecs/target/zybo_z7_gcc/xilinx_sdk/tExc08'
make[1]: 'kernel_cfg.h' is up to date.
make[1]: 'offset.h' is up to date.
ruby ../../../../cfg/cfg.rb --pass 3 --kernel fmp -O -I. -I../../../../include  -I../../../../target/zybo_z7_gcc -I../../../../arch/arm_gcc/zynq7000 -I../../../../arch/arm_gcc/common -I../../../../arch/gcc -I../../../.. -I../../../../sample -I./gen -I../../../../tecs_kernel -I../../../../tecsgen/tecs -I../../../../tecsgen/tecs/rpc -T ../../../../target/zybo_z7_gcc/target_check.trb \
			--rom-symbol fmp.syms --rom-image fmp.srec
process_begin: CreateProcess(NULL, ruby ../../../../cfg/cfg.rb --pass 3 --kernel fmp -O -I. -I../../../../include -I../../../../target/zybo_z7_gcc -I../../../../arch/arm_gcc/zynq7000 -I../../../../arch/arm_gcc/common -I../../../../arch/gcc -I../../../.. -I../../../../sample -I./gen -I../../../../tecs_kernel -I../../../../tecsgen/tecs -I../../../../tecsgen/tecs/rpc -T ../../../../target/zybo_z7_gcc/target_check.trb --rom-symbol fmp.syms --rom-image fmp.srec, ...) failed.
make (e=2): 指定されたファイルが見つかりません。
make[1]: Leaving directory 'D:/fmp3_zybo_z7_gcc+tecs/target/zybo_z7_gcc/xilinx_sdk/tExc08'

make[1]: *** [Makefile:471: check.timestamp] Error 2
make: *** [Makefile:238: all] Error 2
10:12:04 **** Incremental Build of configuration Default for project sample1 ****
make all 
make: Nothing to be done for 'all'.
10:12:05 **** Incremental Build of configuration Default for project ca9_1 ****
make all 
cmd.exe /C copy ..\sample1\fmp.elf .
        1 個のファイルをコピーしました。
10:13:20 **** Incremental Build of configuration Default for project tExc08 ****
make all 
make[1]: Entering directory 'D:/fmp3_zybo_z7_gcc+tecs/target/zybo_z7_gcc/xilinx_sdk/tExc08'
make[1]: 'kernel_cfg.h' is up to date.
make[1]: 'offset.h' is up to date.
ruby ../../../../cfg/cfg.rb --pass 3 --kernel fmp -O -I. -I../../../../include  -I../../../../target/zybo_z7_gcc -I../../../../arch/arm_gcc/zynq7000 -I../../../../arch/arm_gcc/common -I../../../../arch/gcc -I../../../.. -I../../../../sample -I./gen -I../../../../tecs_kernel -I../../../../tecsgen/tecs -I../../../../tecsgen/tecs/rpc -T ../../../../target/zybo_z7_gcc/target_check.trb \
			--rom-symbol fmp.syms --rom-image fmp.srec
make[1]: Leaving directory 'D:/fmp3_zybo_z7_gcc+tecs/target/zybo_z7_gcc/xilinx_sdk/tExc08'
process_begin: CreateProcess(NULL, ruby ../../../../cfg/cfg.rb --pass 3 --kernel fmp -O -I. -I../../../../include -I../../../../target/zybo_z7_gcc -I../../../../arch/arm_gcc/zynq7000 -I../../../../arch/arm_gcc/common -I../../../../arch/gcc -I../../../.. -I../../../../sample -I./gen -I../../../../tecs_kernel -I../../../../tecsgen/tecs -I../../../../tecsgen/tecs/rpc -T ../../../../target/zybo_z7_gcc/target_check.trb --rom-symbol fmp.syms --rom-image fmp.srec, ...) failed.
make (e=2): 指定されたファイルが見つかりません。

make[1]: *** [Makefile:471: check.timestamp] Error 2
make: *** [Makefile:238: all] Error 2
10:13:23 **** Incremental Build of configuration Default for project sample1 ****
make all 
make: Nothing to be done for 'all'.
10:13:23 **** Incremental Build of configuration Default for project ca9_1 ****
make all 
cmd.exe /C copy ..\sample1\fmp.elf .
        1 個のファイルをコピーしました。
10:15:03 **** Incremental Build of configuration Default for project tExc08 ****
make all 
make[1]: Entering directory 'D:/fmp3_zybo_z7_gcc+tecs/target/zybo_z7_gcc/xilinx_sdk/tExc08'
make[1]: 'kernel_cfg.h' is up to date.
make[1]: 'offset.h' is up to date.
ruby ../../../../cfg/cfg.rb --pass 3 --kernel fmp -O -I. -I../../../../include  -I../../../../target/zybo_z7_gcc -I../../../../arch/arm_gcc/zynq7000 -I../../../../arch/arm_gcc/common -I../../../../arch/gcc -I../../../.. -I../../../../sample -I./gen -I../../../../tecs_kernel -I../../../../tecsgen/tecs -I../../../../tecsgen/tecs/rpc -T ../../../../target/zybo_z7_gcc/target_check.trb \
			--rom-symbol fmp.syms --rom-image fmp.srec
make[1]: Leaving directory 'D:/fmp3_zybo_z7_gcc+tecs/target/zybo_z7_gcc/xilinx_sdk/tExc08'
process_begin: CreateProcess(NULL, ruby ../../../../cfg/cfg.rb --pass 3 --kernel fmp -O -I. -I../../../../include -I../../../../target/zybo_z7_gcc -I../../../../arch/arm_gcc/zynq7000 -I../../../../arch/arm_gcc/common -I../../../../arch/gcc -I../../../.. -I../../../../sample -I./gen -I../../../../tecs_kernel -I../../../../tecsgen/tecs -I../../../../tecsgen/tecs/rpc -T ../../../../target/zybo_z7_gcc/target_check.trb --rom-symbol fmp.syms --rom-image fmp.srec, ...) failed.
make (e=2): 指定されたファイルが見つかりません。

make[1]: *** [Makefile:471: check.timestamp] Error 2
make: *** [Makefile:238: all] Error 2
10:15:07 **** Incremental Build of configuration Default for project sample1 ****
make all 
make: Nothing to be done for 'all'.
10:15:07 **** Incremental Build of configuration Default for project ca9_1 ****
make all 
cmd.exe /C copy ..\sample1\fmp.elf .
        1 個のファイルをコピーしました。
00:51:18 **** Build of project ca9_0_bsp ****
make -k all 
'Finished building libraries'
00:51:21 **** Build of project ca9_1_bsp ****
make -k all 
'Finished building libraries'
00:56:49 **** Build of configuration Default for project tExc08 ****
make all 
make[1]: Entering directory 'D:/fmp3_zybo_z7_gcc+tecs/target/zybo_z7_gcc/xilinx_sdk/tExc08'
make[1]: 'kernel_cfg.h' is up to date.
make[1]: 'offset.h' is up to date.
ruby ../../../../cfg/cfg.rb --pass 3 --kernel fmp -O -I. -I../../../../include  -I../../../../target/zybo_z7_gcc -I../../../../arch/arm_gcc/zynq7000 -I../../../../arch/arm_gcc/common -I../../../../arch/gcc -I../../../.. -I../../../../sample -I./gen -I../../../../tecs_kernel -I../../../../tecsgen/tecs -I../../../../tecsgen/tecs/rpc -T ../../../../target/zybo_z7_gcc/target_check.trb \
			--rom-symbol fmp.syms --rom-image fmp.srec
make[1]: Leaving directory 'D:/fmp3_zybo_z7_gcc+tecs/target/zybo_z7_gcc/xilinx_sdk/tExc08'
process_begin: CreateProcess(NULL, ruby ../../../../cfg/cfg.rb --pass 3 --kernel fmp -O -I. -I../../../../include -I../../../../target/zybo_z7_gcc -I../../../../arch/arm_gcc/zynq7000 -I../../../../arch/arm_gcc/common -I../../../../arch/gcc -I../../../.. -I../../../../sample -I./gen -I../../../../tecs_kernel -I../../../../tecsgen/tecs -I../../../../tecsgen/tecs/rpc -T ../../../../target/zybo_z7_gcc/target_check.trb --rom-symbol fmp.syms --rom-image fmp.srec, ...) failed.
make (e=2): 指定されたファイルが見つかりません。

make[1]: *** [Makefile:471: check.timestamp] Error 2
make: *** [Makefile:238: all] Error 2
00:56:52 **** Build of configuration Default for project sample1 ****
make all 
make: Nothing to be done for 'all'.
00:56:53 **** Build of configuration Default for project ca9_1 ****
make all 
cmd.exe /C copy ..\sample1\fmp.elf .
        1 個のファイルをコピーしました。
00:57:38 **** Incremental Build of configuration Default for project tExc08 ****
make all 
make[1]: Entering directory 'D:/fmp3_zybo_z7_gcc+tecs/target/zybo_z7_gcc/xilinx_sdk/tExc08'
make[1]: 'kernel_cfg.h' is up to date.
make[1]: 'offset.h' is up to date.
ruby ../../../../cfg/cfg.rb --pass 3 --kernel fmp -O -I. -I../../../../include  -I../../../../target/zybo_z7_gcc -I../../../../arch/arm_gcc/zynq7000 -I../../../../arch/arm_gcc/common -I../../../../arch/gcc -I../../../.. -I../../../../sample -I./gen -I../../../../tecs_kernel -I../../../../tecsgen/tecs -I../../../../tecsgen/tecs/rpc -T ../../../../target/zybo_z7_gcc/target_check.trb \
			--rom-symbol fmp.syms --rom-image fmp.srec
make[1]: Leaving directory 'D:/fmp3_zybo_z7_gcc+tecs/target/zybo_z7_gcc/xilinx_sdk/tExc08'
process_begin: CreateProcess(NULL, ruby ../../../../cfg/cfg.rb --pass 3 --kernel fmp -O -I. -I../../../../include -I../../../../target/zybo_z7_gcc -I../../../../arch/arm_gcc/zynq7000 -I../../../../arch/arm_gcc/common -I../../../../arch/gcc -I../../../.. -I../../../../sample -I./gen -I../../../../tecs_kernel -I../../../../tecsgen/tecs -I../../../../tecsgen/tecs/rpc -T ../../../../target/zybo_z7_gcc/target_check.trb --rom-symbol fmp.syms --rom-image fmp.srec, ...) failed.
make (e=2): 指定されたファイルが見つかりません。

make[1]: *** [Makefile:471: check.timestamp] Error 2
make: *** [Makefile:238: all] Error 2
00:57:40 **** Incremental Build of configuration Default for project sample1 ****
make all 
make: Nothing to be done for 'all'.
00:57:40 **** Incremental Build of configuration Default for project ca9_1 ****
make all 
cmd.exe /C copy ..\sample1\fmp.elf .
        1 個のファイルをコピーしました。
00:58:19 **** Build of configuration Default for project tSample2 ****
make all 
make[1]: Entering directory 'D:/fmp3_zybo_z7_gcc+tecs/target/zybo_z7_gcc/xilinx_sdk/tSample2'
make[1]: 'kernel_cfg.h' is up to date.
make[1]: 'offset.h' is up to date.
ruby ../../../../cfg/cfg.rb --pass 3 --kernel fmp -O -I. -I../../../../include  -I../../../../target/zybo_z7_gcc -I../../../../arch/arm_gcc/zynq7000 -I../../../../arch/arm_gcc/common -I../../../../arch/gcc -I../../../..  -I../../../../sample  -I./gen  -I../../../../tecs_kernel -I../../../../tecsgen/tecs -I../../../../tecsgen/tecs/rpc -T ../../../../target/zybo_z7_gcc/target_check.trb \
			--rom-symbol fmp.syms --rom-image fmp.srec
make[1]: Leaving directory 'D:/fmp3_zybo_z7_gcc+tecs/target/zybo_z7_gcc/xilinx_sdk/tSample2'
process_begin: CreateProcess(NULL, ruby ../../../../cfg/cfg.rb --pass 3 --kernel fmp -O -I. -I../../../../include -I../../../../target/zybo_z7_gcc -I../../../../arch/arm_gcc/zynq7000 -I../../../../arch/arm_gcc/common -I../../../../arch/gcc -I../../../.. -I../../../../sample -I./gen -I../../../../tecs_kernel -I../../../../tecsgen/tecs -I../../../../tecsgen/tecs/rpc -T ../../../../target/zybo_z7_gcc/target_check.trb --rom-symbol fmp.syms --rom-image fmp.srec, ...) failed.
make (e=2): 指定されたファイルが見つかりません。

make[1]: *** [Makefile:474: check.timestamp] Error 2
make: *** [Makefile:241: all] Error 2
00:58:22 **** Incremental Build of configuration Default for project sample1 ****
make all 
make: Nothing to be done for 'all'.
00:58:23 **** Incremental Build of configuration Default for project ca9_1 ****
make all 
cmd.exe /C copy ..\sample1\fmp.elf .
        1 個のファイルをコピーしました。
01:00:03 **** Incremental Build of configuration Default for project sample1 ****
make all 
make: Nothing to be done for 'all'.
01:00:03 **** Incremental Build of configuration Default for project ca9_1 ****
make all 
cmd.exe /C copy ..\sample1\fmp.elf .
        1 個のファイルをコピーしました。
01:00:03 **** Build of configuration Default for project exc08 ****
make all 
make: Nothing to be done for 'all'.
