16:21:53 **** Incremental Build of configuration Default for project tExc01 ****
make all 
make[1]: Entering directory 'D:/fmp3_zybo_z7_gcc+tecs/target/zybo_z7_gcc/xilinx_sdk/tExc01'
make[1]: 'kernel_cfg.h' is up to date.
make[1]: 'offset.h' is up to date.
ruby ../../../../cfg/cfg.rb --pass 3 --kernel fmp -O -I. -I../../../../include  -I../../../../target/zybo_z7_gcc -I../../../../arch/arm_gcc/zynq7000 -I../../../../arch/arm_gcc/common -I../../../../arch/gcc -I../../../.. -I../../../../sample -I./gen -I../../../../tecs_kernel -I../../../../tecsgen/tecs -I../../../../tecsgen/tecs/rpc -T ../../../../target/zybo_z7_gcc/target_check.trb \
			--rom-symbol fmp.syms --rom-image fmp.srec
process_begin: CreateProcess(NULL, ruby ../../../../cfg/cfg.rb --pass 3 --kernel fmp -O -I. -I../../../../include -I../../../../target/zybo_z7_gcc -I../../../../arch/arm_gcc/zynq7000 -I../../../../arch/arm_gcc/common -I../../../../arch/gcc -I../../../.. -I../../../../sample -I./gen -I../../../../tecs_kernel -I../../../../tecsgen/tecs -I../../../../tecsgen/tecs/rpc -T ../../../../target/zybo_z7_gcc/target_check.trb --rom-symbol fmp.syms --rom-image fmp.srec, ...) failed.
make (e=2): 指定されたファイルが見つかりません。
make[1]: Leaving directory 'D:/fmp3_zybo_z7_gcc+tecs/target/zybo_z7_gcc/xilinx_sdk/tExc01'

make[1]: *** [Makefile:473: check.timestamp] Error 2
make: *** [Makefile:240: all] Error 2

16:21:55 Build Finished (took 1s.302ms)

